=== GARDEN SIMULATION LOG ===
Started: 2026-02-25 13:36:40.491
============================================================

[2026-02-25 13:36:40.492] [INFO] [APPLICATION] Garden Simulation starting up...
[2026-02-25 13:36:40.496] [INFO] [GARDEN] Garden 'My Automated Garden' created: 20x20 grid
[2026-02-25 13:36:40.497] [INFO] [GARDEN] === Initializing Default Garden ===
[2026-02-25 13:36:40.502] [INFO] [PLANT] Tomato [PLANT-1] (Solanum lycopersicum) planted at (2, 3)
[2026-02-25 13:36:40.503] [INFO] [PLANT] Tomato [PLANT-2] (Solanum lycopersicum) planted at (2, 5)
[2026-02-25 13:36:40.504] [INFO] [PLANT] Tomato [PLANT-3] (Solanum lycopersicum) planted at (2, 7)
[2026-02-25 13:36:40.504] [INFO] [PLANT] Tomato [PLANT-4] (Solanum lycopersicum) planted at (3, 10)
[2026-02-25 13:36:40.504] [INFO] [PLANT] Tomato [PLANT-5] (Solanum lycopersicum) planted at (1, 15)
[2026-02-25 13:36:40.504] [INFO] [PLANT] Tomato [PLANT-6] (Solanum lycopersicum) planted at (1, 17)
[2026-02-25 13:36:40.505] [INFO] [PLANT] Tomato [PLANT-7] (Solanum lycopersicum) planted at (4, 1)
[2026-02-25 13:36:40.505] [INFO] [PLANT] Rose [PLANT-8] (Rosa) planted at (5, 2)
[2026-02-25 13:36:40.505] [INFO] [PLANT] Rose [PLANT-9] (Rosa) planted at (5, 4)
[2026-02-25 13:36:40.505] [INFO] [PLANT] Rose [PLANT-10] (Rosa) planted at (5, 6)
[2026-02-25 13:36:40.505] [INFO] [PLANT] Rose [PLANT-11] (Rosa) planted at (6, 12)
[2026-02-25 13:36:40.506] [INFO] [PLANT] Rose [PLANT-12] (Rosa) planted at (7, 14)
[2026-02-25 13:36:40.506] [INFO] [PLANT] Rose [PLANT-13] (Rosa) planted at (7, 16)
[2026-02-25 13:36:40.507] [INFO] [PLANT] Sunflower [PLANT-14] (Helianthus annuus) planted at (8, 1)
[2026-02-25 13:36:40.507] [INFO] [PLANT] Sunflower [PLANT-15] (Helianthus annuus) planted at (8, 3)
[2026-02-25 13:36:40.507] [INFO] [PLANT] Sunflower [PLANT-16] (Helianthus annuus) planted at (8, 5)
[2026-02-25 13:36:40.507] [INFO] [PLANT] Sunflower [PLANT-17] (Helianthus annuus) planted at (9, 14)
[2026-02-25 13:36:40.507] [INFO] [PLANT] Sunflower [PLANT-18] (Helianthus annuus) planted at (10, 17)
[2026-02-25 13:36:40.508] [INFO] [PLANT] Sunflower [PLANT-19] (Helianthus annuus) planted at (10, 19)
[2026-02-25 13:36:40.508] [INFO] [PLANT] Carrot [PLANT-20] (Daucus carota) planted at (11, 2)
[2026-02-25 13:36:40.508] [INFO] [PLANT] Carrot [PLANT-21] (Daucus carota) planted at (11, 4)
[2026-02-25 13:36:40.508] [INFO] [PLANT] Carrot [PLANT-22] (Daucus carota) planted at (11, 6)
[2026-02-25 13:36:40.509] [INFO] [PLANT] Carrot [PLANT-23] (Daucus carota) planted at (11, 8)
[2026-02-25 13:36:40.509] [INFO] [PLANT] Carrot [PLANT-24] (Daucus carota) planted at (15, 12)
[2026-02-25 13:36:40.509] [INFO] [PLANT] Carrot [PLANT-25] (Daucus carota) planted at (13, 10)
[2026-02-25 13:36:40.509] [INFO] [PLANT] Carrot [PLANT-26] (Daucus carota) planted at (13, 15)
[2026-02-25 13:36:40.509] [INFO] [PLANT] Lettuce [PLANT-27] (Lactuca sativa) planted at (14, 1)
[2026-02-25 13:36:40.510] [INFO] [PLANT] Lettuce [PLANT-28] (Lactuca sativa) planted at (14, 3)
[2026-02-25 13:36:40.510] [INFO] [PLANT] Lettuce [PLANT-29] (Lactuca sativa) planted at (14, 5)
[2026-02-25 13:36:40.510] [INFO] [PLANT] Lettuce [PLANT-30] (Lactuca sativa) planted at (12, 16)
[2026-02-25 13:36:40.510] [INFO] [PLANT] Lettuce [PLANT-31] (Lactuca sativa) planted at (16, 4)
[2026-02-25 13:36:40.510] [INFO] [PLANT] Lettuce [PLANT-32] (Lactuca sativa) planted at (16, 8)
[2026-02-25 13:36:40.511] [INFO] [PLANT] Cactus [PLANT-33] (Cactaceae) planted at (17, 8)
[2026-02-25 13:36:40.511] [INFO] [PLANT] Cactus [PLANT-34] (Cactaceae) planted at (17, 10)
[2026-02-25 13:36:40.511] [INFO] [PLANT] Cactus [PLANT-35] (Cactaceae) planted at (18, 14)
[2026-02-25 13:36:40.511] [INFO] [PLANT] Cactus [PLANT-36] (Cactaceae) planted at (19, 1)
[2026-02-25 13:36:40.516] [INFO] [SENSOR] Temperature Sensor [SENSOR-1] installed at (0, 0) (range: 40.0-95.0 °F)
[2026-02-25 13:36:40.516] [INFO] [SENSOR] Temperature Sensor [SENSOR-2] installed at (10, 10) (range: 40.0-95.0 °F)
[2026-02-25 13:36:40.517] [INFO] [SENSOR] Temperature Sensor [SENSOR-3] installed at (19, 19) (range: 40.0-95.0 °F)
[2026-02-25 13:36:40.517] [INFO] [SENSOR] Temperature Sensor [SENSOR-4] installed at (0, 19) (range: 40.0-95.0 °F)
[2026-02-25 13:36:40.517] [INFO] [SENSOR] Moisture Sensor [SENSOR-5] installed at (3, 3) (range: 20.0-80.0 %)
[2026-02-25 13:36:40.517] [INFO] [SENSOR] Moisture Sensor [SENSOR-6] installed at (10, 5) (range: 20.0-80.0 %)
[2026-02-25 13:36:40.517] [INFO] [SENSOR] Moisture Sensor [SENSOR-7] installed at (15, 15) (range: 20.0-80.0 %)
[2026-02-25 13:36:40.518] [INFO] [SENSOR] Moisture Sensor [SENSOR-8] installed at (7, 8) (range: 20.0-80.0 %)
[2026-02-25 13:36:40.518] [INFO] [SENSOR] Light Sensor [SENSOR-9] installed at (5, 10) (range: 20.0-90.0 lux)
[2026-02-25 13:36:40.518] [INFO] [SENSOR] Light Sensor [SENSOR-10] installed at (15, 5) (range: 20.0-90.0 lux)
[2026-02-25 13:36:40.518] [INFO] [SENSOR] Light Sensor [SENSOR-11] installed at (0, 10) (range: 20.0-90.0 lux)
[2026-02-25 13:36:40.519] [INFO] [INSECT] Bee [INSECT-1] (POLLINATOR) appeared at (4, 4)
[2026-02-25 13:36:40.520] [INFO] [INSECT] Bee [INSECT-2] (POLLINATOR) appeared at (8, 8)
[2026-02-25 13:36:40.520] [INFO] [INSECT] Bee [INSECT-3] (POLLINATOR) appeared at (6, 16)
[2026-02-25 13:36:40.520] [INFO] [INSECT] Ladybug [INSECT-4] (NEUTRAL) appeared at (6, 6)
[2026-02-25 13:36:40.520] [INFO] [INSECT] Aphid [INSECT-5] (PEST) appeared at (3, 5)
[2026-02-25 13:36:40.520] [INFO] [INSECT] Caterpillar [INSECT-6] (PEST) appeared at (11, 3)
[2026-02-25 13:36:40.522] [INFO] [WATERING] Watering System initialized.
[2026-02-25 13:36:40.523] [INFO] [WATERING] Sprinkler SPR-1 added at (3, 4) (radius: 5.5, flow: 8.0)
[2026-02-25 13:36:40.523] [INFO] [WATERING] Sprinkler SPR-2 added at (2, 16) (radius: 5.5, flow: 8.0)
[2026-02-25 13:36:40.524] [INFO] [WATERING] Sprinkler SPR-3 added at (8, 4) (radius: 5.5, flow: 8.0)
[2026-02-25 13:36:40.524] [INFO] [WATERING] Sprinkler SPR-4 added at (8, 15) (radius: 5.5, flow: 8.0)
[2026-02-25 13:36:40.524] [INFO] [WATERING] Sprinkler SPR-5 added at (13, 4) (radius: 5.5, flow: 8.0)
[2026-02-25 13:36:40.524] [INFO] [WATERING] Sprinkler SPR-6 added at (17, 9) (radius: 5.5, flow: 8.0)
[2026-02-25 13:36:40.524] [INFO] [WATERING] Sprinkler SPR-7 added at (6, 12) (radius: 5.5, flow: 8.0)
[2026-02-25 13:36:40.524] [INFO] [WATERING] Sprinkler SPR-8 added at (12, 14) (radius: 5.5, flow: 8.0)
[2026-02-25 13:36:40.525] [INFO] [WATERING] Sprinkler SPR-9 added at (16, 17) (radius: 5.5, flow: 8.0)
[2026-02-25 13:36:40.525] [INFO] [WATERING] Sprinkler SPR-10 added at (19, 3) (radius: 5.5, flow: 8.0)
[2026-02-25 13:36:40.528] [INFO] [HEATING] Heating System initialized. Target: 72.0°F, Mode: AUTO
[2026-02-25 13:36:40.528] [INFO] [HEATING] Target temperature set to 65.0°F
[2026-02-25 13:36:40.528] [INFO] [HEATING] Temperature adjust rate set to 2.0°F/tick
[2026-02-25 13:36:40.529] [INFO] [PEST_CONTROL] Pest Control initialized. Method: TARGETED, Threshold: 3 pests
[2026-02-25 13:36:40.529] [INFO] [LIGHTING] Lighting System initialized. Target light level: 60
[2026-02-25 13:36:40.530] [INFO] [GARDEN] Garden initialized: 36 plants, 6 insects, 11 sensors, 4 modules
[2026-02-25 13:36:40.530] [INFO] [GARDEN] === Garden Ready ===
[2026-02-25 13:36:40.534] [INFO] [APPLICATION] Simulation Engine initialized.
[2026-02-25 13:36:43.482] [INFO] [APPLICATION] Simulation STARTED.
[2026-02-25 13:36:43.482] [INFO] [APPLICATION] Garden Simulation started successfully.
[2026-02-25 13:36:43.537] [WARN] [SENSOR] ALERT: Light Sensor [SENSOR-9] at (5, 10) reading 4.5 lux (threshold: 20.0-90.0)
[2026-02-25 13:36:43.537] [WARN] [SENSOR] ALERT: Light Sensor [SENSOR-10] at (15, 5) reading 5.3 lux (threshold: 20.0-90.0)
[2026-02-25 13:36:43.538] [WARN] [SENSOR] ALERT: Light Sensor [SENSOR-11] at (0, 10) reading 4.8 lux (threshold: 20.0-90.0)
[2026-02-25 13:36:43.540] [INFO] [HEATING] Heater ON: Current 58.3°F → adjusting +2.0°F (target: 65.0°F)
[2026-02-25 13:36:43.540] [INFO] [LIGHTING] Grow lights ON: Natural light 5 below target 60
[2026-02-25 13:36:43.542] [INFO] [PLANT] Tomato [PLANT-2] took 0.6 pest damage (resistance: 30%). Health: 99.4%
[2026-02-25 13:36:43.542] [INFO] [PLANT] Rose [PLANT-9] took 0.6 pest damage (resistance: 20%). Health: 99.4%
[2026-02-25 13:36:43.542] [INFO] [PLANT] Rose [PLANT-10] took 0.6 pest damage (resistance: 20%). Health: 99.4%
[2026-02-25 13:36:43.542] [INFO] [PLANT] Carrot [PLANT-21] took 0.9 pest damage (resistance: 40%). Health: 99.1%
[2026-02-25 13:36:45.152] [INFO] [HEATING] Heater ON: Current 58.6°F → adjusting +2.0°F (target: 65.0°F)
[2026-02-25 13:36:45.153] [INFO] [PLANT] Tomato [PLANT-1] took 0.6 pest damage (resistance: 30%). Health: 99.4%
[2026-02-25 13:36:45.153] [INFO] [PLANT] Tomato [PLANT-2] took 0.6 pest damage (resistance: 30%). Health: 99.4%
[2026-02-25 13:36:45.153] [INFO] [PLANT] Rose [PLANT-9] took 0.6 pest damage (resistance: 20%). Health: 99.4%
[2026-02-25 13:36:45.153] [INFO] [PLANT] Carrot [PLANT-21] took 0.9 pest damage (resistance: 40%). Health: 99.1%
[2026-02-25 13:36:46.764] [INFO] [HEATING] Heater ON: Current 58.5°F → adjusting +2.0°F (target: 65.0°F)
[2026-02-25 13:36:46.765] [INFO] [PLANT] Tomato [PLANT-1] took 0.6 pest damage (resistance: 30%). Health: 99.4%
[2026-02-25 13:36:46.765] [INFO] [PLANT] Tomato [PLANT-7] took 0.6 pest damage (resistance: 30%). Health: 99.4%
[2026-02-25 13:36:46.765] [INFO] [PLANT] Rose [PLANT-8] took 0.6 pest damage (resistance: 20%). Health: 99.4%
[2026-02-25 13:36:46.766] [INFO] [PLANT] Rose [PLANT-9] took 0.6 pest damage (resistance: 20%). Health: 99.4%
[2026-02-25 13:36:46.766] [INFO] [PLANT] Lettuce [PLANT-29] took 1.3 pest damage (resistance: 15%). Health: 98.7%
[2026-02-25 13:36:48.194] [INFO] [HEATING] Heater ON: Current 57.8°F → adjusting +2.0°F (target: 65.0°F)
[2026-02-25 13:36:48.195] [INFO] [PLANT] Tomato [PLANT-1] took 0.6 pest damage (resistance: 30%). Health: 99.4%
[2026-02-25 13:36:48.195] [INFO] [PLANT] Tomato [PLANT-2] took 0.6 pest damage (resistance: 30%). Health: 99.4%
[2026-02-25 13:36:48.195] [INFO] [PLANT] Rose [PLANT-9] took 0.6 pest damage (resistance: 20%). Health: 99.4%
[2026-02-25 13:36:48.195] [INFO] [PLANT] Lettuce [PLANT-29] took 1.3 pest damage (resistance: 15%). Health: 98.7%
[2026-02-25 13:36:49.601] [INFO] [HEATING] Heater ON: Current 58.6°F → adjusting +2.0°F (target: 65.0°F)
[2026-02-25 13:36:49.601] [INFO] [PLANT] Rose [PLANT-9] took 0.6 pest damage (resistance: 20%). Health: 99.4%
[2026-02-25 13:36:49.601] [INFO] [PLANT] Lettuce [PLANT-29] took 1.3 pest damage (resistance: 15%). Health: 98.7%
[2026-02-25 13:36:51.031] [INFO] [HEATING] Heater ON: Current 57.3°F → adjusting +2.0°F (target: 65.0°F)
[2026-02-25 13:36:51.031] [INFO] [PLANT] Rose [PLANT-9] took 0.6 pest damage (resistance: 20%). Health: 99.4%
[2026-02-25 13:36:51.031] [INFO] [PLANT] Rose [PLANT-10] took 0.6 pest damage (resistance: 20%). Health: 99.4%
[2026-02-25 13:36:51.031] [INFO] [PLANT] Lettuce [PLANT-29] took 1.3 pest damage (resistance: 15%). Health: 98.7%
[2026-02-25 13:36:52.429] [INFO] [HEATING] Heater ON: Current 58.0°F → adjusting +2.0°F (target: 65.0°F)
[2026-02-25 13:36:52.429] [INFO] [PLANT] Rose [PLANT-9] took 0.6 pest damage (resistance: 20%). Health: 99.4%
[2026-02-25 13:36:52.429] [INFO] [PLANT] Rose [PLANT-10] took 0.6 pest damage (resistance: 20%). Health: 99.4%
[2026-02-25 13:36:52.429] [INFO] [PLANT] Sunflower [PLANT-16] took 0.4 pest damage (resistance: 50%). Health: 99.6%
[2026-02-25 13:36:52.429] [INFO] [PLANT] Lettuce [PLANT-29] took 1.3 pest damage (resistance: 15%). Health: 98.7%
[2026-02-25 13:36:53.804] [INFO] [HEATING] Heater ON: Current 58.2°F → adjusting +2.0°F (target: 65.0°F)
[2026-02-25 13:36:53.805] [INFO] [PLANT] Rose [PLANT-9] took 0.6 pest damage (resistance: 20%). Health: 99.4%
[2026-02-25 13:36:53.805] [INFO] [PLANT] Sunflower [PLANT-15] took 0.4 pest damage (resistance: 50%). Health: 99.6%
[2026-02-25 13:36:53.805] [INFO] [PLANT] Sunflower [PLANT-16] took 0.4 pest damage (resistance: 50%). Health: 99.6%
[2026-02-25 13:36:53.805] [INFO] [PLANT] Carrot [PLANT-22] took 0.9 pest damage (resistance: 40%). Health: 99.1%
[2026-02-25 13:36:55.175] [INFO] [HEATING] Heater ON: Current 57.5°F → adjusting +2.0°F (target: 65.0°F)
[2026-02-25 13:36:55.175] [INFO] [PLANT] Rose [PLANT-9] took 0.6 pest damage (resistance: 20%). Health: 99.4%
[2026-02-25 13:36:55.175] [INFO] [PLANT] Rose [PLANT-10] took 0.6 pest damage (resistance: 20%). Health: 99.4%
[2026-02-25 13:36:55.175] [INFO] [PLANT] Sunflower [PLANT-16] took 0.4 pest damage (resistance: 50%). Health: 99.6%
[2026-02-25 13:36:55.175] [INFO] [PLANT] Carrot [PLANT-21] took 0.9 pest damage (resistance: 40%). Health: 99.1%
[2026-02-25 13:36:55.175] [INFO] [PLANT] Carrot [PLANT-22] took 0.9 pest damage (resistance: 40%). Health: 99.1%
[2026-02-25 13:36:55.175] [INFO] [PLANT] Lettuce [PLANT-29] took 1.3 pest damage (resistance: 15%). Health: 98.7%
[2026-02-25 13:36:56.608] [INFO] [HEATING] Heater ON: Current 58.6°F → adjusting +2.0°F (target: 65.0°F)
[2026-02-25 13:36:56.612] [INFO] [PLANT] Rose [PLANT-10] took 0.6 pest damage (resistance: 20%). Health: 99.4%
[2026-02-25 13:36:56.613] [INFO] [PLANT] Carrot [PLANT-22] took 0.9 pest damage (resistance: 40%). Health: 99.1%
[2026-02-25 13:36:58.322] [INFO] [HEATING] Heater ON: Current 57.3°F → adjusting +2.0°F (target: 65.0°F)
[2026-02-25 13:36:58.323] [INFO] [PLANT] Rose [PLANT-10] took 0.6 pest damage (resistance: 20%). Health: 99.4%
[2026-02-25 13:36:58.323] [INFO] [PLANT] Carrot [PLANT-22] took 0.9 pest damage (resistance: 40%). Health: 99.1%
[2026-02-25 13:36:59.677] [INFO] [HEATING] Heater ON: Current 57.9°F → adjusting +2.0°F (target: 65.0°F)
[2026-02-25 13:36:59.677] [INFO] [PLANT] Rose [PLANT-10] took 0.6 pest damage (resistance: 20%). Health: 99.4%
[2026-02-25 13:36:59.677] [INFO] [PLANT] Carrot [PLANT-22] took 0.9 pest damage (resistance: 40%). Health: 99.1%
[2026-02-25 13:37:01.036] [INFO] [HEATING] Heater ON: Current 59.5°F → adjusting +2.0°F (target: 65.0°F)
[2026-02-25 13:37:01.036] [INFO] [PLANT] Rose [PLANT-10] took 0.6 pest damage (resistance: 20%). Health: 99.4%
[2026-02-25 13:37:01.038] [INFO] [PLANT] Carrot [PLANT-22] took 0.9 pest damage (resistance: 40%). Health: 99.1%
[2026-02-25 13:37:02.408] [INFO] [HEATING] Heater ON: Current 58.6°F → adjusting +2.0°F (target: 65.0°F)
[2026-02-25 13:37:02.408] [INFO] [PLANT] Tomato [PLANT-2] took 0.6 pest damage (resistance: 30%). Health: 99.4%
[2026-02-25 13:37:02.408] [INFO] [PLANT] Rose [PLANT-9] took 0.6 pest damage (resistance: 20%). Health: 99.4%
[2026-02-25 13:37:02.408] [INFO] [PLANT] Rose [PLANT-10] took 0.6 pest damage (resistance: 20%). Health: 99.4%
[2026-02-25 13:37:02.408] [INFO] [PLANT] Carrot [PLANT-21] took 0.9 pest damage (resistance: 40%). Health: 99.1%
[2026-02-25 13:37:02.408] [INFO] [PLANT] Carrot [PLANT-22] took 0.9 pest damage (resistance: 40%). Health: 99.1%
[2026-02-25 13:37:02.408] [INFO] [PLANT] Carrot [PLANT-23] took 0.9 pest damage (resistance: 40%). Health: 99.1%
[2026-02-25 13:37:03.759] [INFO] [HEATING] Heater ON: Current 57.9°F → adjusting +2.0°F (target: 65.0°F)
[2026-02-25 13:37:03.759] [INFO] [PLANT] Tomato [PLANT-2] took 0.6 pest damage (resistance: 30%). Health: 99.4%
[2026-02-25 13:37:03.759] [INFO] [PLANT] Rose [PLANT-9] took 0.6 pest damage (resistance: 20%). Health: 99.4%
[2026-02-25 13:37:03.759] [INFO] [PLANT] Rose [PLANT-10] took 0.6 pest damage (resistance: 20%). Health: 99.4%
[2026-02-25 13:37:03.760] [INFO] [PLANT] Carrot [PLANT-22] took 0.9 pest damage (resistance: 40%). Health: 99.1%
[2026-02-25 13:37:03.760] [INFO] [PLANT] Carrot [PLANT-23] took 0.9 pest damage (resistance: 40%). Health: 99.1%
[2026-02-25 13:37:05.117] [INFO] [HEATING] Heater ON: Current 58.6°F → adjusting +2.0°F (target: 65.0°F)
[2026-02-25 13:37:05.118] [INFO] [PLANT] Rose [PLANT-9] took 0.6 pest damage (resistance: 20%). Health: 99.4%
[2026-02-25 13:37:05.118] [INFO] [PLANT] Rose [PLANT-10] took 0.6 pest damage (resistance: 20%). Health: 99.4%
[2026-02-25 13:37:05.118] [INFO] [PLANT] Carrot [PLANT-22] took 0.9 pest damage (resistance: 40%). Health: 99.1%
[2026-02-25 13:37:05.118] [INFO] [PLANT] Carrot [PLANT-23] took 0.9 pest damage (resistance: 40%). Health: 99.1%
[2026-02-25 13:37:06.460] [INFO] [HEATING] Climate control OFF: 60.0°F is within target range
[2026-02-25 13:37:06.461] [INFO] [PLANT] Rose [PLANT-10] took 0.6 pest damage (resistance: 20%). Health: 99.4%
[2026-02-25 13:37:06.461] [INFO] [PLANT] Carrot [PLANT-22] took 0.9 pest damage (resistance: 40%). Health: 99.1%
[2026-02-25 13:37:06.461] [INFO] [PLANT] Carrot [PLANT-23] took 0.9 pest damage (resistance: 40%). Health: 99.1%
[2026-02-25 13:37:07.807] [INFO] [HEATING] Heater ON: Current 58.1°F → adjusting +2.0°F (target: 65.0°F)
[2026-02-25 13:37:07.807] [INFO] [PLANT] Rose [PLANT-9] took 0.6 pest damage (resistance: 20%). Health: 99.4%
[2026-02-25 13:37:07.807] [INFO] [PLANT] Rose [PLANT-10] took 0.6 pest damage (resistance: 20%). Health: 99.4%
[2026-02-25 13:37:07.807] [INFO] [PLANT] Carrot [PLANT-22] took 0.9 pest damage (resistance: 40%). Health: 99.1%
[2026-02-25 13:37:07.807] [INFO] [PLANT] Carrot [PLANT-23] took 0.9 pest damage (resistance: 40%). Health: 99.1%
[2026-02-25 13:37:09.148] [INFO] [HEATING] Heater ON: Current 59.3°F → adjusting +2.0°F (target: 65.0°F)
[2026-02-25 13:37:09.149] [INFO] [PLANT] Rose [PLANT-10] took 0.6 pest damage (resistance: 20%). Health: 99.4%
[2026-02-25 13:37:09.149] [INFO] [PLANT] Carrot [PLANT-22] took 0.9 pest damage (resistance: 40%). Health: 99.1%
[2026-02-25 13:37:09.149] [INFO] [PLANT] Carrot [PLANT-23] took 0.9 pest damage (resistance: 40%). Health: 99.1%
[2026-02-25 13:37:10.492] [INFO] [HEATING] Heater ON: Current 59.0°F → adjusting +2.0°F (target: 65.0°F)
[2026-02-25 13:37:10.492] [INFO] [PLANT] Rose [PLANT-9] took 0.6 pest damage (resistance: 20%). Health: 99.4%
[2026-02-25 13:37:10.492] [INFO] [PLANT] Rose [PLANT-10] took 0.6 pest damage (resistance: 20%). Health: 99.4%
[2026-02-25 13:37:10.492] [INFO] [PLANT] Carrot [PLANT-23] took 0.9 pest damage (resistance: 40%). Health: 99.1%
[2026-02-25 13:37:12.042] [INFO] [HEATING] Heater ON: Current 59.2°F → adjusting +2.0°F (target: 65.0°F)
[2026-02-25 13:37:12.042] [INFO] [PLANT] Tomato [PLANT-3] took 0.6 pest damage (resistance: 30%). Health: 99.4%
[2026-02-25 13:37:12.043] [INFO] [PLANT] Rose [PLANT-10] took 0.6 pest damage (resistance: 20%). Health: 99.4%
[2026-02-25 13:37:12.043] [INFO] [PLANT] Carrot [PLANT-23] took 0.9 pest damage (resistance: 40%). Health: 99.1%
[2026-02-25 13:37:13.432] [INFO] [WATERING] Sprinkler SPR-1 activated at (3, 4)
[2026-02-25 13:37:13.432] [INFO] [WATERING] Sprinkler SPR-2 activated at (2, 16)
[2026-02-25 13:37:13.433] [INFO] [WATERING] Sprinkler SPR-3 activated at (8, 4)
[2026-02-25 13:37:13.433] [INFO] [WATERING] Sprinkler SPR-4 activated at (8, 15)
[2026-02-25 13:37:13.433] [INFO] [WATERING] Sprinkler SPR-5 activated at (13, 4)
[2026-02-25 13:37:13.433] [INFO] [WATERING] Sprinkler SPR-6 activated at (17, 9)
[2026-02-25 13:37:13.433] [INFO] [WATERING] Sprinkler SPR-7 activated at (6, 12)
[2026-02-25 13:37:13.433] [INFO] [WATERING] Sprinkler SPR-8 activated at (12, 14)
[2026-02-25 13:37:13.433] [INFO] [WATERING] Sprinkler SPR-9 activated at (16, 17)
[2026-02-25 13:37:13.433] [INFO] [WATERING] Sprinkler SPR-10 activated at (19, 3)
[2026-02-25 13:37:13.433] [INFO] [HEATING] Heater ON: Current 59.9°F → adjusting +2.0°F (target: 65.0°F)
[2026-02-25 13:37:13.433] [INFO] [PLANT] Rose [PLANT-10] took 0.6 pest damage (resistance: 20%). Health: 99.4%
[2026-02-25 13:37:13.433] [INFO] [PLANT] Carrot [PLANT-23] took 0.9 pest damage (resistance: 40%). Health: 99.1%
[2026-02-25 13:37:14.778] [INFO] [WATERING] Sprinkler SPR-1 deactivated
[2026-02-25 13:37:14.778] [INFO] [WATERING] Sprinkler SPR-2 deactivated
[2026-02-25 13:37:14.778] [INFO] [WATERING] Sprinkler SPR-3 deactivated
[2026-02-25 13:37:14.778] [INFO] [WATERING] Sprinkler SPR-4 deactivated
[2026-02-25 13:37:14.778] [INFO] [WATERING] Sprinkler SPR-5 deactivated
[2026-02-25 13:37:14.778] [INFO] [WATERING] Sprinkler SPR-6 deactivated
[2026-02-25 13:37:14.778] [INFO] [WATERING] Sprinkler SPR-7 deactivated
[2026-02-25 13:37:14.778] [INFO] [WATERING] Sprinkler SPR-8 deactivated
[2026-02-25 13:37:14.778] [INFO] [WATERING] Sprinkler SPR-9 deactivated
[2026-02-25 13:37:14.778] [INFO] [WATERING] Sprinkler SPR-10 deactivated
[2026-02-25 13:37:14.778] [INFO] [HEATING] Heater ON: Current 59.9°F → adjusting +2.0°F (target: 65.0°F)
[2026-02-25 13:37:14.778] [INFO] [PLANT] Rose [PLANT-9] took 0.6 pest damage (resistance: 20%). Health: 99.4%
[2026-02-25 13:37:14.778] [INFO] [PLANT] Rose [PLANT-10] took 0.6 pest damage (resistance: 20%). Health: 99.4%
[2026-02-25 13:37:16.121] [INFO] [HEATING] Climate control OFF: 60.5°F is within target range
[2026-02-25 13:37:16.122] [INFO] [PLANT] Rose [PLANT-10] took 0.6 pest damage (resistance: 20%). Health: 99.4%
[2026-02-25 13:37:17.468] [INFO] [PLANT] Rose [PLANT-10] took 0.6 pest damage (resistance: 20%). Health: 99.4%
[2026-02-25 13:37:18.812] [INFO] [HEATING] Heater ON: Current 59.7°F → adjusting +2.0°F (target: 65.0°F)
[2026-02-25 13:37:18.812] [INFO] [PLANT] Rose [PLANT-9] took 0.6 pest damage (resistance: 20%). Health: 99.4%
[2026-02-25 13:37:18.812] [INFO] [PLANT] Rose [PLANT-10] took 0.6 pest damage (resistance: 20%). Health: 99.4%
[2026-02-25 13:37:20.156] [INFO] [SENSOR] Light Sensor [SENSOR-9] returned to normal: 20.3 lux
[2026-02-25 13:37:20.157] [INFO] [SENSOR] Light Sensor [SENSOR-11] returned to normal: 21.5 lux
[2026-02-25 13:37:20.157] [INFO] [HEATING] Climate control OFF: 60.3°F is within target range
[2026-02-25 13:37:20.157] [INFO] [PLANT] Rose [PLANT-10] took 0.6 pest damage (resistance: 20%). Health: 99.4%
[2026-02-25 13:37:21.500] [INFO] [SENSOR] Light Sensor [SENSOR-10] returned to normal: 21.3 lux
[2026-02-25 13:37:21.501] [INFO] [PLANT] Rose [PLANT-9] took 0.6 pest damage (resistance: 20%). Health: 99.4%
[2026-02-25 13:37:21.501] [INFO] [PLANT] Rose [PLANT-10] took 0.6 pest damage (resistance: 20%). Health: 99.4%
[2026-02-25 13:37:22.846] [INFO] [PLANT] Rose [PLANT-9] took 0.6 pest damage (resistance: 20%). Health: 99.4%
[2026-02-25 13:37:24.189] [INFO] [HEATING] Heater ON: Current 60.0°F → adjusting +2.0°F (target: 65.0°F)
[2026-02-25 13:37:24.189] [INFO] [PLANT] Tomato [PLANT-2] took 0.6 pest damage (resistance: 30%). Health: 99.4%
[2026-02-25 13:37:24.189] [INFO] [PLANT] Rose [PLANT-11] took 1.2 pest damage (resistance: 20%). Health: 98.8%
[2026-02-25 13:37:25.519] [INFO] [HEATING] Climate control OFF: 61.5°F is within target range
[2026-02-25 13:37:25.520] [INFO] [PLANT] Tomato [PLANT-2] took 0.6 pest damage (resistance: 30%). Health: 99.4%
[2026-02-25 13:37:25.520] [INFO] [PLANT] Tomato [PLANT-3] took 0.6 pest damage (resistance: 30%). Health: 99.4%
[2026-02-25 13:37:25.520] [INFO] [PLANT] Rose [PLANT-10] took 0.6 pest damage (resistance: 20%). Health: 99.4%
[2026-02-25 13:37:25.520] [INFO] [PLANT] Rose [PLANT-11] took 1.2 pest damage (resistance: 20%). Health: 98.8%
[2026-02-25 13:37:27.037] [INFO] [PLANT] Tomato [PLANT-2] took 0.6 pest damage (resistance: 30%). Health: 99.4%
[2026-02-25 13:37:27.037] [INFO] [PLANT] Tomato [PLANT-3] took 0.6 pest damage (resistance: 30%). Health: 99.4%
[2026-02-25 13:37:27.037] [INFO] [PLANT] Rose [PLANT-10] took 0.6 pest damage (resistance: 20%). Health: 99.4%
[2026-02-25 13:37:27.039] [INFO] [PLANT] Rose [PLANT-11] took 1.2 pest damage (resistance: 20%). Health: 98.8%
[2026-02-25 13:37:28.381] [INFO] [PLANT] Tomato [PLANT-2] took 0.6 pest damage (resistance: 30%). Health: 99.4%
[2026-02-25 13:37:28.381] [INFO] [PLANT] Tomato [PLANT-3] took 0.6 pest damage (resistance: 30%). Health: 99.4%
[2026-02-25 13:37:28.381] [INFO] [PLANT] Rose [PLANT-11] took 1.2 pest damage (resistance: 20%). Health: 98.8%
[2026-02-25 13:37:29.708] [INFO] [WATERING] Sprinkler SPR-1 activated at (3, 4)
[2026-02-25 13:37:29.708] [INFO] [WATERING] Sprinkler SPR-2 activated at (2, 16)
[2026-02-25 13:37:29.709] [INFO] [WATERING] Sprinkler SPR-3 activated at (8, 4)
[2026-02-25 13:37:29.709] [INFO] [WATERING] Sprinkler SPR-4 activated at (8, 15)
[2026-02-25 13:37:29.709] [INFO] [WATERING] Sprinkler SPR-5 activated at (13, 4)
[2026-02-25 13:37:29.709] [INFO] [WATERING] Sprinkler SPR-6 activated at (17, 9)
[2026-02-25 13:37:29.709] [INFO] [WATERING] Sprinkler SPR-7 activated at (6, 12)
[2026-02-25 13:37:29.709] [INFO] [WATERING] Sprinkler SPR-8 activated at (12, 14)
[2026-02-25 13:37:29.709] [INFO] [WATERING] Sprinkler SPR-9 activated at (16, 17)
[2026-02-25 13:37:29.709] [INFO] [WATERING] Sprinkler SPR-10 activated at (19, 3)
[2026-02-25 13:37:29.709] [INFO] [PLANT] Tomato [PLANT-2] took 0.6 pest damage (resistance: 30%). Health: 99.4%
[2026-02-25 13:37:29.709] [INFO] [PLANT] Tomato [PLANT-3] took 0.6 pest damage (resistance: 30%). Health: 99.4%
[2026-02-25 13:37:29.709] [INFO] [PLANT] Sunflower [PLANT-17] took 0.8 pest damage (resistance: 50%). Health: 99.3%
[2026-02-25 13:37:31.037] [INFO] [WATERING] Sprinkler SPR-1 deactivated
[2026-02-25 13:37:31.037] [INFO] [WATERING] Sprinkler SPR-2 deactivated
[2026-02-25 13:37:31.037] [INFO] [WATERING] Sprinkler SPR-3 deactivated
[2026-02-25 13:37:31.038] [INFO] [WATERING] Sprinkler SPR-4 deactivated
[2026-02-25 13:37:31.038] [INFO] [WATERING] Sprinkler SPR-5 deactivated
[2026-02-25 13:37:31.038] [INFO] [WATERING] Sprinkler SPR-6 deactivated
[2026-02-25 13:37:31.038] [INFO] [WATERING] Sprinkler SPR-7 deactivated
[2026-02-25 13:37:31.038] [INFO] [WATERING] Sprinkler SPR-8 deactivated
[2026-02-25 13:37:31.038] [INFO] [WATERING] Sprinkler SPR-9 deactivated
[2026-02-25 13:37:31.038] [INFO] [WATERING] Sprinkler SPR-10 deactivated
[2026-02-25 13:37:31.038] [INFO] [PLANT] Lettuce [PLANT-27] grew from SEED to SPROUT (health: 100.0%)
[2026-02-25 13:37:31.039] [INFO] [PLANT] Lettuce [PLANT-28] grew from SEED to SPROUT (health: 100.0%)
[2026-02-25 13:37:31.039] [INFO] [PLANT] Lettuce [PLANT-29] grew from SEED to SPROUT (health: 100.0%)
[2026-02-25 13:37:31.039] [INFO] [PLANT] Lettuce [PLANT-30] grew from SEED to SPROUT (health: 100.0%)
[2026-02-25 13:37:31.039] [INFO] [PLANT] Lettuce [PLANT-31] grew from SEED to SPROUT (health: 100.0%)
[2026-02-25 13:37:31.039] [INFO] [PLANT] Lettuce [PLANT-32] grew from SEED to SPROUT (health: 100.0%)
[2026-02-25 13:37:31.040] [INFO] [PLANT] Tomato [PLANT-3] took 0.6 pest damage (resistance: 30%). Health: 99.4%
[2026-02-25 13:37:32.378] [INFO] [PLANT] Tomato [PLANT-2] took 0.6 pest damage (resistance: 30%). Health: 99.4%
[2026-02-25 13:37:32.378] [INFO] [PLANT] Tomato [PLANT-3] took 0.6 pest damage (resistance: 30%). Health: 99.4%
[2026-02-25 13:37:32.378] [INFO] [PLANT] Rose [PLANT-11] took 1.2 pest damage (resistance: 20%). Health: 98.8%
[2026-02-25 13:37:33.740] [INFO] [PLANT] Tomato [PLANT-3] took 0.6 pest damage (resistance: 30%). Health: 99.4%
[2026-02-25 13:37:33.740] [INFO] [PLANT] Rose [PLANT-11] took 1.2 pest damage (resistance: 20%). Health: 98.8%
[2026-02-25 13:37:35.097] [INFO] [PLANT] Tomato [PLANT-2] took 0.6 pest damage (resistance: 30%). Health: 99.4%
[2026-02-25 13:37:35.098] [INFO] [PLANT] Tomato [PLANT-3] took 0.6 pest damage (resistance: 30%). Health: 99.4%
[2026-02-25 13:37:35.098] [INFO] [PLANT] Rose [PLANT-11] took 1.2 pest damage (resistance: 20%). Health: 98.8%
[2026-02-25 13:37:36.447] [INFO] [PLANT] Tomato [PLANT-2] took 0.6 pest damage (resistance: 30%). Health: 99.4%
[2026-02-25 13:37:36.448] [INFO] [PLANT] Tomato [PLANT-3] took 0.6 pest damage (resistance: 30%). Health: 99.4%
[2026-02-25 13:37:36.448] [INFO] [PLANT] Rose [PLANT-10] took 0.6 pest damage (resistance: 20%). Health: 99.4%
[2026-02-25 13:37:36.448] [INFO] [PLANT] Rose [PLANT-11] took 1.2 pest damage (resistance: 20%). Health: 98.8%
[2026-02-25 13:37:37.878] [INFO] [PLANT] Sunflower [PLANT-14] grew from SEED to SPROUT (health: 94.6%)
[2026-02-25 13:37:37.878] [INFO] [PLANT] Sunflower [PLANT-15] grew from SEED to SPROUT (health: 100.0%)
[2026-02-25 13:37:37.878] [INFO] [PLANT] Sunflower [PLANT-16] grew from SEED to SPROUT (health: 100.0%)
[2026-02-25 13:37:37.878] [INFO] [PLANT] Sunflower [PLANT-17] grew from SEED to SPROUT (health: 100.0%)
[2026-02-25 13:37:37.878] [INFO] [PLANT] Sunflower [PLANT-18] grew from SEED to SPROUT (health: 100.0%)
[2026-02-25 13:37:37.878] [INFO] [PLANT] Sunflower [PLANT-19] grew from SEED to SPROUT (health: 100.0%)
[2026-02-25 13:37:37.878] [INFO] [PLANT] Tomato [PLANT-2] took 0.6 pest damage (resistance: 30%). Health: 99.4%
[2026-02-25 13:37:37.878] [INFO] [PLANT] Tomato [PLANT-3] took 0.6 pest damage (resistance: 30%). Health: 99.4%
[2026-02-25 13:37:37.878] [INFO] [PLANT] Rose [PLANT-11] took 1.2 pest damage (resistance: 20%). Health: 98.8%
[2026-02-25 13:37:39.264] [INFO] [PLANT] Tomato [PLANT-3] took 0.6 pest damage (resistance: 30%). Health: 99.4%
[2026-02-25 13:37:39.264] [INFO] [PLANT] Rose [PLANT-11] took 1.2 pest damage (resistance: 20%). Health: 98.8%
[2026-02-25 13:37:40.653] [INFO] [PLANT] Tomato [PLANT-3] took 0.6 pest damage (resistance: 30%). Health: 99.4%
[2026-02-25 13:37:40.654] [INFO] [PLANT] Rose [PLANT-11] took 1.2 pest damage (resistance: 20%). Health: 98.8%
[2026-02-25 13:37:42.283] [INFO] [PLANT] Tomato [PLANT-2] took 0.6 pest damage (resistance: 30%). Health: 99.4%
[2026-02-25 13:37:42.283] [INFO] [PLANT] Tomato [PLANT-3] took 0.6 pest damage (resistance: 30%). Health: 99.4%
[2026-02-25 13:37:42.283] [INFO] [PLANT] Rose [PLANT-10] took 0.6 pest damage (resistance: 20%). Health: 99.4%
[2026-02-25 13:37:42.284] [INFO] [PLANT] Rose [PLANT-11] took 1.2 pest damage (resistance: 20%). Health: 98.8%
[2026-02-25 13:37:43.664] [WARN] [PLANT] Sunflower [PLANT-14] is critically dehydrated!
[2026-02-25 13:37:43.664] [INFO] [PLANT] Tomato [PLANT-2] took 0.6 pest damage (resistance: 30%). Health: 99.4%
[2026-02-25 13:37:43.664] [INFO] [PLANT] Tomato [PLANT-3] took 0.6 pest damage (resistance: 30%). Health: 99.4%
[2026-02-25 13:37:43.664] [INFO] [PLANT] Rose [PLANT-10] took 0.6 pest damage (resistance: 20%). Health: 99.4%
[2026-02-25 13:37:43.664] [INFO] [PLANT] Rose [PLANT-11] took 1.2 pest damage (resistance: 20%). Health: 98.8%
[2026-02-25 13:37:45.056] [WARN] [PLANT] Sunflower [PLANT-14] is critically dehydrated!
[2026-02-25 13:37:45.056] [INFO] [PLANT] Tomato [PLANT-2] took 0.6 pest damage (resistance: 30%). Health: 99.4%
[2026-02-25 13:37:45.056] [INFO] [PLANT] Rose [PLANT-11] took 1.2 pest damage (resistance: 20%). Health: 98.8%
[2026-02-25 13:37:46.449] [WARN] [PLANT] Sunflower [PLANT-14] is critically dehydrated!
[2026-02-25 13:37:46.449] [INFO] [PLANT] Tomato [PLANT-1] took 0.6 pest damage (resistance: 30%). Health: 99.4%
[2026-02-25 13:37:46.449] [INFO] [PLANT] Tomato [PLANT-2] took 0.6 pest damage (resistance: 30%). Health: 99.4%
[2026-02-25 13:37:46.449] [INFO] [PLANT] Tomato [PLANT-3] took 0.6 pest damage (resistance: 30%). Health: 99.4%
[2026-02-25 13:37:46.449] [INFO] [PLANT] Rose [PLANT-11] took 1.2 pest damage (resistance: 20%). Health: 98.8%
[2026-02-25 13:37:47.868] [WARN] [PLANT] Sunflower [PLANT-14] is critically dehydrated!
[2026-02-25 13:37:47.869] [INFO] [PLANT] Tomato [PLANT-2] took 0.6 pest damage (resistance: 30%). Health: 97.1%
[2026-02-25 13:37:47.869] [INFO] [PLANT] Rose [PLANT-11] took 1.2 pest damage (resistance: 20%). Health: 98.8%
[2026-02-25 13:37:49.272] [WARN] [PLANT] Sunflower [PLANT-14] is critically dehydrated!
[2026-02-25 13:37:49.273] [INFO] [PLANT] Tomato [PLANT-2] took 0.6 pest damage (resistance: 30%). Health: 94.7%
[2026-02-25 13:37:49.273] [INFO] [PLANT] Tomato [PLANT-3] took 0.6 pest damage (resistance: 30%). Health: 95.3%
[2026-02-25 13:37:49.273] [INFO] [PLANT] Rose [PLANT-11] took 1.2 pest damage (resistance: 20%). Health: 98.8%
[2026-02-25 13:37:50.684] [INFO] [WATERING] Sprinkler SPR-1 activated at (3, 4)
[2026-02-25 13:37:50.684] [INFO] [WATERING] Sprinkler SPR-2 activated at (2, 16)
[2026-02-25 13:37:50.684] [INFO] [WATERING] Sprinkler SPR-3 activated at (8, 4)
[2026-02-25 13:37:50.684] [INFO] [WATERING] Sprinkler SPR-4 activated at (8, 15)
[2026-02-25 13:37:50.684] [INFO] [WATERING] Sprinkler SPR-5 activated at (13, 4)
[2026-02-25 13:37:50.684] [INFO] [WATERING] Sprinkler SPR-6 activated at (17, 9)
[2026-02-25 13:37:50.684] [INFO] [WATERING] Sprinkler SPR-7 activated at (6, 12)
[2026-02-25 13:37:50.684] [INFO] [WATERING] Sprinkler SPR-8 activated at (12, 14)
[2026-02-25 13:37:50.684] [INFO] [WATERING] Sprinkler SPR-9 activated at (16, 17)
[2026-02-25 13:37:50.684] [INFO] [WATERING] Sprinkler SPR-10 activated at (19, 3)
[2026-02-25 13:37:50.684] [INFO] [PLANT] Tomato [PLANT-2] took 0.6 pest damage (resistance: 30%). Health: 95.6%
[2026-02-25 13:37:50.684] [INFO] [PLANT] Tomato [PLANT-3] took 0.6 pest damage (resistance: 30%). Health: 96.1%
[2026-02-25 13:37:50.684] [INFO] [PLANT] Rose [PLANT-11] took 1.2 pest damage (resistance: 20%). Health: 98.8%
[2026-02-25 13:37:52.081] [INFO] [WATERING] Sprinkler SPR-1 deactivated
[2026-02-25 13:37:52.081] [INFO] [WATERING] Sprinkler SPR-2 deactivated
[2026-02-25 13:37:52.081] [INFO] [WATERING] Sprinkler SPR-3 deactivated
[2026-02-25 13:37:52.081] [INFO] [WATERING] Sprinkler SPR-4 deactivated
[2026-02-25 13:37:52.081] [INFO] [WATERING] Sprinkler SPR-5 deactivated
[2026-02-25 13:37:52.081] [INFO] [WATERING] Sprinkler SPR-6 deactivated
[2026-02-25 13:37:52.081] [INFO] [WATERING] Sprinkler SPR-7 deactivated
[2026-02-25 13:37:52.081] [INFO] [WATERING] Sprinkler SPR-8 deactivated
[2026-02-25 13:37:52.081] [INFO] [WATERING] Sprinkler SPR-9 deactivated
[2026-02-25 13:37:52.081] [INFO] [WATERING] Sprinkler SPR-10 deactivated
[2026-02-25 13:37:52.081] [INFO] [LIGHTING] Grow lights OFF: Natural light 50 sufficient
[2026-02-25 13:37:52.081] [INFO] [PLANT] Tomato [PLANT-1] grew from SEED to SPROUT (health: 98.6%)
[2026-02-25 13:37:52.081] [INFO] [PLANT] Tomato [PLANT-2] grew from SEED to SPROUT (health: 97.0%)
[2026-02-25 13:37:52.081] [INFO] [PLANT] Tomato [PLANT-3] grew from SEED to SPROUT (health: 97.5%)
[2026-02-25 13:37:52.081] [INFO] [PLANT] Tomato [PLANT-4] grew from SEED to SPROUT (health: 99.2%)
[2026-02-25 13:37:52.081] [INFO] [PLANT] Tomato [PLANT-5] grew from SEED to SPROUT (health: 99.2%)
[2026-02-25 13:37:52.081] [INFO] [PLANT] Tomato [PLANT-6] grew from SEED to SPROUT (health: 99.2%)
[2026-02-25 13:37:52.081] [INFO] [PLANT] Tomato [PLANT-7] grew from SEED to SPROUT (health: 100.0%)
[2026-02-25 13:37:52.081] [INFO] [PLANT] Tomato [PLANT-2] took 0.6 pest damage (resistance: 30%). Health: 96.4%
[2026-02-25 13:37:52.081] [INFO] [INSECT] Aphid [INSECT-5] is feeding on Tomato at (2, 5)
[2026-02-25 13:37:52.082] [INFO] [PLANT] Tomato [PLANT-3] took 0.6 pest damage (resistance: 30%). Health: 97.0%
[2026-02-25 13:37:52.082] [INFO] [INSECT] Aphid [INSECT-5] is feeding on Tomato at (2, 7)
[2026-02-25 13:37:52.082] [INFO] [PLANT] Rose [PLANT-10] took 0.6 pest damage (resistance: 20%). Health: 99.4%
[2026-02-25 13:37:52.082] [INFO] [INSECT] Aphid [INSECT-5] is feeding on Rose at (5, 6)
[2026-02-25 13:37:52.082] [INFO] [PLANT] Tomato [PLANT-4] took 1.0 pest damage (resistance: 30%). Health: 98.2%
[2026-02-25 13:37:52.082] [INFO] [INSECT] Caterpillar [INSECT-6] is feeding on Tomato at (3, 10)
[2026-02-25 13:37:52.083] [INFO] [GARDEN] --- TICK 50 STATUS | Temp: 65.5°F | Light: 50 | Humidity: 62% | Plants: 36/36 alive | Insects: 6 (2 pests) ---
[2026-02-25 13:37:53.459] [INFO] [PLANT] Tomato [PLANT-2] took 0.6 pest damage (resistance: 30%). Health: 97.2%
[2026-02-25 13:37:53.460] [INFO] [PLANT] Tomato [PLANT-3] took 0.6 pest damage (resistance: 30%). Health: 97.8%
[2026-02-25 13:37:53.460] [INFO] [PLANT] Rose [PLANT-10] took 0.6 pest damage (resistance: 20%). Health: 99.4%
[2026-02-25 13:37:53.460] [INFO] [PLANT] Rose [PLANT-11] took 1.2 pest damage (resistance: 20%). Health: 98.8%
[2026-02-25 13:37:54.842] [INFO] [PLANT] Tomato [PLANT-2] took 0.6 pest damage (resistance: 30%). Health: 98.1%
[2026-02-25 13:37:54.842] [INFO] [PLANT] Tomato [PLANT-3] took 0.6 pest damage (resistance: 30%). Health: 98.6%
[2026-02-25 13:37:54.842] [INFO] [PLANT] Rose [PLANT-11] took 1.2 pest damage (resistance: 20%). Health: 98.8%
[2026-02-25 13:37:56.239] [INFO] [PLANT] Tomato [PLANT-2] took 0.6 pest damage (resistance: 30%). Health: 98.9%
[2026-02-25 13:37:56.239] [INFO] [PLANT] Tomato [PLANT-3] took 0.6 pest damage (resistance: 30%). Health: 99.4%
[2026-02-25 13:37:56.239] [INFO] [PLANT] Rose [PLANT-10] took 0.6 pest damage (resistance: 20%). Health: 99.4%
[2026-02-25 13:37:56.239] [INFO] [PLANT] Rose [PLANT-11] took 1.2 pest damage (resistance: 20%). Health: 98.8%
[2026-02-25 13:37:57.930] [WARN] [PLANT] Sunflower [PLANT-14] is critically dehydrated!
[2026-02-25 13:37:57.930] [INFO] [PLANT] Tomato [PLANT-2] took 0.6 pest damage (resistance: 30%). Health: 96.6%
[2026-02-25 13:37:57.930] [INFO] [PLANT] Rose [PLANT-9] took 0.6 pest damage (resistance: 20%). Health: 99.4%
[2026-02-25 13:37:57.930] [INFO] [PLANT] Rose [PLANT-10] took 0.6 pest damage (resistance: 20%). Health: 99.4%
[2026-02-25 13:37:57.930] [INFO] [PLANT] Rose [PLANT-11] took 1.2 pest damage (resistance: 20%). Health: 98.8%
[2026-02-25 13:37:59.326] [WARN] [PLANT] Sunflower [PLANT-14] is critically dehydrated!
[2026-02-25 13:37:59.326] [INFO] [PLANT] Carrot [PLANT-20] grew from SEED to SPROUT (health: 100.0%)
[2026-02-25 13:37:59.326] [INFO] [PLANT] Carrot [PLANT-21] grew from SEED to SPROUT (health: 100.0%)
[2026-02-25 13:37:59.326] [INFO] [PLANT] Carrot [PLANT-22] grew from SEED to SPROUT (health: 100.0%)
[2026-02-25 13:37:59.326] [INFO] [PLANT] Carrot [PLANT-23] grew from SEED to SPROUT (health: 100.0%)
[2026-02-25 13:37:59.326] [INFO] [PLANT] Carrot [PLANT-24] grew from SEED to SPROUT (health: 100.0%)
[2026-02-25 13:37:59.327] [INFO] [PLANT] Carrot [PLANT-25] grew from SEED to SPROUT (health: 100.0%)
[2026-02-25 13:37:59.327] [INFO] [PLANT] Carrot [PLANT-26] grew from SEED to SPROUT (health: 100.0%)
[2026-02-25 13:37:59.327] [INFO] [PLANT] Rose [PLANT-9] took 0.6 pest damage (resistance: 20%). Health: 99.4%
[2026-02-25 13:37:59.327] [INFO] [PLANT] Rose [PLANT-11] took 1.2 pest damage (resistance: 20%). Health: 98.8%
[2026-02-25 13:37:59.327] [INFO] [PLANT] Rose [PLANT-12] took 1.2 pest damage (resistance: 20%). Health: 98.8%
[2026-02-25 13:38:00.732] [WARN] [PLANT] Sunflower [PLANT-14] is critically dehydrated!
[2026-02-25 13:38:00.732] [INFO] [PLANT] Rose [PLANT-9] took 0.6 pest damage (resistance: 20%). Health: 99.4%
[2026-02-25 13:38:00.733] [INFO] [PLANT] Rose [PLANT-12] took 1.2 pest damage (resistance: 20%). Health: 98.8%
[2026-02-25 13:38:02.152] [WARN] [PLANT] Sunflower [PLANT-14] is critically dehydrated!
[2026-02-25 13:38:02.153] [INFO] [PLANT] Rose [PLANT-9] took 0.6 pest damage (resistance: 20%). Health: 99.4%
[2026-02-25 13:38:03.533] [WARN] [PLANT] Sunflower [PLANT-14] is critically dehydrated!
[2026-02-25 13:38:03.533] [INFO] [PLANT] Rose [PLANT-8] took 0.6 pest damage (resistance: 20%). Health: 99.4%
[2026-02-25 13:38:03.533] [INFO] [PLANT] Rose [PLANT-9] took 0.6 pest damage (resistance: 20%). Health: 99.4%
[2026-02-25 13:38:03.533] [INFO] [PLANT] Rose [PLANT-10] took 0.6 pest damage (resistance: 20%). Health: 99.4%
[2026-02-25 13:38:04.897] [WARN] [PLANT] Sunflower [PLANT-14] is critically dehydrated!
[2026-02-25 13:38:04.898] [INFO] [PLANT] Rose [PLANT-9] took 0.6 pest damage (resistance: 20%). Health: 99.4%
[2026-02-25 13:38:04.898] [INFO] [PLANT] Rose [PLANT-10] took 0.6 pest damage (resistance: 20%). Health: 99.4%
[2026-02-25 13:38:04.898] [INFO] [PLANT] Sunflower [PLANT-16] took 0.4 pest damage (resistance: 50%). Health: 99.6%
[2026-02-25 13:38:06.268] [INFO] [PLANT] Rose [PLANT-8] grew from SEED to SPROUT (health: 100.0%)
[2026-02-25 13:38:06.268] [INFO] [PLANT] Rose [PLANT-9] grew from SEED to SPROUT (health: 100.0%)
[2026-02-25 13:38:06.268] [INFO] [PLANT] Rose [PLANT-10] grew from SEED to SPROUT (health: 100.0%)
[2026-02-25 13:38:06.268] [INFO] [PLANT] Rose [PLANT-11] grew from SEED to SPROUT (health: 100.0%)
[2026-02-25 13:38:06.268] [INFO] [PLANT] Rose [PLANT-12] grew from SEED to SPROUT (health: 100.0%)
[2026-02-25 13:38:06.268] [INFO] [PLANT] Rose [PLANT-13] grew from SEED to SPROUT (health: 100.0%)
[2026-02-25 13:38:06.268] [WARN] [PLANT] Sunflower [PLANT-14] is critically dehydrated!
[2026-02-25 13:38:06.268] [INFO] [PLANT] Rose [PLANT-8] took 0.6 pest damage (resistance: 20%). Health: 99.4%
[2026-02-25 13:38:06.268] [INFO] [PLANT] Rose [PLANT-9] took 0.6 pest damage (resistance: 20%). Health: 99.4%
[2026-02-25 13:38:06.268] [INFO] [PLANT] Rose [PLANT-10] took 0.6 pest damage (resistance: 20%). Health: 99.4%
[2026-02-25 13:38:07.676] [WARN] [PLANT] Sunflower [PLANT-14] is critically dehydrated!
[2026-02-25 13:38:07.676] [INFO] [PLANT] Rose [PLANT-9] took 0.6 pest damage (resistance: 20%). Health: 99.4%
[2026-02-25 13:38:07.677] [INFO] [PLANT] Rose [PLANT-10] took 0.6 pest damage (resistance: 20%). Health: 99.4%
[2026-02-25 13:38:09.066] [INFO] [WATERING] Sprinkler SPR-1 activated at (3, 4)
[2026-02-25 13:38:09.066] [INFO] [WATERING] Sprinkler SPR-2 activated at (2, 16)
[2026-02-25 13:38:09.066] [INFO] [WATERING] Sprinkler SPR-3 activated at (8, 4)
[2026-02-25 13:38:09.066] [INFO] [WATERING] Sprinkler SPR-4 activated at (8, 15)
[2026-02-25 13:38:09.066] [INFO] [WATERING] Sprinkler SPR-5 activated at (13, 4)
[2026-02-25 13:38:09.066] [INFO] [WATERING] Sprinkler SPR-6 activated at (17, 9)
[2026-02-25 13:38:09.066] [INFO] [WATERING] Sprinkler SPR-7 activated at (6, 12)
[2026-02-25 13:38:09.066] [INFO] [WATERING] Sprinkler SPR-8 activated at (12, 14)
[2026-02-25 13:38:09.066] [INFO] [WATERING] Sprinkler SPR-9 activated at (16, 17)
[2026-02-25 13:38:09.066] [INFO] [WATERING] Sprinkler SPR-10 activated at (19, 3)
[2026-02-25 13:38:09.066] [INFO] [PLANT] Tomato [PLANT-2] took 0.6 pest damage (resistance: 30%). Health: 81.6%
[2026-02-25 13:38:09.066] [INFO] [PLANT] Rose [PLANT-9] took 0.6 pest damage (resistance: 20%). Health: 99.4%
[2026-02-25 13:38:09.066] [INFO] [PLANT] Rose [PLANT-10] took 0.6 pest damage (resistance: 20%). Health: 99.4%
[2026-02-25 13:38:10.474] [INFO] [WATERING] Sprinkler SPR-1 deactivated
[2026-02-25 13:38:10.474] [INFO] [WATERING] Sprinkler SPR-2 deactivated
[2026-02-25 13:38:10.474] [INFO] [WATERING] Sprinkler SPR-3 deactivated
[2026-02-25 13:38:10.474] [INFO] [WATERING] Sprinkler SPR-4 deactivated
[2026-02-25 13:38:10.474] [INFO] [WATERING] Sprinkler SPR-5 deactivated
[2026-02-25 13:38:10.474] [INFO] [WATERING] Sprinkler SPR-6 deactivated
[2026-02-25 13:38:10.474] [INFO] [WATERING] Sprinkler SPR-7 deactivated
[2026-02-25 13:38:10.474] [INFO] [WATERING] Sprinkler SPR-8 deactivated
[2026-02-25 13:38:10.474] [INFO] [WATERING] Sprinkler SPR-9 deactivated
[2026-02-25 13:38:10.474] [INFO] [WATERING] Sprinkler SPR-10 deactivated
[2026-02-25 13:38:10.474] [INFO] [PLANT] Rose [PLANT-10] took 0.6 pest damage (resistance: 20%). Health: 99.4%
[2026-02-25 13:38:12.096] [INFO] [PLANT] Tomato [PLANT-3] took 0.6 pest damage (resistance: 30%). Health: 79.1%
[2026-02-25 13:38:12.096] [INFO] [PLANT] Rose [PLANT-10] took 0.6 pest damage (resistance: 20%). Health: 99.4%
[2026-02-25 13:38:12.096] [INFO] [PLANT] Tomato [PLANT-5] took 1.0 pest damage (resistance: 30%). Health: 79.2%
[2026-02-25 13:38:13.582] [INFO] [PLANT] Tomato [PLANT-3] took 0.6 pest damage (resistance: 30%). Health: 76.7%
[2026-02-25 13:38:13.582] [INFO] [PLANT] Rose [PLANT-10] took 0.6 pest damage (resistance: 20%). Health: 99.4%
[2026-02-25 13:38:13.582] [INFO] [PLANT] Tomato [PLANT-5] took 1.0 pest damage (resistance: 30%). Health: 76.3%
[2026-02-25 13:38:14.988] [INFO] [PLANT] Tomato [PLANT-3] took 0.6 pest damage (resistance: 30%). Health: 74.4%
[2026-02-25 13:38:14.988] [INFO] [PLANT] Rose [PLANT-10] took 0.6 pest damage (resistance: 20%). Health: 99.4%
[2026-02-25 13:38:16.366] [WARN] [PLANT] Sunflower [PLANT-14] is critically dehydrated!
[2026-02-25 13:38:16.366] [INFO] [PLANT] Tomato [PLANT-3] took 0.6 pest damage (resistance: 30%). Health: 72.0%
[2026-02-25 13:38:16.366] [INFO] [PLANT] Tomato [PLANT-4] took 0.6 pest damage (resistance: 30%). Health: 74.2%
[2026-02-25 13:38:17.746] [WARN] [PLANT] Sunflower [PLANT-14] is critically dehydrated!
[2026-02-25 13:38:17.746] [INFO] [PLANT] Tomato [PLANT-4] took 0.6 pest damage (resistance: 30%). Health: 71.9%
[2026-02-25 13:38:19.109] [WARN] [PLANT] Tomato [PLANT-1] is critically dehydrated!
[2026-02-25 13:38:19.109] [WARN] [PLANT] Tomato [PLANT-2] is critically dehydrated!
[2026-02-25 13:38:19.109] [WARN] [PLANT] Tomato [PLANT-3] is critically dehydrated!
[2026-02-25 13:38:19.109] [WARN] [PLANT] Tomato [PLANT-4] is critically dehydrated!
[2026-02-25 13:38:19.109] [WARN] [PLANT] Tomato [PLANT-5] is critically dehydrated!
[2026-02-25 13:38:19.109] [WARN] [PLANT] Tomato [PLANT-6] is critically dehydrated!
[2026-02-25 13:38:19.109] [WARN] [PLANT] Sunflower [PLANT-14] is critically dehydrated!
[2026-02-25 13:38:19.109] [INFO] [PLANT] Tomato [PLANT-4] took 0.6 pest damage (resistance: 30%). Health: 69.5%
[2026-02-25 13:38:20.487] [WARN] [PLANT] Tomato [PLANT-1] is critically dehydrated!
[2026-02-25 13:38:20.487] [WARN] [PLANT] Tomato [PLANT-2] is critically dehydrated!
[2026-02-25 13:38:20.487] [WARN] [PLANT] Tomato [PLANT-3] is critically dehydrated!
[2026-02-25 13:38:20.487] [WARN] [PLANT] Tomato [PLANT-4] is critically dehydrated!
[2026-02-25 13:38:20.487] [WARN] [PLANT] Tomato [PLANT-5] is critically dehydrated!
[2026-02-25 13:38:20.487] [WARN] [PLANT] Tomato [PLANT-6] is critically dehydrated!
[2026-02-25 13:38:20.487] [WARN] [PLANT] Sunflower [PLANT-14] is critically dehydrated!
[2026-02-25 13:38:20.487] [INFO] [PLANT] Lettuce [PLANT-27] grew from SPROUT to VEGETATIVE (health: 100.0%)
[2026-02-25 13:38:20.487] [INFO] [PLANT] Lettuce [PLANT-28] grew from SPROUT to VEGETATIVE (health: 100.0%)
[2026-02-25 13:38:20.487] [INFO] [PLANT] Lettuce [PLANT-29] grew from SPROUT to VEGETATIVE (health: 100.0%)
[2026-02-25 13:38:20.487] [INFO] [PLANT] Lettuce [PLANT-30] grew from SPROUT to VEGETATIVE (health: 100.0%)
[2026-02-25 13:38:20.487] [INFO] [PLANT] Lettuce [PLANT-31] grew from SPROUT to VEGETATIVE (health: 100.0%)
[2026-02-25 13:38:20.487] [INFO] [PLANT] Lettuce [PLANT-32] grew from SPROUT to VEGETATIVE (health: 100.0%)
[2026-02-25 13:38:20.487] [INFO] [PLANT] Tomato [PLANT-4] took 0.6 pest damage (resistance: 30%). Health: 67.2%
[2026-02-25 13:38:20.487] [INFO] [PLANT] Rose [PLANT-12] took 1.2 pest damage (resistance: 20%). Health: 98.8%
[2026-02-25 13:38:21.869] [WARN] [PLANT] Tomato [PLANT-1] is critically dehydrated!
[2026-02-25 13:38:21.869] [WARN] [PLANT] Tomato [PLANT-2] is critically dehydrated!
[2026-02-25 13:38:21.869] [WARN] [PLANT] Tomato [PLANT-3] is critically dehydrated!
[2026-02-25 13:38:21.869] [WARN] [PLANT] Tomato [PLANT-4] is critically dehydrated!
[2026-02-25 13:38:21.869] [WARN] [PLANT] Tomato [PLANT-5] is critically dehydrated!
[2026-02-25 13:38:21.869] [WARN] [PLANT] Tomato [PLANT-6] is critically dehydrated!
[2026-02-25 13:38:21.869] [WARN] [PLANT] Sunflower [PLANT-14] is critically dehydrated!
[2026-02-25 13:38:21.869] [INFO] [PLANT] Tomato [PLANT-4] took 0.6 pest damage (resistance: 30%). Health: 64.8%
[2026-02-25 13:38:21.869] [INFO] [PLANT] Rose [PLANT-11] took 1.2 pest damage (resistance: 20%). Health: 98.8%
[2026-02-25 13:38:23.243] [WARN] [PLANT] Tomato [PLANT-1] is critically dehydrated!
[2026-02-25 13:38:23.243] [WARN] [PLANT] Tomato [PLANT-2] is critically dehydrated!
[2026-02-25 13:38:23.243] [WARN] [PLANT] Tomato [PLANT-3] is critically dehydrated!
[2026-02-25 13:38:23.244] [WARN] [PLANT] Tomato [PLANT-4] is critically dehydrated!
[2026-02-25 13:38:23.244] [WARN] [PLANT] Tomato [PLANT-5] is critically dehydrated!
[2026-02-25 13:38:23.244] [WARN] [PLANT] Tomato [PLANT-6] is critically dehydrated!
[2026-02-25 13:38:23.244] [WARN] [PLANT] Sunflower [PLANT-14] is critically dehydrated!
[2026-02-25 13:38:23.244] [INFO] [PLANT] Tomato [PLANT-4] took 0.6 pest damage (resistance: 30%). Health: 62.4%
[2026-02-25 13:38:23.244] [INFO] [PLANT] Rose [PLANT-11] took 1.2 pest damage (resistance: 20%). Health: 98.8%
[2026-02-25 13:38:23.244] [INFO] [PLANT] Rose [PLANT-12] took 1.2 pest damage (resistance: 20%). Health: 98.8%
[2026-02-25 13:38:24.625] [WARN] [PLANT] Tomato [PLANT-1] is critically dehydrated!
[2026-02-25 13:38:24.625] [WARN] [PLANT] Tomato [PLANT-2] is critically dehydrated!
[2026-02-25 13:38:24.625] [WARN] [PLANT] Tomato [PLANT-3] is critically dehydrated!
[2026-02-25 13:38:24.625] [WARN] [PLANT] Tomato [PLANT-4] is critically dehydrated!
[2026-02-25 13:38:24.625] [WARN] [PLANT] Tomato [PLANT-5] is critically dehydrated!
[2026-02-25 13:38:24.625] [WARN] [PLANT] Tomato [PLANT-6] is critically dehydrated!
[2026-02-25 13:38:24.625] [WARN] [PLANT] Sunflower [PLANT-14] is critically dehydrated!
[2026-02-25 13:38:24.626] [INFO] [PLANT] Tomato [PLANT-4] took 0.6 pest damage (resistance: 30%). Health: 60.1%
[2026-02-25 13:38:24.626] [INFO] [PLANT] Rose [PLANT-11] took 1.2 pest damage (resistance: 20%). Health: 98.8%
[2026-02-25 13:38:24.626] [INFO] [PLANT] Rose [PLANT-12] took 1.2 pest damage (resistance: 20%). Health: 98.8%
[2026-02-25 13:38:25.997] [WARN] [PLANT] Tomato [PLANT-1] is critically dehydrated!
[2026-02-25 13:38:25.997] [WARN] [PLANT] Tomato [PLANT-2] is critically dehydrated!
[2026-02-25 13:38:25.997] [WARN] [PLANT] Tomato [PLANT-3] is critically dehydrated!
[2026-02-25 13:38:25.997] [WARN] [PLANT] Tomato [PLANT-4] is critically dehydrated!
[2026-02-25 13:38:25.997] [WARN] [PLANT] Tomato [PLANT-5] is critically dehydrated!
[2026-02-25 13:38:25.997] [WARN] [PLANT] Tomato [PLANT-6] is critically dehydrated!
[2026-02-25 13:38:25.997] [WARN] [PLANT] Sunflower [PLANT-14] is critically dehydrated!
[2026-02-25 13:38:25.997] [INFO] [PLANT] Tomato [PLANT-4] took 0.6 pest damage (resistance: 30%). Health: 57.7%
[2026-02-25 13:38:25.997] [INFO] [PLANT] Rose [PLANT-11] took 1.2 pest damage (resistance: 20%). Health: 98.8%
[2026-02-25 13:38:27.676] [WARN] [PLANT] Tomato [PLANT-1] is critically dehydrated!
[2026-02-25 13:38:27.676] [WARN] [PLANT] Tomato [PLANT-2] is critically dehydrated!
[2026-02-25 13:38:27.676] [WARN] [PLANT] Tomato [PLANT-3] is critically dehydrated!
[2026-02-25 13:38:27.676] [WARN] [PLANT] Tomato [PLANT-4] is critically dehydrated!
[2026-02-25 13:38:27.676] [WARN] [PLANT] Tomato [PLANT-5] is critically dehydrated!
[2026-02-25 13:38:27.676] [WARN] [PLANT] Tomato [PLANT-6] is critically dehydrated!
[2026-02-25 13:38:27.676] [WARN] [PLANT] Sunflower [PLANT-14] is critically dehydrated!
[2026-02-25 13:38:27.677] [INFO] [PLANT] Tomato [PLANT-4] took 0.6 pest damage (resistance: 30%). Health: 55.4%
[2026-02-25 13:38:27.677] [INFO] [PLANT] Rose [PLANT-12] took 1.2 pest damage (resistance: 20%). Health: 98.8%
[2026-02-25 13:38:29.060] [INFO] [WATERING] Sprinkler SPR-1 activated at (3, 4)
[2026-02-25 13:38:29.060] [INFO] [WATERING] Sprinkler SPR-2 activated at (2, 16)
[2026-02-25 13:38:29.060] [INFO] [WATERING] Sprinkler SPR-3 activated at (8, 4)
[2026-02-25 13:38:29.060] [INFO] [WATERING] Sprinkler SPR-4 activated at (8, 15)
[2026-02-25 13:38:29.060] [INFO] [WATERING] Sprinkler SPR-5 activated at (13, 4)
[2026-02-25 13:38:29.060] [INFO] [WATERING] Sprinkler SPR-6 activated at (17, 9)
[2026-02-25 13:38:29.061] [INFO] [WATERING] Sprinkler SPR-7 activated at (6, 12)
[2026-02-25 13:38:29.061] [INFO] [WATERING] Sprinkler SPR-8 activated at (12, 14)
[2026-02-25 13:38:29.061] [INFO] [WATERING] Sprinkler SPR-9 activated at (16, 17)
[2026-02-25 13:38:29.061] [INFO] [WATERING] Sprinkler SPR-10 activated at (19, 3)
[2026-02-25 13:38:29.061] [INFO] [HEATING] Cooler ON: Current 71.1°F → adjusting -2.0°F (target: 65.0°F)
[2026-02-25 13:38:29.061] [INFO] [PLANT] Tomato [PLANT-4] took 0.6 pest damage (resistance: 30%). Health: 53.0%
[2026-02-25 13:38:29.061] [INFO] [PLANT] Rose [PLANT-11] took 1.2 pest damage (resistance: 20%). Health: 98.8%
[2026-02-25 13:38:29.061] [INFO] [PLANT] Rose [PLANT-12] took 1.2 pest damage (resistance: 20%). Health: 97.8%
[2026-02-25 13:38:30.431] [INFO] [WATERING] Sprinkler SPR-1 deactivated
[2026-02-25 13:38:30.431] [INFO] [WATERING] Sprinkler SPR-2 deactivated
[2026-02-25 13:38:30.431] [INFO] [WATERING] Sprinkler SPR-3 deactivated
[2026-02-25 13:38:30.431] [INFO] [WATERING] Sprinkler SPR-4 deactivated
[2026-02-25 13:38:30.431] [INFO] [WATERING] Sprinkler SPR-5 deactivated
[2026-02-25 13:38:30.431] [INFO] [WATERING] Sprinkler SPR-6 deactivated
[2026-02-25 13:38:30.431] [INFO] [WATERING] Sprinkler SPR-7 deactivated
[2026-02-25 13:38:30.431] [INFO] [WATERING] Sprinkler SPR-8 deactivated
[2026-02-25 13:38:30.431] [INFO] [WATERING] Sprinkler SPR-9 deactivated
[2026-02-25 13:38:30.431] [INFO] [WATERING] Sprinkler SPR-10 deactivated
[2026-02-25 13:38:30.431] [INFO] [HEATING] Climate control OFF: 69.8°F is within target range
[2026-02-25 13:38:30.431] [INFO] [PLANT] Rose [PLANT-11] took 1.2 pest damage (resistance: 20%). Health: 98.8%
[2026-02-25 13:38:30.431] [INFO] [PLANT] Rose [PLANT-12] took 1.2 pest damage (resistance: 20%). Health: 96.8%
[2026-02-25 13:38:31.820] [INFO] [HEATING] Cooler ON: Current 70.2°F → adjusting -2.0°F (target: 65.0°F)
[2026-02-25 13:38:31.821] [INFO] [PLANT] Rose [PLANT-11] took 1.2 pest damage (resistance: 20%). Health: 98.8%
[2026-02-25 13:38:33.218] [INFO] [HEATING] Climate control OFF: 69.9°F is within target range
[2026-02-25 13:38:33.218] [INFO] [PLANT] Tomato [PLANT-5] took 0.6 pest damage (resistance: 30%). Health: 50.5%
[2026-02-25 13:38:33.218] [INFO] [PLANT] Rose [PLANT-11] took 1.2 pest damage (resistance: 20%). Health: 98.8%
[2026-02-25 13:38:34.576] [INFO] [HEATING] Cooler ON: Current 70.5°F → adjusting -2.0°F (target: 65.0°F)
[2026-02-25 13:38:34.576] [INFO] [PLANT] Sunflower [PLANT-15] grew from SPROUT to VEGETATIVE (health: 100.0%)
[2026-02-25 13:38:34.576] [INFO] [PLANT] Sunflower [PLANT-16] grew from SPROUT to VEGETATIVE (health: 100.0%)
[2026-02-25 13:38:34.576] [INFO] [PLANT] Sunflower [PLANT-17] grew from SPROUT to VEGETATIVE (health: 100.0%)
[2026-02-25 13:38:34.576] [INFO] [PLANT] Sunflower [PLANT-18] grew from SPROUT to VEGETATIVE (health: 96.2%)
[2026-02-25 13:38:34.576] [INFO] [PLANT] Sunflower [PLANT-19] grew from SPROUT to VEGETATIVE (health: 96.2%)
[2026-02-25 13:38:34.576] [INFO] [PLANT] Cactus [PLANT-33] grew from SEED to SPROUT (health: 100.0%)
[2026-02-25 13:38:34.576] [INFO] [PLANT] Cactus [PLANT-34] grew from SEED to SPROUT (health: 100.0%)
[2026-02-25 13:38:34.576] [INFO] [PLANT] Cactus [PLANT-35] grew from SEED to SPROUT (health: 100.0%)
[2026-02-25 13:38:34.576] [INFO] [PLANT] Cactus [PLANT-36] grew from SEED to SPROUT (health: 100.0%)
[2026-02-25 13:38:34.576] [INFO] [PLANT] Rose [PLANT-11] took 1.2 pest damage (resistance: 20%). Health: 98.8%
[2026-02-25 13:38:35.948] [INFO] [HEATING] Cooler ON: Current 71.2°F → adjusting -2.0°F (target: 65.0°F)
[2026-02-25 13:38:35.948] [WARN] [PLANT] Sunflower [PLANT-14] is critically dehydrated!
[2026-02-25 13:38:35.949] [INFO] [PLANT] Rose [PLANT-11] took 1.2 pest damage (resistance: 20%). Health: 98.8%
[2026-02-25 13:38:37.337] [INFO] [HEATING] Cooler ON: Current 70.5°F → adjusting -2.0°F (target: 65.0°F)
[2026-02-25 13:38:37.337] [WARN] [PLANT] Tomato [PLANT-1] is critically dehydrated!
[2026-02-25 13:38:37.337] [WARN] [PLANT] Tomato [PLANT-2] is critically dehydrated!
[2026-02-25 13:38:37.337] [WARN] [PLANT] Tomato [PLANT-3] is critically dehydrated!
[2026-02-25 13:38:37.337] [WARN] [PLANT] Tomato [PLANT-4] is critically dehydrated!
[2026-02-25 13:38:37.337] [WARN] [PLANT] Tomato [PLANT-5] is critically dehydrated!
[2026-02-25 13:38:37.337] [WARN] [PLANT] Tomato [PLANT-6] is critically dehydrated!
[2026-02-25 13:38:37.337] [WARN] [PLANT] Sunflower [PLANT-14] is critically dehydrated!
[2026-02-25 13:38:37.337] [WARN] [PLANT] Sunflower [PLANT-14] is wilting! Health: 19.0%
[2026-02-25 13:38:37.337] [INFO] [PLANT] Rose [PLANT-12] took 1.2 pest damage (resistance: 20%). Health: 96.6%
[2026-02-25 13:38:38.737] [INFO] [HEATING] Cooler ON: Current 71.2°F → adjusting -2.0°F (target: 65.0°F)
[2026-02-25 13:38:38.737] [WARN] [PLANT] Tomato [PLANT-1] is critically dehydrated!
[2026-02-25 13:38:38.737] [WARN] [PLANT] Tomato [PLANT-2] is critically dehydrated!
[2026-02-25 13:38:38.737] [WARN] [PLANT] Tomato [PLANT-3] is critically dehydrated!
[2026-02-25 13:38:38.737] [WARN] [PLANT] Tomato [PLANT-4] is critically dehydrated!
[2026-02-25 13:38:38.737] [WARN] [PLANT] Tomato [PLANT-5] is critically dehydrated!
[2026-02-25 13:38:38.737] [WARN] [PLANT] Tomato [PLANT-6] is critically dehydrated!
[2026-02-25 13:38:38.737] [WARN] [PLANT] Sunflower [PLANT-14] is critically dehydrated!
[2026-02-25 13:38:38.737] [INFO] [PLANT] Tomato [PLANT-4] took 0.6 pest damage (resistance: 30%). Health: 39.8%
[2026-02-25 13:38:38.737] [INFO] [PLANT] Rose [PLANT-12] took 1.2 pest damage (resistance: 20%). Health: 95.6%
[2026-02-25 13:38:40.136] [WARN] [SENSOR] ALERT: Light Sensor [SENSOR-10] at (15, 5) reading 90.2 lux (threshold: 20.0-90.0)
[2026-02-25 13:38:40.136] [INFO] [HEATING] Cooler ON: Current 71.0°F → adjusting -2.0°F (target: 65.0°F)
[2026-02-25 13:38:40.136] [WARN] [PLANT] Tomato [PLANT-1] is critically dehydrated!
[2026-02-25 13:38:40.136] [WARN] [PLANT] Tomato [PLANT-2] is critically dehydrated!
[2026-02-25 13:38:40.136] [WARN] [PLANT] Tomato [PLANT-3] is critically dehydrated!
[2026-02-25 13:38:40.136] [WARN] [PLANT] Tomato [PLANT-4] is critically dehydrated!
[2026-02-25 13:38:40.136] [WARN] [PLANT] Tomato [PLANT-5] is critically dehydrated!
[2026-02-25 13:38:40.136] [WARN] [PLANT] Tomato [PLANT-6] is critically dehydrated!
[2026-02-25 13:38:40.136] [WARN] [PLANT] Sunflower [PLANT-14] is critically dehydrated!
[2026-02-25 13:38:40.136] [INFO] [PLANT] Tomato [PLANT-4] took 0.6 pest damage (resistance: 30%). Health: 37.5%
[2026-02-25 13:38:40.136] [INFO] [PLANT] Rose [PLANT-11] took 1.2 pest damage (resistance: 20%). Health: 98.8%
[2026-02-25 13:38:40.136] [INFO] [PLANT] Rose [PLANT-12] took 1.2 pest damage (resistance: 20%). Health: 94.6%
[2026-02-25 13:38:41.485] [INFO] [SENSOR] Light Sensor [SENSOR-10] returned to normal: 88.7 lux
[2026-02-25 13:38:41.485] [INFO] [HEATING] Cooler ON: Current 71.1°F → adjusting -2.0°F (target: 65.0°F)
[2026-02-25 13:38:41.485] [WARN] [PLANT] Tomato [PLANT-1] is critically dehydrated!
[2026-02-25 13:38:41.485] [WARN] [PLANT] Tomato [PLANT-2] is critically dehydrated!
[2026-02-25 13:38:41.485] [WARN] [PLANT] Tomato [PLANT-3] is critically dehydrated!
[2026-02-25 13:38:41.485] [WARN] [PLANT] Tomato [PLANT-4] is critically dehydrated!
[2026-02-25 13:38:41.485] [WARN] [PLANT] Tomato [PLANT-5] is critically dehydrated!
[2026-02-25 13:38:41.485] [WARN] [PLANT] Tomato [PLANT-6] is critically dehydrated!
[2026-02-25 13:38:41.485] [WARN] [PLANT] Sunflower [PLANT-14] is critically dehydrated!
[2026-02-25 13:38:41.485] [INFO] [PLANT] Tomato [PLANT-4] took 0.6 pest damage (resistance: 30%). Health: 35.1%
[2026-02-25 13:38:41.485] [INFO] [PLANT] Rose [PLANT-11] took 1.2 pest damage (resistance: 20%). Health: 98.8%
[2026-02-25 13:38:41.485] [INFO] [PLANT] Rose [PLANT-12] took 1.2 pest damage (resistance: 20%). Health: 94.8%
[2026-02-25 13:38:43.089] [WARN] [SENSOR] ALERT: Light Sensor [SENSOR-9] at (5, 10) reading 90.5 lux (threshold: 20.0-90.0)
[2026-02-25 13:38:43.089] [WARN] [SENSOR] ALERT: Light Sensor [SENSOR-11] at (0, 10) reading 91.6 lux (threshold: 20.0-90.0)
[2026-02-25 13:38:43.089] [INFO] [HEATING] Cooler ON: Current 71.5°F → adjusting -2.0°F (target: 65.0°F)
[2026-02-25 13:38:43.089] [WARN] [PLANT] Tomato [PLANT-1] is critically dehydrated!
[2026-02-25 13:38:43.089] [WARN] [PLANT] Tomato [PLANT-2] is critically dehydrated!
[2026-02-25 13:38:43.089] [WARN] [PLANT] Tomato [PLANT-3] is critically dehydrated!
[2026-02-25 13:38:43.089] [WARN] [PLANT] Tomato [PLANT-4] is critically dehydrated!
[2026-02-25 13:38:43.089] [WARN] [PLANT] Tomato [PLANT-5] is critically dehydrated!
[2026-02-25 13:38:43.089] [WARN] [PLANT] Tomato [PLANT-6] is critically dehydrated!
[2026-02-25 13:38:43.089] [WARN] [PLANT] Sunflower [PLANT-14] is critically dehydrated!
[2026-02-25 13:38:43.089] [INFO] [PLANT] Tomato [PLANT-4] took 0.6 pest damage (resistance: 30%). Health: 32.8%
[2026-02-25 13:38:43.089] [INFO] [PLANT] Rose [PLANT-12] took 1.2 pest damage (resistance: 20%). Health: 95.0%
[2026-02-25 13:38:43.089] [INFO] [PLANT] Rose [PLANT-13] took 1.2 pest damage (resistance: 20%). Health: 98.8%
[2026-02-25 13:38:43.089] [INFO] [PLANT] Sunflower [PLANT-17] took 0.8 pest damage (resistance: 50%). Health: 99.3%
[2026-02-25 13:38:44.482] [WARN] [SENSOR] ALERT: Light Sensor [SENSOR-10] at (15, 5) reading 91.4 lux (threshold: 20.0-90.0)
[2026-02-25 13:38:44.482] [INFO] [HEATING] Cooler ON: Current 71.3°F → adjusting -2.0°F (target: 65.0°F)
[2026-02-25 13:38:44.482] [WARN] [PLANT] Tomato [PLANT-1] is critically dehydrated!
[2026-02-25 13:38:44.482] [WARN] [PLANT] Tomato [PLANT-2] is critically dehydrated!
[2026-02-25 13:38:44.482] [WARN] [PLANT] Tomato [PLANT-3] is critically dehydrated!
[2026-02-25 13:38:44.482] [WARN] [PLANT] Tomato [PLANT-4] is critically dehydrated!
[2026-02-25 13:38:44.482] [WARN] [PLANT] Tomato [PLANT-5] is critically dehydrated!
[2026-02-25 13:38:44.482] [WARN] [PLANT] Tomato [PLANT-6] is critically dehydrated!
[2026-02-25 13:38:44.482] [WARN] [PLANT] Sunflower [PLANT-14] is critically dehydrated!
[2026-02-25 13:38:44.482] [WARN] [PLANT] Sunflower [PLANT-18] is critically dehydrated!
[2026-02-25 13:38:44.482] [WARN] [PLANT] Sunflower [PLANT-19] is critically dehydrated!
[2026-02-25 13:38:44.482] [INFO] [PLANT] Rose [PLANT-12] took 1.2 pest damage (resistance: 20%). Health: 95.2%
[2026-02-25 13:38:44.482] [INFO] [PLANT] Rose [PLANT-13] took 1.2 pest damage (resistance: 20%). Health: 98.8%
[2026-02-25 13:38:44.482] [INFO] [PLANT] Sunflower [PLANT-17] took 0.8 pest damage (resistance: 50%). Health: 99.3%
[2026-02-25 13:38:45.875] [INFO] [HEATING] Cooler ON: Current 71.6°F → adjusting -2.0°F (target: 65.0°F)
[2026-02-25 13:38:45.875] [WARN] [PLANT] Tomato [PLANT-1] is critically dehydrated!
[2026-02-25 13:38:45.875] [WARN] [PLANT] Tomato [PLANT-2] is critically dehydrated!
[2026-02-25 13:38:45.875] [WARN] [PLANT] Tomato [PLANT-3] is critically dehydrated!
[2026-02-25 13:38:45.875] [WARN] [PLANT] Tomato [PLANT-4] is critically dehydrated!
[2026-02-25 13:38:45.875] [WARN] [PLANT] Tomato [PLANT-5] is critically dehydrated!
[2026-02-25 13:38:45.875] [WARN] [PLANT] Tomato [PLANT-6] is critically dehydrated!
[2026-02-25 13:38:45.875] [WARN] [PLANT] Sunflower [PLANT-14] is critically dehydrated!
[2026-02-25 13:38:45.875] [WARN] [PLANT] Sunflower [PLANT-18] is critically dehydrated!
[2026-02-25 13:38:45.875] [WARN] [PLANT] Sunflower [PLANT-19] is critically dehydrated!
[2026-02-25 13:38:45.875] [INFO] [PLANT] Tomato [PLANT-4] took 0.6 pest damage (resistance: 30%). Health: 28.6%
[2026-02-25 13:38:45.875] [INFO] [PLANT] Rose [PLANT-12] took 1.2 pest damage (resistance: 20%). Health: 95.4%
[2026-02-25 13:38:45.875] [INFO] [PLANT] Sunflower [PLANT-17] took 0.8 pest damage (resistance: 50%). Health: 99.3%
[2026-02-25 13:38:47.232] [INFO] [WATERING] Sprinkler SPR-1 activated at (3, 4)
[2026-02-25 13:38:47.232] [INFO] [WATERING] Sprinkler SPR-2 activated at (2, 16)
[2026-02-25 13:38:47.232] [INFO] [WATERING] Sprinkler SPR-3 activated at (8, 4)
[2026-02-25 13:38:47.232] [INFO] [WATERING] Sprinkler SPR-4 activated at (8, 15)
[2026-02-25 13:38:47.232] [INFO] [WATERING] Sprinkler SPR-5 activated at (13, 4)
[2026-02-25 13:38:47.232] [INFO] [WATERING] Sprinkler SPR-6 activated at (17, 9)
[2026-02-25 13:38:47.232] [INFO] [WATERING] Sprinkler SPR-7 activated at (6, 12)
[2026-02-25 13:38:47.232] [INFO] [WATERING] Sprinkler SPR-8 activated at (12, 14)
[2026-02-25 13:38:47.232] [INFO] [WATERING] Sprinkler SPR-9 activated at (16, 17)
[2026-02-25 13:38:47.232] [INFO] [WATERING] Sprinkler SPR-10 activated at (19, 3)
[2026-02-25 13:38:47.232] [INFO] [HEATING] Cooler ON: Current 71.2°F → adjusting -2.0°F (target: 65.0°F)
[2026-02-25 13:38:47.232] [INFO] [PLANT] Rose [PLANT-10] took 0.6 pest damage (resistance: 20%). Health: 99.4%
[2026-02-25 13:38:47.232] [INFO] [PLANT] Rose [PLANT-12] took 1.2 pest damage (resistance: 20%). Health: 94.4%
[2026-02-25 13:38:47.232] [INFO] [PLANT] Rose [PLANT-13] took 1.2 pest damage (resistance: 20%). Health: 98.8%
[2026-02-25 13:38:47.232] [INFO] [PLANT] Sunflower [PLANT-17] took 0.8 pest damage (resistance: 50%). Health: 99.3%
[2026-02-25 13:38:48.582] [INFO] [WATERING] Sprinkler SPR-1 deactivated
[2026-02-25 13:38:48.590] [INFO] [WATERING] Sprinkler SPR-2 deactivated
[2026-02-25 13:38:48.590] [INFO] [WATERING] Sprinkler SPR-3 deactivated
[2026-02-25 13:38:48.590] [INFO] [WATERING] Sprinkler SPR-4 deactivated
[2026-02-25 13:38:48.590] [INFO] [WATERING] Sprinkler SPR-5 deactivated
[2026-02-25 13:38:48.590] [INFO] [WATERING] Sprinkler SPR-6 deactivated
[2026-02-25 13:38:48.590] [INFO] [WATERING] Sprinkler SPR-7 deactivated
[2026-02-25 13:38:48.590] [INFO] [WATERING] Sprinkler SPR-8 deactivated
[2026-02-25 13:38:48.590] [INFO] [WATERING] Sprinkler SPR-9 deactivated
[2026-02-25 13:38:48.590] [INFO] [WATERING] Sprinkler SPR-10 deactivated
[2026-02-25 13:38:48.590] [INFO] [HEATING] Cooler ON: Current 71.9°F → adjusting -2.0°F (target: 65.0°F)
[2026-02-25 13:38:48.590] [INFO] [PLANT] Rose [PLANT-10] took 0.6 pest damage (resistance: 20%). Health: 99.4%
[2026-02-25 13:38:48.590] [INFO] [PLANT] Rose [PLANT-12] took 1.2 pest damage (resistance: 20%). Health: 93.4%
[2026-02-25 13:38:48.590] [INFO] [PLANT] Rose [PLANT-13] took 1.2 pest damage (resistance: 20%). Health: 97.8%
[2026-02-25 13:38:49.996] [INFO] [HEATING] Cooler ON: Current 72.3°F → adjusting -2.0°F (target: 65.0°F)
[2026-02-25 13:38:49.996] [INFO] [PLANT] Rose [PLANT-10] took 0.6 pest damage (resistance: 20%). Health: 99.4%
[2026-02-25 13:38:49.996] [INFO] [PLANT] Rose [PLANT-12] took 1.2 pest damage (resistance: 20%). Health: 92.4%
[2026-02-25 13:38:49.996] [INFO] [PLANT] Rose [PLANT-13] took 1.2 pest damage (resistance: 20%). Health: 96.8%
[2026-02-25 13:38:51.363] [INFO] [HEATING] Cooler ON: Current 71.3°F → adjusting -2.0°F (target: 65.0°F)
[2026-02-25 13:38:51.364] [INFO] [PLANT] Rose [PLANT-10] took 0.6 pest damage (resistance: 20%). Health: 99.4%
[2026-02-25 13:38:51.364] [INFO] [PLANT] Rose [PLANT-12] took 1.2 pest damage (resistance: 20%). Health: 91.4%
[2026-02-25 13:38:51.364] [INFO] [PLANT] Rose [PLANT-13] took 1.2 pest damage (resistance: 20%). Health: 95.8%
[2026-02-25 13:38:52.736] [INFO] [HEATING] Cooler ON: Current 71.6°F → adjusting -2.0°F (target: 65.0°F)
[2026-02-25 13:38:52.737] [WARN] [PLANT] Tomato [PLANT-4] is wilting! Health: 19.6%
[2026-02-25 13:38:52.737] [WARN] [PLANT] Sunflower [PLANT-14] DIED. Reason: Health reached zero
[2026-02-25 13:38:52.737] [INFO] [PLANT] Tomato [PLANT-2] took 0.6 pest damage (resistance: 30%). Health: 25.2%
[2026-02-25 13:38:52.737] [INFO] [PLANT] Rose [PLANT-12] took 1.2 pest damage (resistance: 20%). Health: 90.4%
[2026-02-25 13:38:52.737] [INFO] [PLANT] Rose [PLANT-13] took 1.2 pest damage (resistance: 20%). Health: 94.8%
[2026-02-25 13:38:54.111] [INFO] [HEATING] Cooler ON: Current 72.1°F → adjusting -2.0°F (target: 65.0°F)
[2026-02-25 13:38:54.111] [INFO] [PLANT] Tomato [PLANT-1] took 0.6 pest damage (resistance: 30%). Health: 25.6%
[2026-02-25 13:38:54.112] [INFO] [PLANT] Tomato [PLANT-2] took 0.6 pest damage (resistance: 30%). Health: 22.9%
[2026-02-25 13:38:54.112] [INFO] [PLANT] Rose [PLANT-9] took 0.6 pest damage (resistance: 20%). Health: 99.4%
[2026-02-25 13:38:54.112] [INFO] [PLANT] Rose [PLANT-13] took 1.2 pest damage (resistance: 20%). Health: 93.8%
[2026-02-25 13:38:54.117] [INFO] [APPLICATION] Simulation STOPPED.
[2026-02-25 13:38:54.118] [INFO] [APPLICATION] Garden Simulation shutting down gracefully.

============================================================
Log closed: 2026-02-25 13:38:54.118
