=== GARDEN SIMULATION LOG ===
Started: 2026-02-25 13:29:07.744
============================================================

[2026-02-25 13:29:07.745] [INFO] [APPLICATION] Garden Simulation starting up...
[2026-02-25 13:29:07.751] [INFO] [GARDEN] Garden 'My Automated Garden' created: 20x20 grid
[2026-02-25 13:29:07.751] [INFO] [GARDEN] === Initializing Default Garden ===
[2026-02-25 13:29:07.756] [INFO] [PLANT] Tomato [PLANT-1] (Solanum lycopersicum) planted at (2, 3)
[2026-02-25 13:29:07.757] [INFO] [PLANT] Tomato [PLANT-2] (Solanum lycopersicum) planted at (2, 5)
[2026-02-25 13:29:07.757] [INFO] [PLANT] Tomato [PLANT-3] (Solanum lycopersicum) planted at (2, 7)
[2026-02-25 13:29:07.757] [INFO] [PLANT] Tomato [PLANT-4] (Solanum lycopersicum) planted at (3, 10)
[2026-02-25 13:29:07.758] [INFO] [PLANT] Tomato [PLANT-5] (Solanum lycopersicum) planted at (1, 15)
[2026-02-25 13:29:07.758] [INFO] [PLANT] Tomato [PLANT-6] (Solanum lycopersicum) planted at (1, 17)
[2026-02-25 13:29:07.758] [INFO] [PLANT] Tomato [PLANT-7] (Solanum lycopersicum) planted at (4, 1)
[2026-02-25 13:29:07.758] [INFO] [PLANT] Rose [PLANT-8] (Rosa) planted at (5, 2)
[2026-02-25 13:29:07.758] [INFO] [PLANT] Rose [PLANT-9] (Rosa) planted at (5, 4)
[2026-02-25 13:29:07.758] [INFO] [PLANT] Rose [PLANT-10] (Rosa) planted at (5, 6)
[2026-02-25 13:29:07.759] [INFO] [PLANT] Rose [PLANT-11] (Rosa) planted at (6, 12)
[2026-02-25 13:29:07.759] [INFO] [PLANT] Rose [PLANT-12] (Rosa) planted at (7, 14)
[2026-02-25 13:29:07.759] [INFO] [PLANT] Rose [PLANT-13] (Rosa) planted at (7, 16)
[2026-02-25 13:29:07.759] [INFO] [PLANT] Sunflower [PLANT-14] (Helianthus annuus) planted at (8, 1)
[2026-02-25 13:29:07.760] [INFO] [PLANT] Sunflower [PLANT-15] (Helianthus annuus) planted at (8, 3)
[2026-02-25 13:29:07.760] [INFO] [PLANT] Sunflower [PLANT-16] (Helianthus annuus) planted at (8, 5)
[2026-02-25 13:29:07.760] [INFO] [PLANT] Sunflower [PLANT-17] (Helianthus annuus) planted at (9, 14)
[2026-02-25 13:29:07.760] [INFO] [PLANT] Sunflower [PLANT-18] (Helianthus annuus) planted at (10, 17)
[2026-02-25 13:29:07.760] [INFO] [PLANT] Sunflower [PLANT-19] (Helianthus annuus) planted at (10, 19)
[2026-02-25 13:29:07.760] [INFO] [PLANT] Carrot [PLANT-20] (Daucus carota) planted at (11, 2)
[2026-02-25 13:29:07.761] [INFO] [PLANT] Carrot [PLANT-21] (Daucus carota) planted at (11, 4)
[2026-02-25 13:29:07.761] [INFO] [PLANT] Carrot [PLANT-22] (Daucus carota) planted at (11, 6)
[2026-02-25 13:29:07.761] [INFO] [PLANT] Carrot [PLANT-23] (Daucus carota) planted at (11, 8)
[2026-02-25 13:29:07.761] [INFO] [PLANT] Carrot [PLANT-24] (Daucus carota) planted at (15, 12)
[2026-02-25 13:29:07.761] [INFO] [PLANT] Carrot [PLANT-25] (Daucus carota) planted at (13, 10)
[2026-02-25 13:29:07.761] [INFO] [PLANT] Carrot [PLANT-26] (Daucus carota) planted at (13, 15)
[2026-02-25 13:29:07.761] [INFO] [PLANT] Lettuce [PLANT-27] (Lactuca sativa) planted at (14, 1)
[2026-02-25 13:29:07.762] [INFO] [PLANT] Lettuce [PLANT-28] (Lactuca sativa) planted at (14, 3)
[2026-02-25 13:29:07.762] [INFO] [PLANT] Lettuce [PLANT-29] (Lactuca sativa) planted at (14, 5)
[2026-02-25 13:29:07.762] [INFO] [PLANT] Lettuce [PLANT-30] (Lactuca sativa) planted at (12, 16)
[2026-02-25 13:29:07.762] [INFO] [PLANT] Lettuce [PLANT-31] (Lactuca sativa) planted at (16, 4)
[2026-02-25 13:29:07.762] [INFO] [PLANT] Lettuce [PLANT-32] (Lactuca sativa) planted at (16, 8)
[2026-02-25 13:29:07.762] [INFO] [PLANT] Cactus [PLANT-33] (Cactaceae) planted at (17, 8)
[2026-02-25 13:29:07.763] [INFO] [PLANT] Cactus [PLANT-34] (Cactaceae) planted at (17, 10)
[2026-02-25 13:29:07.763] [INFO] [PLANT] Cactus [PLANT-35] (Cactaceae) planted at (18, 14)
[2026-02-25 13:29:07.763] [INFO] [PLANT] Cactus [PLANT-36] (Cactaceae) planted at (19, 1)
[2026-02-25 13:29:07.766] [INFO] [SENSOR] Temperature Sensor [SENSOR-1] installed at (0, 0) (range: 40.0-95.0 °F)
[2026-02-25 13:29:07.766] [INFO] [SENSOR] Temperature Sensor [SENSOR-2] installed at (10, 10) (range: 40.0-95.0 °F)
[2026-02-25 13:29:07.766] [INFO] [SENSOR] Temperature Sensor [SENSOR-3] installed at (19, 19) (range: 40.0-95.0 °F)
[2026-02-25 13:29:07.767] [INFO] [SENSOR] Temperature Sensor [SENSOR-4] installed at (0, 19) (range: 40.0-95.0 °F)
[2026-02-25 13:29:07.767] [INFO] [SENSOR] Moisture Sensor [SENSOR-5] installed at (3, 3) (range: 20.0-80.0 %)
[2026-02-25 13:29:07.767] [INFO] [SENSOR] Moisture Sensor [SENSOR-6] installed at (10, 5) (range: 20.0-80.0 %)
[2026-02-25 13:29:07.768] [INFO] [SENSOR] Moisture Sensor [SENSOR-7] installed at (15, 15) (range: 20.0-80.0 %)
[2026-02-25 13:29:07.768] [INFO] [SENSOR] Moisture Sensor [SENSOR-8] installed at (7, 8) (range: 20.0-80.0 %)
[2026-02-25 13:29:07.768] [INFO] [SENSOR] Light Sensor [SENSOR-9] installed at (5, 10) (range: 20.0-90.0 lux)
[2026-02-25 13:29:07.769] [INFO] [SENSOR] Light Sensor [SENSOR-10] installed at (15, 5) (range: 20.0-90.0 lux)
[2026-02-25 13:29:07.769] [INFO] [SENSOR] Light Sensor [SENSOR-11] installed at (0, 10) (range: 20.0-90.0 lux)
[2026-02-25 13:29:07.769] [INFO] [INSECT] Bee [INSECT-1] (POLLINATOR) appeared at (4, 4)
[2026-02-25 13:29:07.770] [INFO] [INSECT] Bee [INSECT-2] (POLLINATOR) appeared at (8, 8)
[2026-02-25 13:29:07.770] [INFO] [INSECT] Bee [INSECT-3] (POLLINATOR) appeared at (6, 16)
[2026-02-25 13:29:07.770] [INFO] [INSECT] Ladybug [INSECT-4] (NEUTRAL) appeared at (6, 6)
[2026-02-25 13:29:07.770] [INFO] [INSECT] Aphid [INSECT-5] (PEST) appeared at (3, 5)
[2026-02-25 13:29:07.770] [INFO] [INSECT] Caterpillar [INSECT-6] (PEST) appeared at (11, 3)
[2026-02-25 13:29:07.771] [INFO] [WATERING] Watering System initialized.
[2026-02-25 13:29:07.773] [INFO] [WATERING] Sprinkler SPR-1 added at (3, 4) (radius: 5.5, flow: 8.0)
[2026-02-25 13:29:07.774] [INFO] [WATERING] Sprinkler SPR-2 added at (2, 16) (radius: 5.5, flow: 8.0)
[2026-02-25 13:29:07.774] [INFO] [WATERING] Sprinkler SPR-3 added at (8, 4) (radius: 5.5, flow: 8.0)
[2026-02-25 13:29:07.774] [INFO] [WATERING] Sprinkler SPR-4 added at (8, 15) (radius: 5.5, flow: 8.0)
[2026-02-25 13:29:07.775] [INFO] [WATERING] Sprinkler SPR-5 added at (13, 4) (radius: 5.5, flow: 8.0)
[2026-02-25 13:29:07.775] [INFO] [WATERING] Sprinkler SPR-6 added at (17, 9) (radius: 5.5, flow: 8.0)
[2026-02-25 13:29:07.775] [INFO] [WATERING] Sprinkler SPR-7 added at (6, 12) (radius: 5.5, flow: 8.0)
[2026-02-25 13:29:07.775] [INFO] [WATERING] Sprinkler SPR-8 added at (12, 14) (radius: 5.5, flow: 8.0)
[2026-02-25 13:29:07.776] [INFO] [WATERING] Sprinkler SPR-9 added at (16, 17) (radius: 5.5, flow: 8.0)
[2026-02-25 13:29:07.776] [INFO] [WATERING] Sprinkler SPR-10 added at (19, 3) (radius: 5.5, flow: 8.0)
[2026-02-25 13:29:07.778] [INFO] [HEATING] Heating System initialized. Target: 72.0°F, Mode: AUTO
[2026-02-25 13:29:07.778] [INFO] [HEATING] Target temperature set to 65.0°F
[2026-02-25 13:29:07.779] [INFO] [HEATING] Temperature adjust rate set to 2.0°F/tick
[2026-02-25 13:29:07.781] [INFO] [PEST_CONTROL] Pest Control initialized. Method: TARGETED, Threshold: 3 pests
[2026-02-25 13:29:07.782] [INFO] [LIGHTING] Lighting System initialized. Target light level: 60
[2026-02-25 13:29:07.782] [INFO] [GARDEN] Garden initialized: 36 plants, 6 insects, 11 sensors, 4 modules
[2026-02-25 13:29:07.782] [INFO] [GARDEN] === Garden Ready ===
[2026-02-25 13:29:07.788] [INFO] [APPLICATION] Simulation Engine initialized.
[2026-02-25 13:29:10.719] [INFO] [APPLICATION] Simulation STARTED.
[2026-02-25 13:29:10.719] [INFO] [APPLICATION] Garden Simulation started successfully.
[2026-02-25 13:29:12.023] [WARN] [SENSOR] ALERT: Light Sensor [SENSOR-9] at (5, 10) reading 4.3 lux (threshold: 20.0-90.0)
[2026-02-25 13:29:12.024] [WARN] [SENSOR] ALERT: Light Sensor [SENSOR-10] at (15, 5) reading 4.7 lux (threshold: 20.0-90.0)
[2026-02-25 13:29:12.024] [WARN] [SENSOR] ALERT: Light Sensor [SENSOR-11] at (0, 10) reading 5.4 lux (threshold: 20.0-90.0)
[2026-02-25 13:29:12.025] [INFO] [HEATING] Heater ON: Current 58.4°F → adjusting +2.0°F (target: 65.0°F)
[2026-02-25 13:29:12.025] [INFO] [LIGHTING] Grow lights ON: Natural light 5 below target 60
[2026-02-25 13:29:12.027] [INFO] [PLANT] Tomato [PLANT-1] took 0.6 pest damage (resistance: 30%). Health: 99.4%
[2026-02-25 13:29:12.028] [INFO] [PLANT] Tomato [PLANT-2] took 0.6 pest damage (resistance: 30%). Health: 99.4%
[2026-02-25 13:29:12.028] [INFO] [PLANT] Rose [PLANT-9] took 0.6 pest damage (resistance: 20%). Health: 99.4%
[2026-02-25 13:29:12.028] [INFO] [PLANT] Carrot [PLANT-20] took 0.9 pest damage (resistance: 40%). Health: 99.1%
[2026-02-25 13:29:12.028] [INFO] [PLANT] Carrot [PLANT-21] took 0.9 pest damage (resistance: 40%). Health: 99.1%
[2026-02-25 13:29:13.639] [INFO] [HEATING] Heater ON: Current 57.7°F → adjusting +2.0°F (target: 65.0°F)
[2026-02-25 13:29:13.640] [INFO] [PLANT] Tomato [PLANT-1] took 0.6 pest damage (resistance: 30%). Health: 99.4%
[2026-02-25 13:29:13.640] [INFO] [PLANT] Tomato [PLANT-7] took 0.6 pest damage (resistance: 30%). Health: 99.4%
[2026-02-25 13:29:13.640] [INFO] [PLANT] Rose [PLANT-8] took 0.6 pest damage (resistance: 20%). Health: 99.4%
[2026-02-25 13:29:13.640] [INFO] [PLANT] Rose [PLANT-9] took 0.6 pest damage (resistance: 20%). Health: 99.4%
[2026-02-25 13:29:13.640] [INFO] [PLANT] Carrot [PLANT-20] took 0.9 pest damage (resistance: 40%). Health: 99.1%
[2026-02-25 13:29:13.640] [INFO] [PLANT] Carrot [PLANT-21] took 0.9 pest damage (resistance: 40%). Health: 99.1%
[2026-02-25 13:29:15.137] [INFO] [HEATING] Heater ON: Current 57.8°F → adjusting +2.0°F (target: 65.0°F)
[2026-02-25 13:29:15.137] [INFO] [PLANT] Tomato [PLANT-7] took 0.6 pest damage (resistance: 30%). Health: 99.4%
[2026-02-25 13:29:15.137] [INFO] [PLANT] Rose [PLANT-8] took 0.6 pest damage (resistance: 20%). Health: 99.4%
[2026-02-25 13:29:15.137] [INFO] [PLANT] Rose [PLANT-9] took 0.6 pest damage (resistance: 20%). Health: 99.4%
[2026-02-25 13:29:15.137] [INFO] [PLANT] Carrot [PLANT-20] took 0.9 pest damage (resistance: 40%). Health: 99.1%
[2026-02-25 13:29:15.137] [INFO] [PLANT] Carrot [PLANT-21] took 0.9 pest damage (resistance: 40%). Health: 99.1%
[2026-02-25 13:29:16.605] [INFO] [HEATING] Heater ON: Current 58.2°F → adjusting +2.0°F (target: 65.0°F)
[2026-02-25 13:29:16.605] [INFO] [PLANT] Tomato [PLANT-1] took 0.6 pest damage (resistance: 30%). Health: 99.4%
[2026-02-25 13:29:16.605] [INFO] [PLANT] Tomato [PLANT-7] took 0.6 pest damage (resistance: 30%). Health: 99.4%
[2026-02-25 13:29:16.605] [INFO] [PLANT] Rose [PLANT-8] took 0.6 pest damage (resistance: 20%). Health: 99.4%
[2026-02-25 13:29:16.605] [INFO] [PLANT] Rose [PLANT-9] took 0.6 pest damage (resistance: 20%). Health: 99.4%
[2026-02-25 13:29:16.605] [INFO] [PLANT] Carrot [PLANT-20] took 0.9 pest damage (resistance: 40%). Health: 99.1%
[2026-02-25 13:29:16.606] [INFO] [PLANT] Carrot [PLANT-21] took 0.9 pest damage (resistance: 40%). Health: 99.1%
[2026-02-25 13:29:18.035] [INFO] [HEATING] Heater ON: Current 59.5°F → adjusting +2.0°F (target: 65.0°F)
[2026-02-25 13:29:18.035] [INFO] [PLANT] Rose [PLANT-9] took 0.6 pest damage (resistance: 20%). Health: 99.4%
[2026-02-25 13:29:18.035] [INFO] [PLANT] Carrot [PLANT-20] took 0.9 pest damage (resistance: 40%). Health: 99.1%
[2026-02-25 13:29:18.035] [INFO] [PLANT] Carrot [PLANT-21] took 0.9 pest damage (resistance: 40%). Health: 99.1%
[2026-02-25 13:29:19.486] [INFO] [HEATING] Heater ON: Current 59.1°F → adjusting +2.0°F (target: 65.0°F)
[2026-02-25 13:29:19.486] [INFO] [PLANT] Tomato [PLANT-2] took 0.6 pest damage (resistance: 30%). Health: 99.4%
[2026-02-25 13:29:19.486] [INFO] [PLANT] Carrot [PLANT-20] took 0.9 pest damage (resistance: 40%). Health: 99.1%
[2026-02-25 13:29:19.486] [INFO] [PLANT] Carrot [PLANT-21] took 0.9 pest damage (resistance: 40%). Health: 99.1%
[2026-02-25 13:29:20.910] [INFO] [HEATING] Heater ON: Current 59.5°F → adjusting +2.0°F (target: 65.0°F)
[2026-02-25 13:29:20.910] [INFO] [PLANT] Tomato [PLANT-1] took 0.6 pest damage (resistance: 30%). Health: 99.4%
[2026-02-25 13:29:20.910] [INFO] [PLANT] Tomato [PLANT-2] took 0.6 pest damage (resistance: 30%). Health: 99.4%
[2026-02-25 13:29:20.910] [INFO] [PLANT] Carrot [PLANT-20] took 0.9 pest damage (resistance: 40%). Health: 99.1%
[2026-02-25 13:29:20.910] [INFO] [PLANT] Carrot [PLANT-21] took 0.9 pest damage (resistance: 40%). Health: 99.1%
[2026-02-25 13:29:22.363] [INFO] [HEATING] Heater ON: Current 59.4°F → adjusting +2.0°F (target: 65.0°F)
[2026-02-25 13:29:22.364] [INFO] [PLANT] Tomato [PLANT-2] took 0.6 pest damage (resistance: 30%). Health: 99.4%
[2026-02-25 13:29:22.364] [INFO] [PLANT] Carrot [PLANT-20] took 0.9 pest damage (resistance: 40%). Health: 99.1%
[2026-02-25 13:29:22.364] [INFO] [PLANT] Carrot [PLANT-21] took 0.9 pest damage (resistance: 40%). Health: 99.1%
[2026-02-25 13:29:23.831] [INFO] [HEATING] Heater ON: Current 57.3°F → adjusting +2.0°F (target: 65.0°F)
[2026-02-25 13:29:23.832] [INFO] [PLANT] Rose [PLANT-10] took 0.6 pest damage (resistance: 20%). Health: 99.4%
[2026-02-25 13:29:23.833] [INFO] [PLANT] Carrot [PLANT-20] took 0.9 pest damage (resistance: 40%). Health: 99.1%
[2026-02-25 13:29:25.278] [INFO] [HEATING] Heater ON: Current 58.0°F → adjusting +2.0°F (target: 65.0°F)
[2026-02-25 13:29:25.283] [INFO] [PLANT] Tomato [PLANT-2] took 0.6 pest damage (resistance: 30%). Health: 99.4%
[2026-02-25 13:29:25.283] [INFO] [PLANT] Carrot [PLANT-20] took 0.9 pest damage (resistance: 40%). Health: 99.1%
[2026-02-25 13:29:26.669] [INFO] [HEATING] Heater ON: Current 58.6°F → adjusting +2.0°F (target: 65.0°F)
[2026-02-25 13:29:26.670] [INFO] [PLANT] Tomato [PLANT-2] took 0.6 pest damage (resistance: 30%). Health: 99.4%
[2026-02-25 13:29:26.670] [INFO] [PLANT] Tomato [PLANT-3] took 0.6 pest damage (resistance: 30%). Health: 99.4%
[2026-02-25 13:29:26.670] [INFO] [PLANT] Rose [PLANT-10] took 0.6 pest damage (resistance: 20%). Health: 99.4%
[2026-02-25 13:29:26.670] [INFO] [PLANT] Carrot [PLANT-20] took 0.9 pest damage (resistance: 40%). Health: 99.1%
[2026-02-25 13:29:26.670] [INFO] [PLANT] Carrot [PLANT-21] took 0.9 pest damage (resistance: 40%). Health: 99.1%
[2026-02-25 13:29:28.045] [INFO] [HEATING] Heater ON: Current 58.3°F → adjusting +2.0°F (target: 65.0°F)
[2026-02-25 13:29:28.046] [INFO] [PLANT] Tomato [PLANT-1] took 0.6 pest damage (resistance: 30%). Health: 99.4%
[2026-02-25 13:29:28.046] [INFO] [PLANT] Tomato [PLANT-2] took 0.6 pest damage (resistance: 30%). Health: 99.4%
[2026-02-25 13:29:28.046] [INFO] [PLANT] Tomato [PLANT-3] took 0.6 pest damage (resistance: 30%). Health: 99.4%
[2026-02-25 13:29:28.046] [INFO] [PLANT] Carrot [PLANT-20] took 0.9 pest damage (resistance: 40%). Health: 99.1%
[2026-02-25 13:29:28.046] [INFO] [PLANT] Carrot [PLANT-21] took 0.9 pest damage (resistance: 40%). Health: 99.1%
[2026-02-25 13:29:29.412] [INFO] [HEATING] Heater ON: Current 59.3°F → adjusting +2.0°F (target: 65.0°F)
[2026-02-25 13:29:29.413] [INFO] [PLANT] Tomato [PLANT-1] took 0.6 pest damage (resistance: 30%). Health: 99.4%
[2026-02-25 13:29:29.413] [INFO] [PLANT] Tomato [PLANT-2] took 0.6 pest damage (resistance: 30%). Health: 99.4%
[2026-02-25 13:29:29.413] [INFO] [PLANT] Rose [PLANT-9] took 0.6 pest damage (resistance: 20%). Health: 99.4%
[2026-02-25 13:29:29.413] [INFO] [PLANT] Carrot [PLANT-20] took 0.9 pest damage (resistance: 40%). Health: 99.1%
[2026-02-25 13:29:30.792] [INFO] [HEATING] Heater ON: Current 59.0°F → adjusting +2.0°F (target: 65.0°F)
[2026-02-25 13:29:30.793] [INFO] [PLANT] Tomato [PLANT-1] took 0.6 pest damage (resistance: 30%). Health: 99.4%
[2026-02-25 13:29:30.793] [INFO] [PLANT] Tomato [PLANT-2] took 0.6 pest damage (resistance: 30%). Health: 99.4%
[2026-02-25 13:29:30.793] [INFO] [PLANT] Rose [PLANT-9] took 0.6 pest damage (resistance: 20%). Health: 99.4%
[2026-02-25 13:29:30.793] [INFO] [PLANT] Carrot [PLANT-20] took 0.9 pest damage (resistance: 40%). Health: 99.1%
[2026-02-25 13:29:30.793] [INFO] [PLANT] Carrot [PLANT-21] took 0.9 pest damage (resistance: 40%). Health: 99.1%
[2026-02-25 13:29:30.793] [INFO] [PLANT] Lettuce [PLANT-28] took 1.3 pest damage (resistance: 15%). Health: 98.7%
[2026-02-25 13:29:32.168] [INFO] [HEATING] Heater ON: Current 59.5°F → adjusting +2.0°F (target: 65.0°F)
[2026-02-25 13:29:32.168] [INFO] [PLANT] Tomato [PLANT-1] took 0.6 pest damage (resistance: 30%). Health: 99.4%
[2026-02-25 13:29:32.168] [INFO] [PLANT] Tomato [PLANT-2] took 0.6 pest damage (resistance: 30%). Health: 99.4%
[2026-02-25 13:29:32.169] [INFO] [PLANT] Carrot [PLANT-21] took 0.9 pest damage (resistance: 40%). Health: 99.1%
[2026-02-25 13:29:33.561] [INFO] [HEATING] Heater ON: Current 58.1°F → adjusting +2.0°F (target: 65.0°F)
[2026-02-25 13:29:33.562] [INFO] [PLANT] Tomato [PLANT-1] took 0.6 pest damage (resistance: 30%). Health: 99.4%
[2026-02-25 13:29:33.562] [INFO] [PLANT] Carrot [PLANT-21] took 0.9 pest damage (resistance: 40%). Health: 99.1%
[2026-02-25 13:29:34.920] [INFO] [HEATING] Heater ON: Current 59.8°F → adjusting +2.0°F (target: 65.0°F)
[2026-02-25 13:29:34.920] [INFO] [PLANT] Tomato [PLANT-1] took 0.6 pest damage (resistance: 30%). Health: 99.4%
[2026-02-25 13:29:34.920] [INFO] [PLANT] Tomato [PLANT-7] took 0.6 pest damage (resistance: 30%). Health: 99.4%
[2026-02-25 13:29:34.920] [INFO] [PLANT] Rose [PLANT-8] took 0.6 pest damage (resistance: 20%). Health: 99.4%
[2026-02-25 13:29:34.920] [INFO] [PLANT] Carrot [PLANT-21] took 0.9 pest damage (resistance: 40%). Health: 99.1%
[2026-02-25 13:29:36.285] [INFO] [HEATING] Heater ON: Current 59.5°F → adjusting +2.0°F (target: 65.0°F)
[2026-02-25 13:29:36.285] [INFO] [PLANT] Tomato [PLANT-1] took 0.6 pest damage (resistance: 30%). Health: 99.4%
[2026-02-25 13:29:36.285] [INFO] [PLANT] Carrot [PLANT-20] took 0.9 pest damage (resistance: 40%). Health: 99.1%
[2026-02-25 13:29:36.285] [INFO] [PLANT] Carrot [PLANT-21] took 0.9 pest damage (resistance: 40%). Health: 99.1%
[2026-02-25 13:29:36.287] [INFO] [PLANT] Carrot [PLANT-22] took 0.9 pest damage (resistance: 40%). Health: 99.1%
[2026-02-25 13:29:37.633] [INFO] [HEATING] Heater ON: Current 59.1°F → adjusting +2.0°F (target: 65.0°F)
[2026-02-25 13:29:37.633] [INFO] [PLANT] Tomato [PLANT-1] took 0.6 pest damage (resistance: 30%). Health: 99.4%
[2026-02-25 13:29:37.633] [INFO] [PLANT] Tomato [PLANT-7] took 0.6 pest damage (resistance: 30%). Health: 99.4%
[2026-02-25 13:29:37.633] [INFO] [PLANT] Rose [PLANT-8] took 0.6 pest damage (resistance: 20%). Health: 99.4%
[2026-02-25 13:29:37.635] [INFO] [PLANT] Carrot [PLANT-20] took 0.9 pest damage (resistance: 40%). Health: 99.1%
[2026-02-25 13:29:37.635] [INFO] [PLANT] Carrot [PLANT-21] took 0.9 pest damage (resistance: 40%). Health: 99.1%
[2026-02-25 13:29:37.635] [INFO] [PLANT] Carrot [PLANT-22] took 0.9 pest damage (resistance: 40%). Health: 99.1%
[2026-02-25 13:29:39.004] [INFO] [HEATING] Heater ON: Current 58.7°F → adjusting +2.0°F (target: 65.0°F)
[2026-02-25 13:29:39.005] [INFO] [PLANT] Tomato [PLANT-1] took 0.6 pest damage (resistance: 30%). Health: 99.4%
[2026-02-25 13:29:39.005] [INFO] [PLANT] Tomato [PLANT-2] took 0.6 pest damage (resistance: 30%). Health: 99.4%
[2026-02-25 13:29:39.005] [INFO] [PLANT] Carrot [PLANT-20] took 0.9 pest damage (resistance: 40%). Health: 99.1%
[2026-02-25 13:29:39.005] [INFO] [PLANT] Carrot [PLANT-21] took 0.9 pest damage (resistance: 40%). Health: 99.1%
[2026-02-25 13:29:39.005] [INFO] [PLANT] Carrot [PLANT-22] took 0.9 pest damage (resistance: 40%). Health: 99.1%
[2026-02-25 13:29:40.352] [INFO] [HEATING] Heater ON: Current 60.0°F → adjusting +2.0°F (target: 65.0°F)
[2026-02-25 13:29:40.352] [INFO] [PLANT] Tomato [PLANT-1] took 0.6 pest damage (resistance: 30%). Health: 99.4%
[2026-02-25 13:29:40.352] [INFO] [PLANT] Carrot [PLANT-20] took 0.9 pest damage (resistance: 40%). Health: 99.1%
[2026-02-25 13:29:40.352] [INFO] [PLANT] Carrot [PLANT-21] took 0.9 pest damage (resistance: 40%). Health: 99.1%
[2026-02-25 13:29:40.352] [INFO] [PLANT] Lettuce [PLANT-28] took 1.3 pest damage (resistance: 15%). Health: 98.7%
[2026-02-25 13:29:41.708] [INFO] [WATERING] Sprinkler SPR-1 activated at (3, 4)
[2026-02-25 13:29:41.709] [INFO] [WATERING] Sprinkler SPR-2 activated at (2, 16)
[2026-02-25 13:29:41.709] [INFO] [WATERING] Sprinkler SPR-3 activated at (8, 4)
[2026-02-25 13:29:41.709] [INFO] [WATERING] Sprinkler SPR-4 activated at (8, 15)
[2026-02-25 13:29:41.709] [INFO] [WATERING] Sprinkler SPR-5 activated at (13, 4)
[2026-02-25 13:29:41.709] [INFO] [WATERING] Sprinkler SPR-6 activated at (17, 9)
[2026-02-25 13:29:41.709] [INFO] [WATERING] Sprinkler SPR-7 activated at (6, 12)
[2026-02-25 13:29:41.709] [INFO] [WATERING] Sprinkler SPR-8 activated at (12, 14)
[2026-02-25 13:29:41.709] [INFO] [WATERING] Sprinkler SPR-9 activated at (16, 17)
[2026-02-25 13:29:41.709] [INFO] [WATERING] Sprinkler SPR-10 activated at (19, 3)
[2026-02-25 13:29:41.709] [INFO] [HEATING] Heater ON: Current 59.7°F → adjusting +2.0°F (target: 65.0°F)
[2026-02-25 13:29:41.709] [INFO] [PLANT] Carrot [PLANT-20] took 0.9 pest damage (resistance: 40%). Health: 99.1%
[2026-02-25 13:29:41.709] [INFO] [PLANT] Carrot [PLANT-21] took 0.9 pest damage (resistance: 40%). Health: 99.1%
[2026-02-25 13:29:41.709] [INFO] [PLANT] Lettuce [PLANT-28] took 1.3 pest damage (resistance: 15%). Health: 98.7%
[2026-02-25 13:29:43.048] [INFO] [WATERING] Sprinkler SPR-1 deactivated
[2026-02-25 13:29:43.048] [INFO] [WATERING] Sprinkler SPR-2 deactivated
[2026-02-25 13:29:43.048] [INFO] [WATERING] Sprinkler SPR-3 deactivated
[2026-02-25 13:29:43.048] [INFO] [WATERING] Sprinkler SPR-4 deactivated
[2026-02-25 13:29:43.048] [INFO] [WATERING] Sprinkler SPR-5 deactivated
[2026-02-25 13:29:43.048] [INFO] [WATERING] Sprinkler SPR-6 deactivated
[2026-02-25 13:29:43.048] [INFO] [WATERING] Sprinkler SPR-7 deactivated
[2026-02-25 13:29:43.049] [INFO] [WATERING] Sprinkler SPR-8 deactivated
[2026-02-25 13:29:43.049] [INFO] [WATERING] Sprinkler SPR-9 deactivated
[2026-02-25 13:29:43.049] [INFO] [WATERING] Sprinkler SPR-10 deactivated
[2026-02-25 13:29:43.049] [INFO] [HEATING] Climate control OFF: 60.4°F is within target range
[2026-02-25 13:29:43.049] [INFO] [PLANT] Carrot [PLANT-20] took 0.9 pest damage (resistance: 40%). Health: 99.1%
[2026-02-25 13:29:44.396] [INFO] [PLANT] Carrot [PLANT-20] took 0.9 pest damage (resistance: 40%). Health: 99.1%
[2026-02-25 13:29:45.744] [INFO] [HEATING] Heater ON: Current 59.1°F → adjusting +2.0°F (target: 65.0°F)
[2026-02-25 13:29:45.744] [INFO] [PLANT] Carrot [PLANT-20] took 0.9 pest damage (resistance: 40%). Health: 99.1%
[2026-02-25 13:29:45.744] [INFO] [PLANT] Lettuce [PLANT-27] took 1.3 pest damage (resistance: 15%). Health: 98.7%
[2026-02-25 13:29:45.744] [INFO] [PLANT] Lettuce [PLANT-28] took 1.3 pest damage (resistance: 15%). Health: 98.7%
[2026-02-25 13:29:47.095] [INFO] [SENSOR] Light Sensor [SENSOR-10] returned to normal: 20.0 lux
[2026-02-25 13:29:47.096] [INFO] [HEATING] Climate control OFF: 60.3°F is within target range
[2026-02-25 13:29:47.096] [INFO] [PLANT] Lettuce [PLANT-27] took 1.3 pest damage (resistance: 15%). Health: 98.7%
[2026-02-25 13:29:47.096] [INFO] [PLANT] Lettuce [PLANT-28] took 1.3 pest damage (resistance: 15%). Health: 98.7%
[2026-02-25 13:29:47.096] [INFO] [PLANT] Lettuce [PLANT-29] took 1.3 pest damage (resistance: 15%). Health: 98.7%
[2026-02-25 13:29:48.446] [INFO] [HEATING] Heater ON: Current 59.6°F → adjusting +2.0°F (target: 65.0°F)
[2026-02-25 13:29:48.446] [INFO] [PLANT] Tomato [PLANT-1] took 0.6 pest damage (resistance: 30%). Health: 99.4%
[2026-02-25 13:29:48.446] [INFO] [PLANT] Lettuce [PLANT-28] took 1.3 pest damage (resistance: 15%). Health: 98.7%
[2026-02-25 13:29:48.446] [INFO] [PLANT] Lettuce [PLANT-31] took 1.3 pest damage (resistance: 15%). Health: 98.7%
[2026-02-25 13:29:49.791] [INFO] [SENSOR] Light Sensor [SENSOR-9] returned to normal: 20.2 lux
[2026-02-25 13:29:49.791] [INFO] [SENSOR] Light Sensor [SENSOR-11] returned to normal: 21.1 lux
[2026-02-25 13:29:49.791] [INFO] [HEATING] Climate control OFF: 60.6°F is within target range
[2026-02-25 13:29:49.791] [INFO] [PLANT] Lettuce [PLANT-28] took 1.3 pest damage (resistance: 15%). Health: 98.7%
[2026-02-25 13:29:49.791] [INFO] [PLANT] Lettuce [PLANT-31] took 1.3 pest damage (resistance: 15%). Health: 98.7%
[2026-02-25 13:29:51.132] [INFO] [PLANT] Tomato [PLANT-1] took 0.6 pest damage (resistance: 30%). Health: 99.4%
[2026-02-25 13:29:51.133] [INFO] [PLANT] Lettuce [PLANT-28] took 1.3 pest damage (resistance: 15%). Health: 98.7%
[2026-02-25 13:29:51.133] [INFO] [PLANT] Lettuce [PLANT-31] took 1.3 pest damage (resistance: 15%). Health: 98.7%
[2026-02-25 13:29:52.476] [INFO] [PLANT] Tomato [PLANT-1] took 0.6 pest damage (resistance: 30%). Health: 99.4%
[2026-02-25 13:29:52.476] [INFO] [PLANT] Lettuce [PLANT-28] took 1.3 pest damage (resistance: 15%). Health: 98.7%
[2026-02-25 13:29:52.476] [INFO] [PLANT] Lettuce [PLANT-29] took 1.3 pest damage (resistance: 15%). Health: 98.7%
[2026-02-25 13:29:52.476] [INFO] [PLANT] Lettuce [PLANT-31] took 1.3 pest damage (resistance: 15%). Health: 98.7%
[2026-02-25 13:29:53.865] [INFO] [PLANT] Lettuce [PLANT-28] took 1.3 pest damage (resistance: 15%). Health: 98.7%
[2026-02-25 13:29:53.865] [INFO] [PLANT] Lettuce [PLANT-29] took 1.3 pest damage (resistance: 15%). Health: 98.7%
[2026-02-25 13:29:53.865] [INFO] [PLANT] Lettuce [PLANT-31] took 1.3 pest damage (resistance: 15%). Health: 98.7%
[2026-02-25 13:29:55.242] [INFO] [PLANT] Lettuce [PLANT-29] took 1.3 pest damage (resistance: 15%). Health: 98.7%
[2026-02-25 13:29:55.242] [INFO] [PLANT] Lettuce [PLANT-31] took 1.3 pest damage (resistance: 15%). Health: 98.7%
[2026-02-25 13:29:56.587] [INFO] [PLANT] Tomato [PLANT-1] took 0.6 pest damage (resistance: 30%). Health: 99.4%
[2026-02-25 13:29:56.588] [INFO] [PLANT] Lettuce [PLANT-31] took 1.3 pest damage (resistance: 15%). Health: 98.7%
[2026-02-25 13:29:57.920] [INFO] [WATERING] Sprinkler SPR-1 activated at (3, 4)
[2026-02-25 13:29:57.920] [INFO] [WATERING] Sprinkler SPR-2 activated at (2, 16)
[2026-02-25 13:29:57.920] [INFO] [WATERING] Sprinkler SPR-3 activated at (8, 4)
[2026-02-25 13:29:57.920] [INFO] [WATERING] Sprinkler SPR-4 activated at (8, 15)
[2026-02-25 13:29:57.920] [INFO] [WATERING] Sprinkler SPR-5 activated at (13, 4)
[2026-02-25 13:29:57.920] [INFO] [WATERING] Sprinkler SPR-6 activated at (17, 9)
[2026-02-25 13:29:57.920] [INFO] [WATERING] Sprinkler SPR-7 activated at (6, 12)
[2026-02-25 13:29:57.920] [INFO] [WATERING] Sprinkler SPR-8 activated at (12, 14)
[2026-02-25 13:29:57.920] [INFO] [WATERING] Sprinkler SPR-9 activated at (16, 17)
[2026-02-25 13:29:57.920] [INFO] [WATERING] Sprinkler SPR-10 activated at (19, 3)
[2026-02-25 13:29:57.920] [INFO] [PLANT] Lettuce [PLANT-31] took 1.3 pest damage (resistance: 15%). Health: 98.7%
[2026-02-25 13:29:59.259] [INFO] [WATERING] Sprinkler SPR-1 deactivated
[2026-02-25 13:29:59.259] [INFO] [WATERING] Sprinkler SPR-2 deactivated
[2026-02-25 13:29:59.259] [INFO] [WATERING] Sprinkler SPR-3 deactivated
[2026-02-25 13:29:59.259] [INFO] [WATERING] Sprinkler SPR-4 deactivated
[2026-02-25 13:29:59.259] [INFO] [WATERING] Sprinkler SPR-5 deactivated
[2026-02-25 13:29:59.259] [INFO] [WATERING] Sprinkler SPR-6 deactivated
[2026-02-25 13:29:59.259] [INFO] [WATERING] Sprinkler SPR-7 deactivated
[2026-02-25 13:29:59.260] [INFO] [WATERING] Sprinkler SPR-8 deactivated
[2026-02-25 13:29:59.260] [INFO] [WATERING] Sprinkler SPR-9 deactivated
[2026-02-25 13:29:59.260] [INFO] [WATERING] Sprinkler SPR-10 deactivated
[2026-02-25 13:29:59.261] [INFO] [PLANT] Lettuce [PLANT-27] grew from SEED to SPROUT (health: 100.0%)
[2026-02-25 13:29:59.261] [INFO] [PLANT] Lettuce [PLANT-28] grew from SEED to SPROUT (health: 100.0%)
[2026-02-25 13:29:59.261] [INFO] [PLANT] Lettuce [PLANT-29] grew from SEED to SPROUT (health: 100.0%)
[2026-02-25 13:29:59.261] [INFO] [PLANT] Lettuce [PLANT-30] grew from SEED to SPROUT (health: 100.0%)
[2026-02-25 13:29:59.261] [INFO] [PLANT] Lettuce [PLANT-31] grew from SEED to SPROUT (health: 100.0%)
[2026-02-25 13:29:59.261] [INFO] [PLANT] Lettuce [PLANT-32] grew from SEED to SPROUT (health: 100.0%)
[2026-02-25 13:29:59.261] [INFO] [PLANT] Tomato [PLANT-1] took 0.6 pest damage (resistance: 30%). Health: 99.4%
[2026-02-25 13:30:00.598] [INFO] [PLANT] Tomato [PLANT-1] took 0.6 pest damage (resistance: 30%). Health: 99.4%
[2026-02-25 13:30:01.947] [INFO] [PLANT] Lettuce [PLANT-31] took 1.3 pest damage (resistance: 15%). Health: 98.7%
[2026-02-25 13:30:03.282] [INFO] [PLANT] Tomato [PLANT-1] took 0.6 pest damage (resistance: 30%). Health: 99.4%
[2026-02-25 13:30:03.282] [INFO] [PLANT] Lettuce [PLANT-31] took 1.3 pest damage (resistance: 15%). Health: 98.7%
[2026-02-25 13:30:04.613] [INFO] [PLANT] Tomato [PLANT-1] took 0.6 pest damage (resistance: 30%). Health: 99.4%
[2026-02-25 13:30:04.613] [INFO] [PLANT] Lettuce [PLANT-31] took 1.3 pest damage (resistance: 15%). Health: 98.7%
[2026-02-25 13:30:05.992] [INFO] [PLANT] Sunflower [PLANT-14] grew from SEED to SPROUT (health: 94.6%)
[2026-02-25 13:30:05.992] [INFO] [PLANT] Sunflower [PLANT-15] grew from SEED to SPROUT (health: 100.0%)
[2026-02-25 13:30:05.992] [INFO] [PLANT] Sunflower [PLANT-16] grew from SEED to SPROUT (health: 100.0%)
[2026-02-25 13:30:05.992] [INFO] [PLANT] Sunflower [PLANT-17] grew from SEED to SPROUT (health: 100.0%)
[2026-02-25 13:30:05.993] [INFO] [PLANT] Sunflower [PLANT-18] grew from SEED to SPROUT (health: 100.0%)
[2026-02-25 13:30:05.993] [INFO] [PLANT] Sunflower [PLANT-19] grew from SEED to SPROUT (health: 100.0%)
[2026-02-25 13:30:05.993] [INFO] [PLANT] Tomato [PLANT-1] took 0.6 pest damage (resistance: 30%). Health: 99.4%
[2026-02-25 13:30:05.993] [INFO] [PLANT] Tomato [PLANT-2] took 0.6 pest damage (resistance: 30%). Health: 99.4%
[2026-02-25 13:30:05.993] [INFO] [PLANT] Lettuce [PLANT-31] took 1.3 pest damage (resistance: 15%). Health: 98.7%
[2026-02-25 13:30:07.344] [INFO] [PLANT] Tomato [PLANT-1] took 0.6 pest damage (resistance: 30%). Health: 99.4%
[2026-02-25 13:30:07.344] [INFO] [PLANT] Tomato [PLANT-2] took 0.6 pest damage (resistance: 30%). Health: 99.4%
[2026-02-25 13:30:07.344] [INFO] [PLANT] Cactus [PLANT-36] took 0.3 pest damage (resistance: 80%). Health: 99.7%
[2026-02-25 13:30:08.686] [INFO] [PLANT] Tomato [PLANT-1] took 0.6 pest damage (resistance: 30%). Health: 99.4%
[2026-02-25 13:30:08.686] [INFO] [PLANT] Cactus [PLANT-36] took 0.3 pest damage (resistance: 80%). Health: 99.7%
[2026-02-25 13:30:10.043] [INFO] [PLANT] Cactus [PLANT-36] took 0.3 pest damage (resistance: 80%). Health: 99.7%
[2026-02-25 13:30:11.404] [WARN] [PLANT] Sunflower [PLANT-14] is critically dehydrated!
[2026-02-25 13:30:11.405] [INFO] [PLANT] Tomato [PLANT-1] took 0.6 pest damage (resistance: 30%). Health: 99.4%
[2026-02-25 13:30:11.405] [INFO] [PLANT] Cactus [PLANT-36] took 0.3 pest damage (resistance: 80%). Health: 99.7%
[2026-02-25 13:30:12.737] [WARN] [PLANT] Sunflower [PLANT-14] is critically dehydrated!
[2026-02-25 13:30:12.737] [INFO] [PLANT] Tomato [PLANT-1] took 0.6 pest damage (resistance: 30%). Health: 99.4%
[2026-02-25 13:30:12.737] [INFO] [PLANT] Cactus [PLANT-36] took 0.3 pest damage (resistance: 80%). Health: 99.7%
[2026-02-25 13:30:14.077] [WARN] [PLANT] Sunflower [PLANT-14] is critically dehydrated!
[2026-02-25 13:30:14.077] [INFO] [PLANT] Tomato [PLANT-1] took 0.6 pest damage (resistance: 30%). Health: 99.4%
[2026-02-25 13:30:14.077] [INFO] [PLANT] Cactus [PLANT-36] took 0.3 pest damage (resistance: 80%). Health: 99.7%
[2026-02-25 13:30:15.418] [WARN] [PLANT] Sunflower [PLANT-14] is critically dehydrated!
[2026-02-25 13:30:15.419] [INFO] [PLANT] Tomato [PLANT-1] took 0.6 pest damage (resistance: 30%). Health: 97.1%
[2026-02-25 13:30:15.419] [INFO] [PLANT] Cactus [PLANT-36] took 0.3 pest damage (resistance: 80%). Health: 99.7%
[2026-02-25 13:30:16.765] [WARN] [PLANT] Sunflower [PLANT-14] is critically dehydrated!
[2026-02-25 13:30:16.765] [INFO] [PLANT] Tomato [PLANT-1] took 0.6 pest damage (resistance: 30%). Health: 94.7%
[2026-02-25 13:30:16.765] [INFO] [PLANT] Tomato [PLANT-2] took 0.6 pest damage (resistance: 30%). Health: 95.8%
[2026-02-25 13:30:18.098] [INFO] [WATERING] Sprinkler SPR-1 activated at (3, 4)
[2026-02-25 13:30:18.098] [INFO] [WATERING] Sprinkler SPR-2 activated at (2, 16)
[2026-02-25 13:30:18.098] [INFO] [WATERING] Sprinkler SPR-3 activated at (8, 4)
[2026-02-25 13:30:18.098] [INFO] [WATERING] Sprinkler SPR-4 activated at (8, 15)
[2026-02-25 13:30:18.098] [INFO] [WATERING] Sprinkler SPR-5 activated at (13, 4)
[2026-02-25 13:30:18.098] [INFO] [WATERING] Sprinkler SPR-6 activated at (17, 9)
[2026-02-25 13:30:18.098] [INFO] [WATERING] Sprinkler SPR-7 activated at (6, 12)
[2026-02-25 13:30:18.098] [INFO] [WATERING] Sprinkler SPR-8 activated at (12, 14)
[2026-02-25 13:30:18.098] [INFO] [WATERING] Sprinkler SPR-9 activated at (16, 17)
[2026-02-25 13:30:18.098] [INFO] [WATERING] Sprinkler SPR-10 activated at (19, 3)
[2026-02-25 13:30:18.099] [INFO] [PLANT] Tomato [PLANT-1] took 0.6 pest damage (resistance: 30%). Health: 95.6%
[2026-02-25 13:30:18.099] [INFO] [PLANT] Tomato [PLANT-2] took 0.6 pest damage (resistance: 30%). Health: 96.7%
[2026-02-25 13:30:18.099] [INFO] [PLANT] Cactus [PLANT-36] took 0.3 pest damage (resistance: 80%). Health: 99.7%
[2026-02-25 13:30:19.435] [INFO] [WATERING] Sprinkler SPR-1 deactivated
[2026-02-25 13:30:19.435] [INFO] [WATERING] Sprinkler SPR-2 deactivated
[2026-02-25 13:30:19.435] [INFO] [WATERING] Sprinkler SPR-3 deactivated
[2026-02-25 13:30:19.435] [INFO] [WATERING] Sprinkler SPR-4 deactivated
[2026-02-25 13:30:19.435] [INFO] [WATERING] Sprinkler SPR-5 deactivated
[2026-02-25 13:30:19.435] [INFO] [WATERING] Sprinkler SPR-6 deactivated
[2026-02-25 13:30:19.435] [INFO] [WATERING] Sprinkler SPR-7 deactivated
[2026-02-25 13:30:19.435] [INFO] [WATERING] Sprinkler SPR-8 deactivated
[2026-02-25 13:30:19.435] [INFO] [WATERING] Sprinkler SPR-9 deactivated
[2026-02-25 13:30:19.435] [INFO] [WATERING] Sprinkler SPR-10 deactivated
[2026-02-25 13:30:19.435] [INFO] [LIGHTING] Grow lights OFF: Natural light 50 sufficient
[2026-02-25 13:30:19.435] [INFO] [PLANT] Tomato [PLANT-1] grew from SEED to SPROUT (health: 97.0%)
[2026-02-25 13:30:19.435] [INFO] [PLANT] Tomato [PLANT-2] grew from SEED to SPROUT (health: 98.1%)
[2026-02-25 13:30:19.435] [INFO] [PLANT] Tomato [PLANT-3] grew from SEED to SPROUT (health: 99.2%)
[2026-02-25 13:30:19.435] [INFO] [PLANT] Tomato [PLANT-4] grew from SEED to SPROUT (health: 99.2%)
[2026-02-25 13:30:19.435] [INFO] [PLANT] Tomato [PLANT-5] grew from SEED to SPROUT (health: 99.2%)
[2026-02-25 13:30:19.435] [INFO] [PLANT] Tomato [PLANT-6] grew from SEED to SPROUT (health: 99.2%)
[2026-02-25 13:30:19.435] [INFO] [PLANT] Tomato [PLANT-7] grew from SEED to SPROUT (health: 100.0%)
[2026-02-25 13:30:19.435] [INFO] [PLANT] Tomato [PLANT-2] took 0.6 pest damage (resistance: 30%). Health: 97.5%
[2026-02-25 13:30:19.435] [INFO] [INSECT] Aphid [INSECT-5] is feeding on Tomato at (2, 5)
[2026-02-25 13:30:19.435] [INFO] [PLANT] Cactus [PLANT-36] took 0.3 pest damage (resistance: 80%). Health: 99.7%
[2026-02-25 13:30:19.435] [INFO] [INSECT] Caterpillar [INSECT-6] is feeding on Cactus at (19, 1)
[2026-02-25 13:30:19.436] [INFO] [GARDEN] --- TICK 50 STATUS | Temp: 65.2°F | Light: 50 | Humidity: 57% | Plants: 36/36 alive | Insects: 6 (2 pests) ---
[2026-02-25 13:30:20.781] [INFO] [PLANT] Cactus [PLANT-36] took 0.3 pest damage (resistance: 80%). Health: 99.7%
[2026-02-25 13:30:22.125] [INFO] [PLANT] Tomato [PLANT-2] took 0.6 pest damage (resistance: 30%). Health: 99.4%
[2026-02-25 13:30:22.125] [INFO] [PLANT] Cactus [PLANT-36] took 0.3 pest damage (resistance: 80%). Health: 99.7%
[2026-02-25 13:30:23.474] [INFO] [PLANT] Tomato [PLANT-2] took 0.6 pest damage (resistance: 30%). Health: 99.4%
[2026-02-25 13:30:23.474] [INFO] [PLANT] Cactus [PLANT-36] took 0.3 pest damage (resistance: 80%). Health: 99.7%
[2026-02-25 13:30:24.845] [WARN] [PLANT] Sunflower [PLANT-14] is critically dehydrated!
[2026-02-25 13:30:24.845] [INFO] [PLANT] Cactus [PLANT-36] took 0.3 pest damage (resistance: 80%). Health: 99.7%
[2026-02-25 13:30:26.198] [WARN] [PLANT] Sunflower [PLANT-14] is critically dehydrated!
[2026-02-25 13:30:26.198] [INFO] [PLANT] Carrot [PLANT-20] grew from SEED to SPROUT (health: 100.0%)
[2026-02-25 13:30:26.198] [INFO] [PLANT] Carrot [PLANT-21] grew from SEED to SPROUT (health: 100.0%)
[2026-02-25 13:30:26.198] [INFO] [PLANT] Carrot [PLANT-22] grew from SEED to SPROUT (health: 100.0%)
[2026-02-25 13:30:26.199] [INFO] [PLANT] Carrot [PLANT-23] grew from SEED to SPROUT (health: 100.0%)
[2026-02-25 13:30:26.199] [INFO] [PLANT] Carrot [PLANT-24] grew from SEED to SPROUT (health: 100.0%)
[2026-02-25 13:30:26.199] [INFO] [PLANT] Carrot [PLANT-25] grew from SEED to SPROUT (health: 100.0%)
[2026-02-25 13:30:26.199] [INFO] [PLANT] Carrot [PLANT-26] grew from SEED to SPROUT (health: 100.0%)
[2026-02-25 13:30:26.199] [INFO] [PLANT] Tomato [PLANT-2] took 0.6 pest damage (resistance: 30%). Health: 95.3%
[2026-02-25 13:30:26.199] [INFO] [PLANT] Cactus [PLANT-36] took 0.3 pest damage (resistance: 80%). Health: 99.7%
[2026-02-25 13:30:27.552] [WARN] [PLANT] Sunflower [PLANT-14] is critically dehydrated!
[2026-02-25 13:30:27.553] [INFO] [PLANT] Tomato [PLANT-2] took 0.6 pest damage (resistance: 30%). Health: 92.9%
[2026-02-25 13:30:27.553] [INFO] [PLANT] Tomato [PLANT-3] took 0.6 pest damage (resistance: 30%). Health: 94.0%
[2026-02-25 13:30:28.893] [WARN] [PLANT] Sunflower [PLANT-14] is critically dehydrated!
[2026-02-25 13:30:28.893] [INFO] [PLANT] Tomato [PLANT-1] took 0.6 pest damage (resistance: 30%). Health: 92.2%
[2026-02-25 13:30:28.893] [INFO] [PLANT] Tomato [PLANT-2] took 0.6 pest damage (resistance: 30%). Health: 90.6%
[2026-02-25 13:30:28.894] [INFO] [PLANT] Tomato [PLANT-3] took 0.6 pest damage (resistance: 30%). Health: 91.7%
[2026-02-25 13:30:30.241] [WARN] [PLANT] Sunflower [PLANT-14] is critically dehydrated!
[2026-02-25 13:30:30.241] [INFO] [PLANT] Tomato [PLANT-1] took 0.6 pest damage (resistance: 30%). Health: 89.9%
[2026-02-25 13:30:30.241] [INFO] [PLANT] Tomato [PLANT-2] took 0.6 pest damage (resistance: 30%). Health: 88.2%
[2026-02-25 13:30:31.581] [WARN] [PLANT] Sunflower [PLANT-14] is critically dehydrated!
[2026-02-25 13:30:31.581] [INFO] [PLANT] Tomato [PLANT-2] took 0.6 pest damage (resistance: 30%). Health: 85.8%
[2026-02-25 13:30:32.924] [INFO] [PLANT] Rose [PLANT-8] grew from SEED to SPROUT (health: 100.0%)
[2026-02-25 13:30:32.924] [INFO] [PLANT] Rose [PLANT-9] grew from SEED to SPROUT (health: 100.0%)
[2026-02-25 13:30:32.924] [INFO] [PLANT] Rose [PLANT-10] grew from SEED to SPROUT (health: 100.0%)
[2026-02-25 13:30:32.924] [INFO] [PLANT] Rose [PLANT-11] grew from SEED to SPROUT (health: 100.0%)
[2026-02-25 13:30:32.924] [INFO] [PLANT] Rose [PLANT-12] grew from SEED to SPROUT (health: 100.0%)
[2026-02-25 13:30:32.924] [INFO] [PLANT] Rose [PLANT-13] grew from SEED to SPROUT (health: 100.0%)
[2026-02-25 13:30:32.924] [WARN] [PLANT] Sunflower [PLANT-14] is critically dehydrated!
[2026-02-25 13:30:34.263] [WARN] [PLANT] Sunflower [PLANT-14] is critically dehydrated!
[2026-02-25 13:30:34.264] [INFO] [PLANT] Tomato [PLANT-3] took 0.6 pest damage (resistance: 30%). Health: 83.9%
[2026-02-25 13:30:35.630] [INFO] [WATERING] Sprinkler SPR-1 activated at (3, 4)
[2026-02-25 13:30:35.631] [INFO] [WATERING] Sprinkler SPR-2 activated at (2, 16)
[2026-02-25 13:30:35.631] [INFO] [WATERING] Sprinkler SPR-3 activated at (8, 4)
[2026-02-25 13:30:35.631] [INFO] [WATERING] Sprinkler SPR-4 activated at (8, 15)
[2026-02-25 13:30:35.631] [INFO] [WATERING] Sprinkler SPR-5 activated at (13, 4)
[2026-02-25 13:30:35.631] [INFO] [WATERING] Sprinkler SPR-6 activated at (17, 9)
[2026-02-25 13:30:35.631] [INFO] [WATERING] Sprinkler SPR-7 activated at (6, 12)
[2026-02-25 13:30:35.631] [INFO] [WATERING] Sprinkler SPR-8 activated at (12, 14)
[2026-02-25 13:30:35.631] [INFO] [WATERING] Sprinkler SPR-9 activated at (16, 17)
[2026-02-25 13:30:35.631] [INFO] [WATERING] Sprinkler SPR-10 activated at (19, 3)
[2026-02-25 13:30:35.631] [INFO] [PLANT] Cactus [PLANT-36] took 0.3 pest damage (resistance: 80%). Health: 99.7%
[2026-02-25 13:30:36.974] [INFO] [WATERING] Sprinkler SPR-1 deactivated
[2026-02-25 13:30:36.974] [INFO] [WATERING] Sprinkler SPR-2 deactivated
[2026-02-25 13:30:36.974] [INFO] [WATERING] Sprinkler SPR-3 deactivated
[2026-02-25 13:30:36.974] [INFO] [WATERING] Sprinkler SPR-4 deactivated
[2026-02-25 13:30:36.974] [INFO] [WATERING] Sprinkler SPR-5 deactivated
[2026-02-25 13:30:36.974] [INFO] [WATERING] Sprinkler SPR-6 deactivated
[2026-02-25 13:30:36.974] [INFO] [WATERING] Sprinkler SPR-7 deactivated
[2026-02-25 13:30:36.974] [INFO] [WATERING] Sprinkler SPR-8 deactivated
[2026-02-25 13:30:36.975] [INFO] [WATERING] Sprinkler SPR-9 deactivated
[2026-02-25 13:30:36.975] [INFO] [WATERING] Sprinkler SPR-10 deactivated
[2026-02-25 13:30:36.975] [INFO] [PLANT] Cactus [PLANT-36] took 0.3 pest damage (resistance: 80%). Health: 99.7%
[2026-02-25 13:30:38.315] [INFO] [PLANT] Tomato [PLANT-3] took 0.6 pest damage (resistance: 30%). Health: 78.0%
[2026-02-25 13:30:38.315] [INFO] [PLANT] Cactus [PLANT-36] took 0.3 pest damage (resistance: 80%). Health: 99.7%
[2026-02-25 13:30:39.677] [INFO] [PLANT] Tomato [PLANT-3] took 0.6 pest damage (resistance: 30%). Health: 75.6%
[2026-02-25 13:30:39.677] [INFO] [PLANT] Cactus [PLANT-36] took 0.3 pest damage (resistance: 80%). Health: 99.7%
[2026-02-25 13:30:41.008] [INFO] [PLANT] Tomato [PLANT-2] took 0.6 pest damage (resistance: 30%). Health: 72.7%
[2026-02-25 13:30:41.008] [INFO] [PLANT] Tomato [PLANT-3] took 0.6 pest damage (resistance: 30%). Health: 73.2%
[2026-02-25 13:30:41.008] [INFO] [PLANT] Cactus [PLANT-36] took 0.3 pest damage (resistance: 80%). Health: 99.7%
[2026-02-25 13:30:42.355] [WARN] [PLANT] Sunflower [PLANT-14] is critically dehydrated!
[2026-02-25 13:30:42.356] [INFO] [PLANT] Tomato [PLANT-2] took 0.6 pest damage (resistance: 30%). Health: 70.3%
[2026-02-25 13:30:42.356] [INFO] [PLANT] Tomato [PLANT-3] took 0.6 pest damage (resistance: 30%). Health: 70.9%
[2026-02-25 13:30:42.356] [INFO] [PLANT] Rose [PLANT-10] took 0.6 pest damage (resistance: 20%). Health: 99.4%
[2026-02-25 13:30:42.356] [INFO] [PLANT] Cactus [PLANT-36] took 0.3 pest damage (resistance: 80%). Health: 99.7%
[2026-02-25 13:30:43.728] [WARN] [PLANT] Sunflower [PLANT-14] is critically dehydrated!
[2026-02-25 13:30:43.728] [INFO] [PLANT] Tomato [PLANT-2] took 0.6 pest damage (resistance: 30%). Health: 68.0%
[2026-02-25 13:30:43.728] [INFO] [PLANT] Tomato [PLANT-3] took 0.6 pest damage (resistance: 30%). Health: 68.5%
[2026-02-25 13:30:43.728] [INFO] [PLANT] Rose [PLANT-10] took 0.6 pest damage (resistance: 20%). Health: 99.4%
[2026-02-25 13:30:43.729] [INFO] [PLANT] Cactus [PLANT-36] took 0.3 pest damage (resistance: 80%). Health: 99.7%
[2026-02-25 13:30:45.117] [WARN] [PLANT] Tomato [PLANT-1] is critically dehydrated!
[2026-02-25 13:30:45.117] [WARN] [PLANT] Tomato [PLANT-2] is critically dehydrated!
[2026-02-25 13:30:45.117] [WARN] [PLANT] Tomato [PLANT-3] is critically dehydrated!
[2026-02-25 13:30:45.117] [WARN] [PLANT] Tomato [PLANT-4] is critically dehydrated!
[2026-02-25 13:30:45.117] [WARN] [PLANT] Tomato [PLANT-5] is critically dehydrated!
[2026-02-25 13:30:45.117] [WARN] [PLANT] Tomato [PLANT-6] is critically dehydrated!
[2026-02-25 13:30:45.117] [WARN] [PLANT] Sunflower [PLANT-14] is critically dehydrated!
[2026-02-25 13:30:45.117] [INFO] [PLANT] Tomato [PLANT-2] took 0.6 pest damage (resistance: 30%). Health: 65.6%
[2026-02-25 13:30:45.117] [INFO] [PLANT] Tomato [PLANT-3] took 0.6 pest damage (resistance: 30%). Health: 66.2%
[2026-02-25 13:30:45.117] [INFO] [PLANT] Cactus [PLANT-36] took 0.3 pest damage (resistance: 80%). Health: 99.7%
[2026-02-25 13:30:46.523] [WARN] [PLANT] Tomato [PLANT-1] is critically dehydrated!
[2026-02-25 13:30:46.523] [WARN] [PLANT] Tomato [PLANT-2] is critically dehydrated!
[2026-02-25 13:30:46.523] [WARN] [PLANT] Tomato [PLANT-3] is critically dehydrated!
[2026-02-25 13:30:46.523] [WARN] [PLANT] Tomato [PLANT-4] is critically dehydrated!
[2026-02-25 13:30:46.523] [WARN] [PLANT] Tomato [PLANT-5] is critically dehydrated!
[2026-02-25 13:30:46.523] [WARN] [PLANT] Tomato [PLANT-6] is critically dehydrated!
[2026-02-25 13:30:46.523] [WARN] [PLANT] Sunflower [PLANT-14] is critically dehydrated!
[2026-02-25 13:30:46.523] [INFO] [PLANT] Lettuce [PLANT-27] grew from SPROUT to VEGETATIVE (health: 100.0%)
[2026-02-25 13:30:46.523] [INFO] [PLANT] Lettuce [PLANT-28] grew from SPROUT to VEGETATIVE (health: 100.0%)
[2026-02-25 13:30:46.523] [INFO] [PLANT] Lettuce [PLANT-29] grew from SPROUT to VEGETATIVE (health: 100.0%)
[2026-02-25 13:30:46.524] [INFO] [PLANT] Lettuce [PLANT-30] grew from SPROUT to VEGETATIVE (health: 100.0%)
[2026-02-25 13:30:46.524] [INFO] [PLANT] Lettuce [PLANT-31] grew from SPROUT to VEGETATIVE (health: 100.0%)
[2026-02-25 13:30:46.524] [INFO] [PLANT] Lettuce [PLANT-32] grew from SPROUT to VEGETATIVE (health: 100.0%)
[2026-02-25 13:30:46.524] [INFO] [PLANT] Tomato [PLANT-1] took 0.6 pest damage (resistance: 30%). Health: 67.7%
[2026-02-25 13:30:46.524] [INFO] [PLANT] Tomato [PLANT-2] took 0.6 pest damage (resistance: 30%). Health: 63.2%
[2026-02-25 13:30:46.524] [INFO] [PLANT] Tomato [PLANT-3] took 0.6 pest damage (resistance: 30%). Health: 63.8%
[2026-02-25 13:30:46.524] [INFO] [PLANT] Cactus [PLANT-36] took 0.3 pest damage (resistance: 80%). Health: 99.7%
[2026-02-25 13:30:47.892] [WARN] [PLANT] Tomato [PLANT-1] is critically dehydrated!
[2026-02-25 13:30:47.892] [WARN] [PLANT] Tomato [PLANT-2] is critically dehydrated!
[2026-02-25 13:30:47.892] [WARN] [PLANT] Tomato [PLANT-3] is critically dehydrated!
[2026-02-25 13:30:47.892] [WARN] [PLANT] Tomato [PLANT-4] is critically dehydrated!
[2026-02-25 13:30:47.892] [WARN] [PLANT] Tomato [PLANT-5] is critically dehydrated!
[2026-02-25 13:30:47.892] [WARN] [PLANT] Tomato [PLANT-6] is critically dehydrated!
[2026-02-25 13:30:47.892] [WARN] [PLANT] Sunflower [PLANT-14] is critically dehydrated!
[2026-02-25 13:30:47.892] [INFO] [PLANT] Tomato [PLANT-1] took 0.6 pest damage (resistance: 30%). Health: 65.4%
[2026-02-25 13:30:47.893] [INFO] [PLANT] Tomato [PLANT-2] took 0.6 pest damage (resistance: 30%). Health: 60.9%
[2026-02-25 13:30:47.893] [INFO] [PLANT] Tomato [PLANT-3] took 0.6 pest damage (resistance: 30%). Health: 61.4%
[2026-02-25 13:30:47.893] [INFO] [PLANT] Cactus [PLANT-36] took 0.3 pest damage (resistance: 80%). Health: 99.7%
[2026-02-25 13:30:49.293] [WARN] [PLANT] Tomato [PLANT-1] is critically dehydrated!
[2026-02-25 13:30:49.293] [WARN] [PLANT] Tomato [PLANT-2] is critically dehydrated!
[2026-02-25 13:30:49.293] [WARN] [PLANT] Tomato [PLANT-3] is critically dehydrated!
[2026-02-25 13:30:49.293] [WARN] [PLANT] Tomato [PLANT-4] is critically dehydrated!
[2026-02-25 13:30:49.293] [WARN] [PLANT] Tomato [PLANT-5] is critically dehydrated!
[2026-02-25 13:30:49.293] [WARN] [PLANT] Tomato [PLANT-6] is critically dehydrated!
[2026-02-25 13:30:49.293] [WARN] [PLANT] Sunflower [PLANT-14] is critically dehydrated!
[2026-02-25 13:30:49.293] [INFO] [PLANT] Tomato [PLANT-2] took 0.6 pest damage (resistance: 30%). Health: 58.5%
[2026-02-25 13:30:49.293] [INFO] [PLANT] Cactus [PLANT-36] took 0.3 pest damage (resistance: 80%). Health: 99.7%
[2026-02-25 13:30:50.676] [WARN] [PLANT] Tomato [PLANT-1] is critically dehydrated!
[2026-02-25 13:30:50.676] [WARN] [PLANT] Tomato [PLANT-2] is critically dehydrated!
[2026-02-25 13:30:50.676] [WARN] [PLANT] Tomato [PLANT-3] is critically dehydrated!
[2026-02-25 13:30:50.676] [WARN] [PLANT] Tomato [PLANT-4] is critically dehydrated!
[2026-02-25 13:30:50.676] [WARN] [PLANT] Tomato [PLANT-5] is critically dehydrated!
[2026-02-25 13:30:50.676] [WARN] [PLANT] Tomato [PLANT-6] is critically dehydrated!
[2026-02-25 13:30:50.676] [WARN] [PLANT] Sunflower [PLANT-14] is critically dehydrated!
[2026-02-25 13:30:50.677] [INFO] [PLANT] Tomato [PLANT-1] took 0.6 pest damage (resistance: 30%). Health: 61.2%
[2026-02-25 13:30:50.677] [INFO] [PLANT] Tomato [PLANT-2] took 0.6 pest damage (resistance: 30%). Health: 56.2%
[2026-02-25 13:30:50.677] [INFO] [PLANT] Tomato [PLANT-3] took 0.6 pest damage (resistance: 30%). Health: 57.3%
[2026-02-25 13:30:52.093] [WARN] [PLANT] Tomato [PLANT-1] is critically dehydrated!
[2026-02-25 13:30:52.093] [WARN] [PLANT] Tomato [PLANT-2] is critically dehydrated!
[2026-02-25 13:30:52.093] [WARN] [PLANT] Tomato [PLANT-3] is critically dehydrated!
[2026-02-25 13:30:52.093] [WARN] [PLANT] Tomato [PLANT-4] is critically dehydrated!
[2026-02-25 13:30:52.093] [WARN] [PLANT] Tomato [PLANT-5] is critically dehydrated!
[2026-02-25 13:30:52.093] [WARN] [PLANT] Tomato [PLANT-6] is critically dehydrated!
[2026-02-25 13:30:52.093] [WARN] [PLANT] Sunflower [PLANT-14] is critically dehydrated!
[2026-02-25 13:30:52.093] [INFO] [PLANT] Tomato [PLANT-2] took 0.6 pest damage (resistance: 30%). Health: 53.8%
[2026-02-25 13:30:53.474] [WARN] [PLANT] Tomato [PLANT-1] is critically dehydrated!
[2026-02-25 13:30:53.474] [WARN] [PLANT] Tomato [PLANT-2] is critically dehydrated!
[2026-02-25 13:30:53.474] [WARN] [PLANT] Tomato [PLANT-3] is critically dehydrated!
[2026-02-25 13:30:53.474] [WARN] [PLANT] Tomato [PLANT-4] is critically dehydrated!
[2026-02-25 13:30:53.474] [WARN] [PLANT] Tomato [PLANT-5] is critically dehydrated!
[2026-02-25 13:30:53.474] [WARN] [PLANT] Tomato [PLANT-6] is critically dehydrated!
[2026-02-25 13:30:53.474] [WARN] [PLANT] Sunflower [PLANT-14] is critically dehydrated!
[2026-02-25 13:30:54.925] [INFO] [WATERING] Sprinkler SPR-1 activated at (3, 4)
[2026-02-25 13:30:54.925] [INFO] [WATERING] Sprinkler SPR-2 activated at (2, 16)
[2026-02-25 13:30:54.925] [INFO] [WATERING] Sprinkler SPR-3 activated at (8, 4)
[2026-02-25 13:30:54.926] [INFO] [WATERING] Sprinkler SPR-4 activated at (8, 15)
[2026-02-25 13:30:54.926] [INFO] [WATERING] Sprinkler SPR-5 activated at (13, 4)
[2026-02-25 13:30:54.926] [INFO] [WATERING] Sprinkler SPR-6 activated at (17, 9)
[2026-02-25 13:30:54.926] [INFO] [WATERING] Sprinkler SPR-7 activated at (6, 12)
[2026-02-25 13:30:54.926] [INFO] [WATERING] Sprinkler SPR-8 activated at (12, 14)
[2026-02-25 13:30:54.926] [INFO] [WATERING] Sprinkler SPR-9 activated at (16, 17)
[2026-02-25 13:30:54.926] [INFO] [WATERING] Sprinkler SPR-10 activated at (19, 3)
[2026-02-25 13:30:54.926] [INFO] [PLANT] Tomato [PLANT-1] took 0.6 pest damage (resistance: 30%). Health: 55.2%
[2026-02-25 13:30:54.926] [INFO] [PLANT] Tomato [PLANT-2] took 0.6 pest damage (resistance: 30%). Health: 49.6%
[2026-02-25 13:30:56.317] [INFO] [WATERING] Sprinkler SPR-1 deactivated
[2026-02-25 13:30:56.318] [INFO] [WATERING] Sprinkler SPR-2 deactivated
[2026-02-25 13:30:56.318] [INFO] [WATERING] Sprinkler SPR-3 deactivated
[2026-02-25 13:30:56.318] [INFO] [WATERING] Sprinkler SPR-4 deactivated
[2026-02-25 13:30:56.318] [INFO] [WATERING] Sprinkler SPR-5 deactivated
[2026-02-25 13:30:56.318] [INFO] [WATERING] Sprinkler SPR-6 deactivated
[2026-02-25 13:30:56.318] [INFO] [WATERING] Sprinkler SPR-7 deactivated
[2026-02-25 13:30:56.318] [INFO] [WATERING] Sprinkler SPR-8 deactivated
[2026-02-25 13:30:56.318] [INFO] [WATERING] Sprinkler SPR-9 deactivated
[2026-02-25 13:30:56.318] [INFO] [WATERING] Sprinkler SPR-10 deactivated
[2026-02-25 13:30:56.318] [INFO] [HEATING] Cooler ON: Current 70.7°F → adjusting -2.0°F (target: 65.0°F)
[2026-02-25 13:30:56.319] [INFO] [PLANT] Tomato [PLANT-1] took 0.6 pest damage (resistance: 30%). Health: 52.9%
[2026-02-25 13:30:56.319] [INFO] [PLANT] Tomato [PLANT-2] took 0.6 pest damage (resistance: 30%). Health: 47.3%
[2026-02-25 13:30:56.319] [INFO] [PLANT] Cactus [PLANT-36] took 0.3 pest damage (resistance: 80%). Health: 99.7%
[2026-02-25 13:30:57.714] [INFO] [HEATING] Cooler ON: Current 70.2°F → adjusting -2.0°F (target: 65.0°F)
[2026-02-25 13:30:57.714] [INFO] [PLANT] Tomato [PLANT-2] took 0.6 pest damage (resistance: 30%). Health: 44.9%
[2026-02-25 13:30:57.714] [INFO] [PLANT] Cactus [PLANT-36] took 0.3 pest damage (resistance: 80%). Health: 99.7%
[2026-02-25 13:30:59.101] [INFO] [HEATING] Cooler ON: Current 70.8°F → adjusting -2.0°F (target: 65.0°F)
[2026-02-25 13:30:59.101] [INFO] [PLANT] Tomato [PLANT-1] took 0.6 pest damage (resistance: 30%). Health: 48.7%
[2026-02-25 13:30:59.101] [INFO] [PLANT] Tomato [PLANT-2] took 0.6 pest damage (resistance: 30%). Health: 42.6%
[2026-02-25 13:30:59.101] [INFO] [PLANT] Tomato [PLANT-3] took 0.6 pest damage (resistance: 30%). Health: 45.9%
[2026-02-25 13:30:59.101] [INFO] [PLANT] Cactus [PLANT-36] took 0.3 pest damage (resistance: 80%). Health: 99.7%
[2026-02-25 13:31:00.493] [INFO] [HEATING] Cooler ON: Current 70.6°F → adjusting -2.0°F (target: 65.0°F)
[2026-02-25 13:31:00.494] [INFO] [PLANT] Sunflower [PLANT-15] grew from SPROUT to VEGETATIVE (health: 100.0%)
[2026-02-25 13:31:00.494] [INFO] [PLANT] Sunflower [PLANT-16] grew from SPROUT to VEGETATIVE (health: 100.0%)
[2026-02-25 13:31:00.494] [INFO] [PLANT] Sunflower [PLANT-17] grew from SPROUT to VEGETATIVE (health: 100.0%)
[2026-02-25 13:31:00.494] [INFO] [PLANT] Sunflower [PLANT-18] grew from SPROUT to VEGETATIVE (health: 96.2%)
[2026-02-25 13:31:00.494] [INFO] [PLANT] Sunflower [PLANT-19] grew from SPROUT to VEGETATIVE (health: 96.2%)
[2026-02-25 13:31:00.494] [INFO] [PLANT] Cactus [PLANT-33] grew from SEED to SPROUT (health: 100.0%)
[2026-02-25 13:31:00.494] [INFO] [PLANT] Cactus [PLANT-34] grew from SEED to SPROUT (health: 100.0%)
[2026-02-25 13:31:00.494] [INFO] [PLANT] Cactus [PLANT-35] grew from SEED to SPROUT (health: 100.0%)
[2026-02-25 13:31:00.494] [INFO] [PLANT] Cactus [PLANT-36] grew from SEED to SPROUT (health: 100.0%)
[2026-02-25 13:31:00.495] [INFO] [PLANT] Tomato [PLANT-1] took 0.6 pest damage (resistance: 30%). Health: 46.4%
[2026-02-25 13:31:00.495] [INFO] [PLANT] Tomato [PLANT-2] took 0.6 pest damage (resistance: 30%). Health: 40.2%
[2026-02-25 13:31:00.495] [INFO] [PLANT] Cactus [PLANT-36] took 0.3 pest damage (resistance: 80%). Health: 99.7%
[2026-02-25 13:31:01.885] [INFO] [HEATING] Cooler ON: Current 70.6°F → adjusting -2.0°F (target: 65.0°F)
[2026-02-25 13:31:01.885] [WARN] [PLANT] Sunflower [PLANT-14] is critically dehydrated!
[2026-02-25 13:31:01.885] [INFO] [PLANT] Tomato [PLANT-2] took 0.6 pest damage (resistance: 30%). Health: 37.8%
[2026-02-25 13:31:01.885] [INFO] [PLANT] Cactus [PLANT-36] took 0.3 pest damage (resistance: 80%). Health: 99.7%
[2026-02-25 13:31:03.277] [INFO] [HEATING] Cooler ON: Current 70.7°F → adjusting -2.0°F (target: 65.0°F)
[2026-02-25 13:31:03.278] [WARN] [PLANT] Tomato [PLANT-1] is critically dehydrated!
[2026-02-25 13:31:03.278] [WARN] [PLANT] Tomato [PLANT-2] is critically dehydrated!
[2026-02-25 13:31:03.278] [WARN] [PLANT] Tomato [PLANT-3] is critically dehydrated!
[2026-02-25 13:31:03.278] [WARN] [PLANT] Tomato [PLANT-4] is critically dehydrated!
[2026-02-25 13:31:03.278] [WARN] [PLANT] Tomato [PLANT-5] is critically dehydrated!
[2026-02-25 13:31:03.278] [WARN] [PLANT] Tomato [PLANT-6] is critically dehydrated!
[2026-02-25 13:31:03.278] [WARN] [PLANT] Sunflower [PLANT-14] is critically dehydrated!
[2026-02-25 13:31:03.278] [WARN] [PLANT] Sunflower [PLANT-14] is wilting! Health: 19.0%
[2026-02-25 13:31:03.278] [INFO] [PLANT] Tomato [PLANT-2] took 0.6 pest damage (resistance: 30%). Health: 35.5%
[2026-02-25 13:31:03.278] [INFO] [PLANT] Tomato [PLANT-3] took 0.6 pest damage (resistance: 30%). Health: 40.0%
[2026-02-25 13:31:03.278] [INFO] [PLANT] Cactus [PLANT-36] took 0.3 pest damage (resistance: 80%). Health: 99.7%
[2026-02-25 13:31:04.675] [INFO] [HEATING] Cooler ON: Current 71.9°F → adjusting -2.0°F (target: 65.0°F)
[2026-02-25 13:31:04.675] [WARN] [PLANT] Tomato [PLANT-1] is critically dehydrated!
[2026-02-25 13:31:04.675] [WARN] [PLANT] Tomato [PLANT-2] is critically dehydrated!
[2026-02-25 13:31:04.675] [WARN] [PLANT] Tomato [PLANT-3] is critically dehydrated!
[2026-02-25 13:31:04.675] [WARN] [PLANT] Tomato [PLANT-4] is critically dehydrated!
[2026-02-25 13:31:04.675] [WARN] [PLANT] Tomato [PLANT-5] is critically dehydrated!
[2026-02-25 13:31:04.675] [WARN] [PLANT] Tomato [PLANT-6] is critically dehydrated!
[2026-02-25 13:31:04.675] [WARN] [PLANT] Sunflower [PLANT-14] is critically dehydrated!
[2026-02-25 13:31:04.675] [INFO] [PLANT] Tomato [PLANT-2] took 0.6 pest damage (resistance: 30%). Health: 33.1%
[2026-02-25 13:31:04.675] [INFO] [PLANT] Cactus [PLANT-36] took 0.3 pest damage (resistance: 80%). Health: 99.7%
[2026-02-25 13:31:06.060] [INFO] [HEATING] Cooler ON: Current 71.3°F → adjusting -2.0°F (target: 65.0°F)
[2026-02-25 13:31:06.060] [WARN] [PLANT] Tomato [PLANT-1] is critically dehydrated!
[2026-02-25 13:31:06.060] [WARN] [PLANT] Tomato [PLANT-2] is critically dehydrated!
[2026-02-25 13:31:06.060] [WARN] [PLANT] Tomato [PLANT-3] is critically dehydrated!
[2026-02-25 13:31:06.060] [WARN] [PLANT] Tomato [PLANT-4] is critically dehydrated!
[2026-02-25 13:31:06.060] [WARN] [PLANT] Tomato [PLANT-5] is critically dehydrated!
[2026-02-25 13:31:06.060] [WARN] [PLANT] Tomato [PLANT-6] is critically dehydrated!
[2026-02-25 13:31:06.060] [WARN] [PLANT] Sunflower [PLANT-14] is critically dehydrated!
[2026-02-25 13:31:06.060] [INFO] [PLANT] Tomato [PLANT-2] took 0.6 pest damage (resistance: 30%). Health: 30.8%
[2026-02-25 13:31:06.060] [INFO] [PLANT] Tomato [PLANT-3] took 0.6 pest damage (resistance: 30%). Health: 35.8%
[2026-02-25 13:31:06.060] [INFO] [PLANT] Cactus [PLANT-36] took 0.3 pest damage (resistance: 80%). Health: 99.7%
[2026-02-25 13:31:07.469] [WARN] [SENSOR] ALERT: Light Sensor [SENSOR-11] at (0, 10) reading 91.5 lux (threshold: 20.0-90.0)
[2026-02-25 13:31:07.469] [INFO] [HEATING] Cooler ON: Current 71.5°F → adjusting -2.0°F (target: 65.0°F)
[2026-02-25 13:31:07.469] [WARN] [PLANT] Tomato [PLANT-1] is critically dehydrated!
[2026-02-25 13:31:07.469] [WARN] [PLANT] Tomato [PLANT-2] is critically dehydrated!
[2026-02-25 13:31:07.469] [WARN] [PLANT] Tomato [PLANT-3] is critically dehydrated!
[2026-02-25 13:31:07.469] [WARN] [PLANT] Tomato [PLANT-4] is critically dehydrated!
[2026-02-25 13:31:07.469] [WARN] [PLANT] Tomato [PLANT-5] is critically dehydrated!
[2026-02-25 13:31:07.469] [WARN] [PLANT] Tomato [PLANT-6] is critically dehydrated!
[2026-02-25 13:31:07.470] [WARN] [PLANT] Sunflower [PLANT-14] is critically dehydrated!
[2026-02-25 13:31:07.470] [INFO] [PLANT] Tomato [PLANT-3] took 0.6 pest damage (resistance: 30%). Health: 33.4%
[2026-02-25 13:31:07.470] [INFO] [PLANT] Cactus [PLANT-36] took 0.3 pest damage (resistance: 80%). Health: 99.7%
[2026-02-25 13:31:08.861] [WARN] [SENSOR] ALERT: Light Sensor [SENSOR-9] at (5, 10) reading 90.3 lux (threshold: 20.0-90.0)
[2026-02-25 13:31:08.861] [INFO] [SENSOR] Light Sensor [SENSOR-11] returned to normal: 89.7 lux
[2026-02-25 13:31:08.862] [INFO] [HEATING] Cooler ON: Current 70.7°F → adjusting -2.0°F (target: 65.0°F)
[2026-02-25 13:31:08.862] [WARN] [PLANT] Tomato [PLANT-1] is critically dehydrated!
[2026-02-25 13:31:08.862] [WARN] [PLANT] Tomato [PLANT-2] is critically dehydrated!
[2026-02-25 13:31:08.862] [WARN] [PLANT] Tomato [PLANT-3] is critically dehydrated!
[2026-02-25 13:31:08.862] [WARN] [PLANT] Tomato [PLANT-4] is critically dehydrated!
[2026-02-25 13:31:08.862] [WARN] [PLANT] Tomato [PLANT-5] is critically dehydrated!
[2026-02-25 13:31:08.862] [WARN] [PLANT] Tomato [PLANT-6] is critically dehydrated!
[2026-02-25 13:31:08.862] [WARN] [PLANT] Sunflower [PLANT-14] is critically dehydrated!
[2026-02-25 13:31:08.862] [INFO] [PLANT] Cactus [PLANT-36] took 0.3 pest damage (resistance: 80%). Health: 99.7%
[2026-02-25 13:31:10.288] [WARN] [SENSOR] ALERT: Light Sensor [SENSOR-10] at (15, 5) reading 90.1 lux (threshold: 20.0-90.0)
[2026-02-25 13:31:10.288] [WARN] [SENSOR] ALERT: Light Sensor [SENSOR-11] at (0, 10) reading 91.1 lux (threshold: 20.0-90.0)
[2026-02-25 13:31:10.288] [INFO] [HEATING] Cooler ON: Current 72.0°F → adjusting -2.0°F (target: 65.0°F)
[2026-02-25 13:31:10.288] [WARN] [PLANT] Tomato [PLANT-1] is critically dehydrated!
[2026-02-25 13:31:10.288] [WARN] [PLANT] Tomato [PLANT-2] is critically dehydrated!
[2026-02-25 13:31:10.288] [WARN] [PLANT] Tomato [PLANT-3] is critically dehydrated!
[2026-02-25 13:31:10.288] [WARN] [PLANT] Tomato [PLANT-4] is critically dehydrated!
[2026-02-25 13:31:10.288] [WARN] [PLANT] Tomato [PLANT-5] is critically dehydrated!
[2026-02-25 13:31:10.288] [WARN] [PLANT] Tomato [PLANT-6] is critically dehydrated!
[2026-02-25 13:31:10.288] [WARN] [PLANT] Sunflower [PLANT-14] is critically dehydrated!
[2026-02-25 13:31:10.288] [WARN] [PLANT] Sunflower [PLANT-18] is critically dehydrated!
[2026-02-25 13:31:10.288] [WARN] [PLANT] Sunflower [PLANT-19] is critically dehydrated!
[2026-02-25 13:31:10.288] [INFO] [PLANT] Cactus [PLANT-36] took 0.3 pest damage (resistance: 80%). Health: 99.7%
[2026-02-25 13:31:11.710] [INFO] [HEATING] Cooler ON: Current 70.6°F → adjusting -2.0°F (target: 65.0°F)
[2026-02-25 13:31:11.711] [WARN] [PLANT] Tomato [PLANT-1] is critically dehydrated!
[2026-02-25 13:31:11.711] [WARN] [PLANT] Tomato [PLANT-2] is critically dehydrated!
[2026-02-25 13:31:11.711] [WARN] [PLANT] Tomato [PLANT-3] is critically dehydrated!
[2026-02-25 13:31:11.711] [WARN] [PLANT] Tomato [PLANT-4] is critically dehydrated!
[2026-02-25 13:31:11.711] [WARN] [PLANT] Tomato [PLANT-5] is critically dehydrated!
[2026-02-25 13:31:11.711] [WARN] [PLANT] Tomato [PLANT-6] is critically dehydrated!
[2026-02-25 13:31:11.711] [WARN] [PLANT] Sunflower [PLANT-14] is critically dehydrated!
[2026-02-25 13:31:11.711] [WARN] [PLANT] Sunflower [PLANT-18] is critically dehydrated!
[2026-02-25 13:31:11.711] [WARN] [PLANT] Sunflower [PLANT-19] is critically dehydrated!
[2026-02-25 13:31:11.711] [INFO] [PLANT] Tomato [PLANT-3] took 0.6 pest damage (resistance: 30%). Health: 27.5%
[2026-02-25 13:31:11.711] [INFO] [PLANT] Cactus [PLANT-36] took 0.3 pest damage (resistance: 80%). Health: 99.7%
[2026-02-25 13:31:13.123] [INFO] [WATERING] Sprinkler SPR-1 activated at (3, 4)
[2026-02-25 13:31:13.123] [INFO] [WATERING] Sprinkler SPR-2 activated at (2, 16)
[2026-02-25 13:31:13.123] [INFO] [WATERING] Sprinkler SPR-3 activated at (8, 4)
[2026-02-25 13:31:13.123] [INFO] [WATERING] Sprinkler SPR-4 activated at (8, 15)
[2026-02-25 13:31:13.124] [INFO] [WATERING] Sprinkler SPR-5 activated at (13, 4)
[2026-02-25 13:31:13.124] [INFO] [WATERING] Sprinkler SPR-6 activated at (17, 9)
[2026-02-25 13:31:13.124] [INFO] [WATERING] Sprinkler SPR-7 activated at (6, 12)
[2026-02-25 13:31:13.124] [INFO] [WATERING] Sprinkler SPR-8 activated at (12, 14)
[2026-02-25 13:31:13.124] [INFO] [WATERING] Sprinkler SPR-9 activated at (16, 17)
[2026-02-25 13:31:13.124] [INFO] [WATERING] Sprinkler SPR-10 activated at (19, 3)
[2026-02-25 13:31:13.124] [INFO] [HEATING] Cooler ON: Current 71.5°F → adjusting -2.0°F (target: 65.0°F)
[2026-02-25 13:31:13.124] [INFO] [PLANT] Cactus [PLANT-36] took 0.3 pest damage (resistance: 80%). Health: 99.7%
[2026-02-25 13:31:14.510] [INFO] [WATERING] Sprinkler SPR-1 deactivated
[2026-02-25 13:31:14.510] [INFO] [WATERING] Sprinkler SPR-2 deactivated
[2026-02-25 13:31:14.510] [INFO] [WATERING] Sprinkler SPR-3 deactivated
[2026-02-25 13:31:14.511] [INFO] [WATERING] Sprinkler SPR-4 deactivated
[2026-02-25 13:31:14.511] [INFO] [WATERING] Sprinkler SPR-5 deactivated
[2026-02-25 13:31:14.511] [INFO] [WATERING] Sprinkler SPR-6 deactivated
[2026-02-25 13:31:14.511] [INFO] [WATERING] Sprinkler SPR-7 deactivated
[2026-02-25 13:31:14.511] [INFO] [WATERING] Sprinkler SPR-8 deactivated
[2026-02-25 13:31:14.511] [INFO] [WATERING] Sprinkler SPR-9 deactivated
[2026-02-25 13:31:14.511] [INFO] [WATERING] Sprinkler SPR-10 deactivated
[2026-02-25 13:31:14.511] [INFO] [HEATING] Cooler ON: Current 71.7°F → adjusting -2.0°F (target: 65.0°F)
[2026-02-25 13:31:14.511] [WARN] [PLANT] Tomato [PLANT-2] is wilting! Health: 20.0%
[2026-02-25 13:31:14.511] [INFO] [PLANT] Tomato [PLANT-2] took 0.6 pest damage (resistance: 30%). Health: 19.4%
[2026-02-25 13:31:14.511] [INFO] [PLANT] Cactus [PLANT-36] took 0.3 pest damage (resistance: 80%). Health: 99.7%
[2026-02-25 13:31:15.900] [INFO] [HEATING] Cooler ON: Current 71.2°F → adjusting -2.0°F (target: 65.0°F)
[2026-02-25 13:31:15.901] [INFO] [PLANT] Tomato [PLANT-2] took 0.6 pest damage (resistance: 30%). Health: 17.0%
[2026-02-25 13:31:15.901] [INFO] [PLANT] Cactus [PLANT-36] took 0.3 pest damage (resistance: 80%). Health: 99.7%
[2026-02-25 13:31:17.293] [INFO] [HEATING] Cooler ON: Current 71.5°F → adjusting -2.0°F (target: 65.0°F)
[2026-02-25 13:31:17.294] [INFO] [PLANT] Tomato [PLANT-2] took 0.6 pest damage (resistance: 30%). Health: 14.7%
[2026-02-25 13:31:17.294] [INFO] [PLANT] Tomato [PLANT-3] took 0.6 pest damage (resistance: 30%). Health: 19.7%
[2026-02-25 13:31:17.294] [INFO] [PLANT] Cactus [PLANT-36] took 0.3 pest damage (resistance: 80%). Health: 99.7%
[2026-02-25 13:31:18.669] [INFO] [HEATING] Cooler ON: Current 72.7°F → adjusting -2.0°F (target: 65.0°F)
[2026-02-25 13:31:18.669] [WARN] [PLANT] Tomato [PLANT-3] is wilting! Health: 17.9%
[2026-02-25 13:31:18.669] [WARN] [PLANT] Sunflower [PLANT-14] DIED. Reason: Health reached zero
[2026-02-25 13:31:18.670] [INFO] [PLANT] Tomato [PLANT-1] took 0.6 pest damage (resistance: 30%). Health: 22.4%
[2026-02-25 13:31:18.670] [INFO] [PLANT] Tomato [PLANT-2] took 0.6 pest damage (resistance: 30%). Health: 12.3%
[2026-02-25 13:31:18.670] [INFO] [PLANT] Tomato [PLANT-3] took 0.6 pest damage (resistance: 30%). Health: 17.4%
[2026-02-25 13:31:18.670] [INFO] [PLANT] Cactus [PLANT-36] took 0.3 pest damage (resistance: 80%). Health: 99.7%
[2026-02-25 13:31:20.078] [INFO] [HEATING] Cooler ON: Current 71.5°F → adjusting -2.0°F (target: 65.0°F)
[2026-02-25 13:31:20.078] [INFO] [PLANT] Tomato [PLANT-1] took 0.6 pest damage (resistance: 30%). Health: 20.0%
[2026-02-25 13:31:20.078] [INFO] [PLANT] Tomato [PLANT-2] took 0.6 pest damage (resistance: 30%). Health: 10.0%
[2026-02-25 13:31:20.078] [INFO] [PLANT] Rose [PLANT-9] took 0.6 pest damage (resistance: 20%). Health: 99.4%
[2026-02-25 13:31:20.078] [INFO] [PLANT] Cactus [PLANT-36] took 0.3 pest damage (resistance: 80%). Health: 99.7%
[2026-02-25 13:31:21.540] [INFO] [HEATING] Cooler ON: Current 72.3°F → adjusting -2.0°F (target: 65.0°F)
[2026-02-25 13:31:21.541] [WARN] [PLANT] Tomato [PLANT-1] is critically dehydrated!
[2026-02-25 13:31:21.541] [WARN] [PLANT] Tomato [PLANT-1] is wilting! Health: 18.2%
[2026-02-25 13:31:21.541] [WARN] [PLANT] Tomato [PLANT-2] is critically dehydrated!
[2026-02-25 13:31:21.541] [WARN] [PLANT] Tomato [PLANT-3] is critically dehydrated!
[2026-02-25 13:31:21.541] [WARN] [PLANT] Tomato [PLANT-4] is critically dehydrated!
[2026-02-25 13:31:21.541] [WARN] [PLANT] Tomato [PLANT-5] is critically dehydrated!
[2026-02-25 13:31:21.541] [WARN] [PLANT] Tomato [PLANT-6] is critically dehydrated!
[2026-02-25 13:31:21.541] [INFO] [PLANT] Tomato [PLANT-1] took 0.6 pest damage (resistance: 30%). Health: 17.7%
[2026-02-25 13:31:21.541] [INFO] [PLANT] Cactus [PLANT-36] took 0.3 pest damage (resistance: 80%). Health: 99.7%
[2026-02-25 13:31:23.011] [INFO] [HEATING] Cooler ON: Current 71.8°F → adjusting -2.0°F (target: 65.0°F)
[2026-02-25 13:31:23.012] [WARN] [PLANT] Tomato [PLANT-1] is critically dehydrated!
[2026-02-25 13:31:23.012] [WARN] [PLANT] Tomato [PLANT-2] is critically dehydrated!
[2026-02-25 13:31:23.012] [WARN] [PLANT] Tomato [PLANT-3] is critically dehydrated!
[2026-02-25 13:31:23.012] [WARN] [PLANT] Tomato [PLANT-4] is critically dehydrated!
[2026-02-25 13:31:23.012] [WARN] [PLANT] Tomato [PLANT-5] is critically dehydrated!
[2026-02-25 13:31:23.012] [WARN] [PLANT] Tomato [PLANT-6] is critically dehydrated!
[2026-02-25 13:31:23.012] [INFO] [PLANT] Tomato [PLANT-1] took 0.6 pest damage (resistance: 30%). Health: 15.3%
[2026-02-25 13:31:23.012] [INFO] [PLANT] Tomato [PLANT-2] took 0.6 pest damage (resistance: 30%). Health: 5.8%
[2026-02-25 13:31:23.012] [INFO] [PLANT] Rose [PLANT-9] took 0.6 pest damage (resistance: 20%). Health: 99.4%
[2026-02-25 13:31:23.012] [INFO] [PLANT] Cactus [PLANT-36] took 0.3 pest damage (resistance: 80%). Health: 99.7%
[2026-02-25 13:31:24.617] [INFO] [HEATING] Cooler ON: Current 71.0°F → adjusting -2.0°F (target: 65.0°F)
[2026-02-25 13:31:24.618] [WARN] [PLANT] Tomato [PLANT-1] is critically dehydrated!
[2026-02-25 13:31:24.618] [WARN] [PLANT] Tomato [PLANT-2] is critically dehydrated!
[2026-02-25 13:31:24.618] [WARN] [PLANT] Tomato [PLANT-3] is critically dehydrated!
[2026-02-25 13:31:24.618] [WARN] [PLANT] Tomato [PLANT-4] is critically dehydrated!
[2026-02-25 13:31:24.618] [WARN] [PLANT] Tomato [PLANT-5] is critically dehydrated!
[2026-02-25 13:31:24.618] [WARN] [PLANT] Tomato [PLANT-6] is critically dehydrated!
[2026-02-25 13:31:24.618] [INFO] [PLANT] Rose [PLANT-9] took 0.6 pest damage (resistance: 20%). Health: 99.4%
[2026-02-25 13:31:24.618] [INFO] [PLANT] Cactus [PLANT-36] took 0.3 pest damage (resistance: 80%). Health: 99.7%
[2026-02-25 13:31:25.965] [INFO] [HEATING] Cooler ON: Current 71.9°F → adjusting -2.0°F (target: 65.0°F)
[2026-02-25 13:31:25.965] [WARN] [PLANT] Tomato [PLANT-1] is critically dehydrated!
[2026-02-25 13:31:25.965] [WARN] [PLANT] Tomato [PLANT-2] is critically dehydrated!
[2026-02-25 13:31:25.965] [WARN] [PLANT] Tomato [PLANT-3] is critically dehydrated!
[2026-02-25 13:31:25.965] [WARN] [PLANT] Tomato [PLANT-4] is critically dehydrated!
[2026-02-25 13:31:25.965] [WARN] [PLANT] Tomato [PLANT-4] is wilting! Health: 19.0%
[2026-02-25 13:31:25.965] [WARN] [PLANT] Tomato [PLANT-5] is critically dehydrated!
[2026-02-25 13:31:25.965] [WARN] [PLANT] Tomato [PLANT-5] is wilting! Health: 19.0%
[2026-02-25 13:31:25.965] [WARN] [PLANT] Tomato [PLANT-6] is critically dehydrated!
[2026-02-25 13:31:25.965] [WARN] [PLANT] Tomato [PLANT-6] is wilting! Health: 19.0%
[2026-02-25 13:31:25.965] [INFO] [PLANT] Rose [PLANT-8] took 0.6 pest damage (resistance: 20%). Health: 99.4%
[2026-02-25 13:31:25.965] [INFO] [PLANT] Rose [PLANT-9] took 0.6 pest damage (resistance: 20%). Health: 99.4%
[2026-02-25 13:31:27.327] [INFO] [HEATING] Cooler ON: Current 71.4°F → adjusting -2.0°F (target: 65.0°F)
[2026-02-25 13:31:27.328] [WARN] [PLANT] Tomato [PLANT-1] is critically dehydrated!
[2026-02-25 13:31:27.328] [WARN] [PLANT] Tomato [PLANT-2] is critically dehydrated!
[2026-02-25 13:31:27.328] [WARN] [PLANT] Tomato [PLANT-3] is critically dehydrated!
[2026-02-25 13:31:27.328] [WARN] [PLANT] Tomato [PLANT-4] is critically dehydrated!
[2026-02-25 13:31:27.328] [WARN] [PLANT] Tomato [PLANT-5] is critically dehydrated!
[2026-02-25 13:31:27.328] [WARN] [PLANT] Tomato [PLANT-6] is critically dehydrated!
[2026-02-25 13:31:27.328] [WARN] [PLANT] Sunflower [PLANT-18] is critically dehydrated!
[2026-02-25 13:31:27.328] [WARN] [PLANT] Sunflower [PLANT-19] is critically dehydrated!
[2026-02-25 13:31:27.328] [INFO] [PLANT] Rose [PLANT-8] took 0.6 pest damage (resistance: 20%). Health: 99.4%
[2026-02-25 13:31:27.328] [INFO] [PLANT] Rose [PLANT-9] took 0.6 pest damage (resistance: 20%). Health: 99.4%
[2026-02-25 13:31:27.328] [INFO] [PLANT] Sunflower [PLANT-15] took 0.4 pest damage (resistance: 50%). Health: 99.6%
[2026-02-25 13:31:28.722] [INFO] [HEATING] Cooler ON: Current 71.8°F → adjusting -2.0°F (target: 65.0°F)
[2026-02-25 13:31:28.722] [WARN] [PLANT] Tomato [PLANT-1] is critically dehydrated!
[2026-02-25 13:31:28.722] [WARN] [PLANT] Tomato [PLANT-2] is critically dehydrated!
[2026-02-25 13:31:28.722] [WARN] [PLANT] Tomato [PLANT-2] DIED. Reason: Health reached zero
[2026-02-25 13:31:28.722] [WARN] [PLANT] Tomato [PLANT-3] is critically dehydrated!
[2026-02-25 13:31:28.722] [WARN] [PLANT] Tomato [PLANT-4] is critically dehydrated!
[2026-02-25 13:31:28.722] [WARN] [PLANT] Tomato [PLANT-5] is critically dehydrated!
[2026-02-25 13:31:28.722] [WARN] [PLANT] Tomato [PLANT-6] is critically dehydrated!
[2026-02-25 13:31:28.722] [INFO] [PLANT] Tomato [PLANT-7] grew from SPROUT to VEGETATIVE (health: 100.0%)
[2026-02-25 13:31:28.722] [WARN] [PLANT] Sunflower [PLANT-18] is critically dehydrated!
[2026-02-25 13:31:28.722] [WARN] [PLANT] Sunflower [PLANT-19] is critically dehydrated!
[2026-02-25 13:31:28.722] [INFO] [PLANT] Rose [PLANT-8] took 0.6 pest damage (resistance: 20%). Health: 99.4%
[2026-02-25 13:31:28.722] [INFO] [INSECT] Aphid [INSECT-5] is feeding on Rose at (5, 2)
[2026-02-25 13:31:28.722] [INFO] [PLANT] Rose [PLANT-9] took 0.6 pest damage (resistance: 20%). Health: 99.4%
[2026-02-25 13:31:28.722] [INFO] [INSECT] Aphid [INSECT-5] is feeding on Rose at (5, 4)
[2026-02-25 13:31:28.722] [INFO] [INSECT] Aphid [INSECT-7] (PEST) appeared at (0, 8)
[2026-02-25 13:31:28.722] [INFO] [GARDEN] --- TICK 100 STATUS | Temp: 69.8°F | Light: 95 | Humidity: 50% | Plants: 34/36 alive | Insects: 7 (3 pests) ---
[2026-02-25 13:31:30.064] [INFO] [HEATING] Cooler ON: Current 71.1°F → adjusting -2.0°F (target: 65.0°F)
[2026-02-25 13:31:30.064] [WARN] [PLANT] Tomato [PLANT-1] is critically dehydrated!
[2026-02-25 13:31:30.064] [WARN] [PLANT] Tomato [PLANT-3] is critically dehydrated!
[2026-02-25 13:31:30.064] [WARN] [PLANT] Tomato [PLANT-4] is critically dehydrated!
[2026-02-25 13:31:30.064] [WARN] [PLANT] Tomato [PLANT-5] is critically dehydrated!
[2026-02-25 13:31:30.065] [WARN] [PLANT] Tomato [PLANT-6] is critically dehydrated!
[2026-02-25 13:31:30.065] [WARN] [PLANT] Sunflower [PLANT-18] is critically dehydrated!
[2026-02-25 13:31:30.065] [WARN] [PLANT] Sunflower [PLANT-19] is critically dehydrated!
[2026-02-25 13:31:30.065] [INFO] [PLANT] Tomato [PLANT-7] took 0.6 pest damage (resistance: 30%). Health: 99.4%
[2026-02-25 13:31:30.065] [INFO] [PLANT] Rose [PLANT-8] took 0.6 pest damage (resistance: 20%). Health: 99.4%
[2026-02-25 13:31:30.065] [INFO] [PLANT] Cactus [PLANT-36] took 0.3 pest damage (resistance: 80%). Health: 99.7%
[2026-02-25 13:31:30.065] [INFO] [PLANT] Tomato [PLANT-3] took 0.6 pest damage (resistance: 30%). Health: 2.4%
[2026-02-25 13:31:31.422] [INFO] [HEATING] Cooler ON: Current 71.8°F → adjusting -2.0°F (target: 65.0°F)
[2026-02-25 13:31:31.422] [WARN] [PLANT] Tomato [PLANT-1] is critically dehydrated!
[2026-02-25 13:31:31.422] [WARN] [PLANT] Tomato [PLANT-3] is critically dehydrated!
[2026-02-25 13:31:31.422] [WARN] [PLANT] Tomato [PLANT-4] is critically dehydrated!
[2026-02-25 13:31:31.422] [WARN] [PLANT] Tomato [PLANT-5] is critically dehydrated!
[2026-02-25 13:31:31.422] [WARN] [PLANT] Tomato [PLANT-6] is critically dehydrated!
[2026-02-25 13:31:31.422] [WARN] [PLANT] Sunflower [PLANT-18] is critically dehydrated!
[2026-02-25 13:31:31.422] [WARN] [PLANT] Sunflower [PLANT-19] is critically dehydrated!
[2026-02-25 13:31:31.422] [INFO] [PLANT] Tomato [PLANT-7] took 0.6 pest damage (resistance: 30%). Health: 99.4%
[2026-02-25 13:31:31.422] [INFO] [PLANT] Cactus [PLANT-36] took 0.3 pest damage (resistance: 80%). Health: 99.7%
[2026-02-25 13:31:32.780] [INFO] [HEATING] Cooler ON: Current 72.5°F → adjusting -2.0°F (target: 65.0°F)
[2026-02-25 13:31:32.780] [WARN] [PLANT] Tomato [PLANT-1] is critically dehydrated!
[2026-02-25 13:31:32.780] [WARN] [PLANT] Tomato [PLANT-3] is critically dehydrated!
[2026-02-25 13:31:32.780] [WARN] [PLANT] Tomato [PLANT-3] DIED. Reason: Health reached zero
[2026-02-25 13:31:32.780] [WARN] [PLANT] Tomato [PLANT-4] is critically dehydrated!
[2026-02-25 13:31:32.780] [WARN] [PLANT] Tomato [PLANT-5] is critically dehydrated!
[2026-02-25 13:31:32.780] [WARN] [PLANT] Tomato [PLANT-6] is critically dehydrated!
[2026-02-25 13:31:32.780] [WARN] [PLANT] Sunflower [PLANT-18] is critically dehydrated!
[2026-02-25 13:31:32.780] [WARN] [PLANT] Sunflower [PLANT-19] is critically dehydrated!
[2026-02-25 13:31:32.781] [INFO] [PLANT] Tomato [PLANT-7] took 0.6 pest damage (resistance: 30%). Health: 99.4%
[2026-02-25 13:31:32.781] [INFO] [PLANT] Tomato [PLANT-4] took 0.6 pest damage (resistance: 30%). Health: 9.4%
[2026-02-25 13:31:34.227] [INFO] [HEATING] Cooler ON: Current 72.5°F → adjusting -2.0°F (target: 65.0°F)
[2026-02-25 13:31:34.227] [WARN] [PLANT] Tomato [PLANT-1] is critically dehydrated!
[2026-02-25 13:31:34.228] [WARN] [PLANT] Tomato [PLANT-4] is critically dehydrated!
[2026-02-25 13:31:34.228] [WARN] [PLANT] Tomato [PLANT-5] is critically dehydrated!
[2026-02-25 13:31:34.228] [WARN] [PLANT] Tomato [PLANT-6] is critically dehydrated!
[2026-02-25 13:31:34.228] [WARN] [PLANT] Sunflower [PLANT-18] is critically dehydrated!
[2026-02-25 13:31:34.228] [WARN] [PLANT] Sunflower [PLANT-19] is critically dehydrated!
[2026-02-25 13:31:34.228] [INFO] [PLANT] Tomato [PLANT-1] took 0.6 pest damage (resistance: 30%). Health: 0.4%
[2026-02-25 13:31:34.228] [INFO] [PLANT] Tomato [PLANT-7] took 0.6 pest damage (resistance: 30%). Health: 99.4%
[2026-02-25 13:31:34.228] [INFO] [PLANT] Tomato [PLANT-4] took 0.6 pest damage (resistance: 30%). Health: 7.1%
[2026-02-25 13:31:34.231] [INFO] [APPLICATION] Simulation STOPPED.
[2026-02-25 13:31:34.231] [INFO] [APPLICATION] Garden Simulation shutting down gracefully.

============================================================
Log closed: 2026-02-25 13:31:34.231
