=== GARDEN SIMULATION LOG ===
Started: 2026-02-25 15:26:37.399
============================================================

[2026-02-25 15:26:37.401] [INFO] [APPLICATION] Garden Simulation starting up...
[2026-02-25 15:26:37.408] [INFO] [GARDEN] Garden 'My Automated Garden' created: 20x20 grid
[2026-02-25 15:26:37.408] [INFO] [GARDEN] === Initializing Professional Garden Layout ===
[2026-02-25 15:26:37.410] [INFO] [WATERING] Watering System initialized.
[2026-02-25 15:26:37.418] [INFO] [WATERING] Sprinkler SPR-1 added at (3, 4) (radius: 7.5, flow: 8.0)
[2026-02-25 15:26:37.419] [INFO] [SENSOR] Moisture Sensor [SENSOR-1] installed at (4, 4) (range: 20.0-80.0 %)
[2026-02-25 15:26:37.430] [INFO] [WATERING] Sprinkler SPR-2 added at (9, 4) (radius: 7.5, flow: 8.0)
[2026-02-25 15:26:37.430] [INFO] [SENSOR] Moisture Sensor [SENSOR-2] installed at (10, 4) (range: 20.0-80.0 %)
[2026-02-25 15:26:37.431] [INFO] [WATERING] Sprinkler SPR-3 added at (15, 4) (radius: 7.5, flow: 8.0)
[2026-02-25 15:26:37.432] [INFO] [SENSOR] Moisture Sensor [SENSOR-3] installed at (16, 4) (range: 20.0-80.0 %)
[2026-02-25 15:26:37.432] [INFO] [WATERING] Sprinkler SPR-4 added at (3, 10) (radius: 7.5, flow: 8.0)
[2026-02-25 15:26:37.432] [INFO] [SENSOR] Moisture Sensor [SENSOR-4] installed at (4, 10) (range: 20.0-80.0 %)
[2026-02-25 15:26:37.433] [INFO] [WATERING] Sprinkler SPR-5 added at (9, 10) (radius: 7.5, flow: 8.0)
[2026-02-25 15:26:37.433] [INFO] [SENSOR] Moisture Sensor [SENSOR-5] installed at (10, 10) (range: 20.0-80.0 %)
[2026-02-25 15:26:37.433] [INFO] [WATERING] Sprinkler SPR-6 added at (15, 10) (radius: 7.5, flow: 8.0)
[2026-02-25 15:26:37.433] [INFO] [SENSOR] Moisture Sensor [SENSOR-6] installed at (16, 10) (range: 20.0-80.0 %)
[2026-02-25 15:26:37.434] [INFO] [WATERING] Sprinkler SPR-7 added at (3, 16) (radius: 7.5, flow: 8.0)
[2026-02-25 15:26:37.434] [INFO] [SENSOR] Moisture Sensor [SENSOR-7] installed at (4, 16) (range: 20.0-80.0 %)
[2026-02-25 15:26:37.434] [INFO] [WATERING] Sprinkler SPR-8 added at (9, 16) (radius: 7.5, flow: 8.0)
[2026-02-25 15:26:37.435] [INFO] [SENSOR] Moisture Sensor [SENSOR-8] installed at (10, 16) (range: 20.0-80.0 %)
[2026-02-25 15:26:37.435] [INFO] [WATERING] Sprinkler SPR-9 added at (15, 16) (radius: 7.5, flow: 8.0)
[2026-02-25 15:26:37.436] [INFO] [SENSOR] Moisture Sensor [SENSOR-9] installed at (16, 16) (range: 20.0-80.0 %)
[2026-02-25 15:26:37.436] [INFO] [SENSOR] Temperature Sensor [SENSOR-10] installed at (0, 0) (range: 40.0-95.0 °F)
[2026-02-25 15:26:37.437] [INFO] [SENSOR] Temperature Sensor [SENSOR-11] installed at (19, 19) (range: 40.0-95.0 °F)
[2026-02-25 15:26:37.437] [INFO] [SENSOR] Temperature Sensor [SENSOR-12] installed at (10, 10) (range: 40.0-95.0 °F)
[2026-02-25 15:26:37.437] [INFO] [SENSOR] Light Sensor [SENSOR-13] installed at (0, 10) (range: 20.0-90.0 lux)
[2026-02-25 15:26:37.438] [INFO] [SENSOR] Light Sensor [SENSOR-14] installed at (19, 0) (range: 20.0-90.0 lux)
[2026-02-25 15:26:37.438] [INFO] [PLANT] Tomato [PLANT-1] (Solanum lycopersicum) planted at (1, 1)
[2026-02-25 15:26:37.440] [INFO] [PLANT] Tomato [PLANT-2] (Solanum lycopersicum) planted at (2, 1)
[2026-02-25 15:26:37.440] [INFO] [PLANT] Tomato [PLANT-3] (Solanum lycopersicum) planted at (1, 7)
[2026-02-25 15:26:37.440] [INFO] [PLANT] Tomato [PLANT-4] (Solanum lycopersicum) planted at (2, 7)
[2026-02-25 15:26:37.440] [INFO] [PLANT] Tomato [PLANT-5] (Solanum lycopersicum) planted at (1, 13)
[2026-02-25 15:26:37.440] [INFO] [PLANT] Tomato [PLANT-6] (Solanum lycopersicum) planted at (2, 13)
[2026-02-25 15:26:37.441] [INFO] [PLANT] Rose [PLANT-7] (Rosa) planted at (5, 1)
[2026-02-25 15:26:37.441] [INFO] [PLANT] Rose [PLANT-8] (Rosa) planted at (6, 1)
[2026-02-25 15:26:37.441] [INFO] [PLANT] Rose [PLANT-9] (Rosa) planted at (5, 7)
[2026-02-25 15:26:37.441] [INFO] [PLANT] Rose [PLANT-10] (Rosa) planted at (6, 7)
[2026-02-25 15:26:37.442] [INFO] [PLANT] Rose [PLANT-11] (Rosa) planted at (5, 13)
[2026-02-25 15:26:37.442] [INFO] [PLANT] Rose [PLANT-12] (Rosa) planted at (6, 13)
[2026-02-25 15:26:37.442] [INFO] [PLANT] Sunflower [PLANT-13] (Helianthus annuus) planted at (9, 2)
[2026-02-25 15:26:37.442] [INFO] [PLANT] Sunflower [PLANT-14] (Helianthus annuus) planted at (9, 6)
[2026-02-25 15:26:37.442] [INFO] [PLANT] Sunflower [PLANT-15] (Helianthus annuus) planted at (9, 14)
[2026-02-25 15:26:37.442] [INFO] [PLANT] Sunflower [PLANT-16] (Helianthus annuus) planted at (9, 18)
[2026-02-25 15:26:37.442] [INFO] [PLANT] Carrot [PLANT-17] (Daucus carota) planted at (13, 1)
[2026-02-25 15:26:37.443] [INFO] [PLANT] Lettuce [PLANT-18] (Lactuca sativa) planted at (14, 1)
[2026-02-25 15:26:37.443] [INFO] [PLANT] Carrot [PLANT-19] (Daucus carota) planted at (13, 3)
[2026-02-25 15:26:37.443] [INFO] [PLANT] Lettuce [PLANT-20] (Lactuca sativa) planted at (14, 3)
[2026-02-25 15:26:37.443] [INFO] [PLANT] Carrot [PLANT-21] (Daucus carota) planted at (13, 5)
[2026-02-25 15:26:37.443] [INFO] [PLANT] Lettuce [PLANT-22] (Lactuca sativa) planted at (14, 5)
[2026-02-25 15:26:37.443] [INFO] [PLANT] Carrot [PLANT-23] (Daucus carota) planted at (13, 7)
[2026-02-25 15:26:37.443] [INFO] [PLANT] Lettuce [PLANT-24] (Lactuca sativa) planted at (14, 7)
[2026-02-25 15:26:37.443] [INFO] [PLANT] Carrot [PLANT-25] (Daucus carota) planted at (13, 9)
[2026-02-25 15:26:37.445] [INFO] [PLANT] Lettuce [PLANT-26] (Lactuca sativa) planted at (14, 9)
[2026-02-25 15:26:37.445] [INFO] [PLANT] Carrot [PLANT-27] (Daucus carota) planted at (13, 11)
[2026-02-25 15:26:37.445] [INFO] [PLANT] Lettuce [PLANT-28] (Lactuca sativa) planted at (14, 11)
[2026-02-25 15:26:37.445] [INFO] [PLANT] Carrot [PLANT-29] (Daucus carota) planted at (13, 13)
[2026-02-25 15:26:37.445] [INFO] [PLANT] Lettuce [PLANT-30] (Lactuca sativa) planted at (14, 13)
[2026-02-25 15:26:37.445] [INFO] [PLANT] Carrot [PLANT-31] (Daucus carota) planted at (13, 15)
[2026-02-25 15:26:37.445] [INFO] [PLANT] Lettuce [PLANT-32] (Lactuca sativa) planted at (14, 15)
[2026-02-25 15:26:37.445] [INFO] [PLANT] Carrot [PLANT-33] (Daucus carota) planted at (13, 17)
[2026-02-25 15:26:37.446] [INFO] [PLANT] Lettuce [PLANT-34] (Lactuca sativa) planted at (14, 17)
[2026-02-25 15:26:37.446] [INFO] [PLANT] Cactus [PLANT-35] (Cactaceae) planted at (18, 1)
[2026-02-25 15:26:37.446] [INFO] [PLANT] Cactus [PLANT-36] (Cactaceae) planted at (18, 6)
[2026-02-25 15:26:37.447] [INFO] [PLANT] Cactus [PLANT-37] (Cactaceae) planted at (18, 11)
[2026-02-25 15:26:37.448] [INFO] [INSECT] Bee [INSECT-1] (POLLINATOR) appeared at (4, 4)
[2026-02-25 15:26:37.448] [INFO] [INSECT] Bee [INSECT-2] (POLLINATOR) appeared at (8, 8)
[2026-02-25 15:26:37.448] [INFO] [INSECT] Bee [INSECT-3] (POLLINATOR) appeared at (6, 16)
[2026-02-25 15:26:37.448] [INFO] [INSECT] Ladybug [INSECT-4] (BENEFICIAL) appeared at (6, 6)
[2026-02-25 15:26:37.448] [INFO] [INSECT] Aphid [INSECT-5] (PEST) appeared at (3, 5)
[2026-02-25 15:26:37.449] [INFO] [INSECT] Caterpillar [INSECT-6] (PEST) appeared at (11, 3)
[2026-02-25 15:26:37.451] [INFO] [HEATING] Heating System initialized. Target: 65.0°F, Mode: AUTO
[2026-02-25 15:26:37.451] [INFO] [HEATING] Target temperature set to 65.0°F
[2026-02-25 15:26:37.452] [INFO] [HEATING] Temperature adjust rate set to 2.0°F/tick
[2026-02-25 15:26:37.453] [INFO] [PEST_CONTROL] Pest Control initialized. Method: TARGETED, Threshold: 1 pests
[2026-02-25 15:26:37.455] [INFO] [LIGHTING] Lighting System initialized. Target light level: 60
[2026-02-25 15:26:37.455] [INFO] [GARDEN] Garden initialized: 37 plants, 6 insects, 14 sensors, 4 modules
[2026-02-25 15:26:37.455] [INFO] [GARDEN] === Garden Ready ===
[2026-02-25 15:26:37.466] [INFO] [APPLICATION] Simulation Engine initialized.
[2026-02-25 15:26:40.872] [INFO] [APPLICATION] Simulation STARTED.
[2026-02-25 15:26:40.873] [INFO] [APPLICATION] Garden Simulation started successfully.
[2026-02-25 15:26:42.509] [WARN] [SENSOR] ALERT: Light Sensor [SENSOR-13] at (0, 10) reading 5.5 lux (threshold: 20.0-90.0)
[2026-02-25 15:26:42.509] [WARN] [SENSOR] ALERT: Light Sensor [SENSOR-14] at (19, 0) reading 3.9 lux (threshold: 20.0-90.0)
[2026-02-25 15:26:42.511] [INFO] [HEATING] Heater ON: Current 58.6°F → adjusting +2.0°F (target: 65.0°F)
[2026-02-25 15:26:42.512] [INFO] [LIGHTING] Grow lights ON: Natural light 5 below target 60
[2026-02-25 15:26:42.514] [INFO] [PLANT] Sunflower [PLANT-13] took 0.8 pest damage (resistance: 50%). Health: 99.3%
[2026-02-25 15:26:44.663] [INFO] [HEATING] Heater ON: Current 57.4°F → adjusting +2.0°F (target: 65.0°F)
[2026-02-25 15:26:44.663] [INFO] [PLANT] Sunflower [PLANT-13] took 0.8 pest damage (resistance: 50%). Health: 99.3%
[2026-02-25 15:26:45.166] [INFO] [HEATING] Heater ON: Current 58.4°F → adjusting +2.0°F (target: 65.0°F)
[2026-02-25 15:26:45.168] [INFO] [PLANT] Sunflower [PLANT-13] took 0.8 pest damage (resistance: 50%). Health: 99.3%
[2026-02-25 15:26:45.679] [INFO] [HEATING] Heater ON: Current 57.9°F → adjusting +2.0°F (target: 65.0°F)
[2026-02-25 15:26:45.679] [INFO] [PLANT] Rose [PLANT-9] took 0.6 pest damage (resistance: 20%). Health: 99.4%
[2026-02-25 15:26:45.681] [INFO] [PLANT] Sunflower [PLANT-13] took 0.8 pest damage (resistance: 50%). Health: 99.3%
[2026-02-25 15:26:46.191] [INFO] [HEATING] Heater ON: Current 57.8°F → adjusting +2.0°F (target: 65.0°F)
[2026-02-25 15:26:46.191] [INFO] [PEST_CONTROL] Activating TARGETED pest control! 2 pests detected.
[2026-02-25 15:26:46.192] [INFO] [INSECT] Aphid [INSECT-5] died. Reason: Targeted pest control
[2026-02-25 15:26:46.192] [INFO] [INSECT] Caterpillar [INSECT-6] died. Reason: Targeted pest control
[2026-02-25 15:26:46.192] [INFO] [PEST_CONTROL] Targeted method: 2 pests eliminated. Beneficials safe.
[2026-02-25 15:26:46.703] [INFO] [HEATING] Heater ON: Current 58.7°F → adjusting +2.0°F (target: 65.0°F)
[2026-02-25 15:26:47.215] [INFO] [HEATING] Heater ON: Current 58.5°F → adjusting +2.0°F (target: 65.0°F)
[2026-02-25 15:26:47.727] [INFO] [HEATING] Heater ON: Current 58.5°F → adjusting +2.0°F (target: 65.0°F)
[2026-02-25 15:26:48.239] [INFO] [HEATING] Heater ON: Current 59.1°F → adjusting +2.0°F (target: 65.0°F)
[2026-02-25 15:26:48.766] [INFO] [HEATING] Heater ON: Current 57.9°F → adjusting +2.0°F (target: 65.0°F)
[2026-02-25 15:26:49.278] [INFO] [HEATING] Heater ON: Current 58.3°F → adjusting +2.0°F (target: 65.0°F)
[2026-02-25 15:26:49.791] [INFO] [HEATING] Heater ON: Current 58.6°F → adjusting +2.0°F (target: 65.0°F)
[2026-02-25 15:26:50.301] [INFO] [HEATING] Heater ON: Current 59.2°F → adjusting +2.0°F (target: 65.0°F)
[2026-02-25 15:26:50.813] [INFO] [HEATING] Heater ON: Current 59.4°F → adjusting +2.0°F (target: 65.0°F)
[2026-02-25 15:26:51.326] [INFO] [HEATING] Heater ON: Current 59.5°F → adjusting +2.0°F (target: 65.0°F)
[2026-02-25 15:26:51.838] [INFO] [HEATING] Heater ON: Current 59.2°F → adjusting +2.0°F (target: 65.0°F)
[2026-02-25 15:26:52.350] [INFO] [WATERING] Zone SPR-4 activated at (3, 10)
[2026-02-25 15:26:52.350] [INFO] [WATERING] Zone SPR-5 activated at (9, 10)
[2026-02-25 15:26:52.351] [INFO] [WATERING] Zone SPR-6 activated at (15, 10)
[2026-02-25 15:26:52.351] [INFO] [WATERING] Zone SPR-7 activated at (3, 16)
[2026-02-25 15:26:52.351] [INFO] [WATERING] Zone SPR-8 activated at (9, 16)
[2026-02-25 15:26:52.351] [INFO] [WATERING] Zone SPR-9 activated at (15, 16)
[2026-02-25 15:26:52.351] [INFO] [HEATING] Heater ON: Current 58.8°F → adjusting +2.0°F (target: 65.0°F)
[2026-02-25 15:26:52.862] [INFO] [WATERING] Zone SPR-1 activated at (3, 4)
[2026-02-25 15:26:52.862] [INFO] [HEATING] Heater ON: Current 59.5°F → adjusting +2.0°F (target: 65.0°F)
[2026-02-25 15:26:53.374] [WARN] [SENSOR] ALERT: Moisture Sensor [SENSOR-6] at (16, 10) reading 84.6 % (threshold: 20.0-80.0)
[2026-02-25 15:26:53.375] [WARN] [SENSOR] ALERT: Moisture Sensor [SENSOR-8] at (10, 16) reading 85.2 % (threshold: 20.0-80.0)
[2026-02-25 15:26:53.375] [WARN] [SENSOR] ALERT: Moisture Sensor [SENSOR-9] at (16, 16) reading 86.5 % (threshold: 20.0-80.0)
[2026-02-25 15:26:53.375] [INFO] [HEATING] Heater ON: Current 59.3°F → adjusting +2.0°F (target: 65.0°F)
[2026-02-25 15:26:53.887] [INFO] [HEATING] Heater ON: Current 59.7°F → adjusting +2.0°F (target: 65.0°F)
[2026-02-25 15:26:54.398] [INFO] [HEATING] Heater ON: Current 59.3°F → adjusting +2.0°F (target: 65.0°F)
[2026-02-25 15:26:54.910] [WARN] [SENSOR] ALERT: Moisture Sensor [SENSOR-3] at (16, 4) reading 84.1 % (threshold: 20.0-80.0)
[2026-02-25 15:26:54.911] [INFO] [HEATING] Heater ON: Current 60.4°F → adjusting +2.0°F (target: 65.0°F)
[2026-02-25 15:26:55.421] [INFO] [HEATING] Heater ON: Current 60.7°F → adjusting +2.0°F (target: 65.0°F)
[2026-02-25 15:26:55.934] [INFO] [WATERING] Zone SPR-2 activated at (9, 4)
[2026-02-25 15:26:55.935] [INFO] [HEATING] Heater ON: Current 59.1°F → adjusting +2.0°F (target: 65.0°F)
[2026-02-25 15:26:56.446] [WARN] [SENSOR] ALERT: Moisture Sensor [SENSOR-2] at (10, 4) reading 88.9 % (threshold: 20.0-80.0)
[2026-02-25 15:26:56.447] [INFO] [HEATING] Heater ON: Current 60.6°F → adjusting +2.0°F (target: 65.0°F)
[2026-02-25 15:26:56.958] [INFO] [HEATING] Heater ON: Current 60.3°F → adjusting +2.0°F (target: 65.0°F)
[2026-02-25 15:26:57.469] [INFO] [SENSOR] Light Sensor [SENSOR-14] returned to normal: 21.7 lux
[2026-02-25 15:26:57.470] [INFO] [HEATING] Heater ON: Current 60.8°F → adjusting +2.0°F (target: 65.0°F)
[2026-02-25 15:26:57.998] [INFO] [SENSOR] Light Sensor [SENSOR-13] returned to normal: 22.3 lux
[2026-02-25 15:26:57.999] [INFO] [HEATING] Heater ON: Current 61.4°F → adjusting +2.0°F (target: 65.0°F)
[2026-02-25 15:26:58.509] [INFO] [HEATING] Heater ON: Current 60.8°F → adjusting +2.0°F (target: 65.0°F)
[2026-02-25 15:26:59.022] [INFO] [HEATING] Heater ON: Current 60.9°F → adjusting +2.0°F (target: 65.0°F)
[2026-02-25 15:26:59.647] [INFO] [HEATING] Heater ON: Current 61.0°F → adjusting +2.0°F (target: 65.0°F)
[2026-02-25 15:27:00.158] [INFO] [HEATING] Heater ON: Current 61.0°F → adjusting +2.0°F (target: 65.0°F)
[2026-02-25 15:27:00.670] [INFO] [HEATING] Heater ON: Current 62.0°F → adjusting +2.0°F (target: 65.0°F)
[2026-02-25 15:27:01.215] [INFO] [HEATING] Heater ON: Current 61.8°F → adjusting +2.0°F (target: 65.0°F)
[2026-02-25 15:27:01.727] [INFO] [HEATING] Heater ON: Current 61.9°F → adjusting +2.0°F (target: 65.0°F)
[2026-02-25 15:27:01.727] [INFO] [PLANT] Lettuce [PLANT-18] grew from SEED to SPROUT (health: 100.0%)
[2026-02-25 15:27:01.728] [INFO] [PLANT] Lettuce [PLANT-20] grew from SEED to SPROUT (health: 100.0%)
[2026-02-25 15:27:01.728] [INFO] [PLANT] Lettuce [PLANT-22] grew from SEED to SPROUT (health: 100.0%)
[2026-02-25 15:27:01.728] [INFO] [PLANT] Lettuce [PLANT-24] grew from SEED to SPROUT (health: 100.0%)
[2026-02-25 15:27:01.728] [INFO] [PLANT] Lettuce [PLANT-26] grew from SEED to SPROUT (health: 100.0%)
[2026-02-25 15:27:01.728] [INFO] [PLANT] Lettuce [PLANT-28] grew from SEED to SPROUT (health: 100.0%)
[2026-02-25 15:27:01.728] [INFO] [PLANT] Lettuce [PLANT-30] grew from SEED to SPROUT (health: 100.0%)
[2026-02-25 15:27:01.728] [INFO] [PLANT] Lettuce [PLANT-32] grew from SEED to SPROUT (health: 100.0%)
[2026-02-25 15:27:01.728] [INFO] [PLANT] Lettuce [PLANT-34] grew from SEED to SPROUT (health: 100.0%)
[2026-02-25 15:27:02.237] [INFO] [HEATING] Heater ON: Current 61.8°F → adjusting +2.0°F (target: 65.0°F)
[2026-02-25 15:27:02.750] [INFO] [HEATING] Heater ON: Current 62.2°F → adjusting +2.0°F (target: 65.0°F)
[2026-02-25 15:27:03.262] [INFO] [HEATING] Heater ON: Current 61.8°F → adjusting +2.0°F (target: 65.0°F)
[2026-02-25 15:27:03.773] [INFO] [HEATING] Climate control OFF: 63.2°F is within target range
[2026-02-25 15:27:04.285] [INFO] [HEATING] Heater ON: Current 62.2°F → adjusting +2.0°F (target: 65.0°F)
[2026-02-25 15:27:04.286] [INFO] [PLANT] Sunflower [PLANT-13] grew from SEED to SPROUT (health: 100.0%)
[2026-02-25 15:27:04.286] [INFO] [PLANT] Sunflower [PLANT-14] grew from SEED to SPROUT (health: 100.0%)
[2026-02-25 15:27:04.286] [INFO] [PLANT] Sunflower [PLANT-15] grew from SEED to SPROUT (health: 100.0%)
[2026-02-25 15:27:04.286] [INFO] [PLANT] Sunflower [PLANT-16] grew from SEED to SPROUT (health: 100.0%)
[2026-02-25 15:27:04.797] [INFO] [HEATING] Climate control OFF: 63.4°F is within target range
[2026-02-25 15:27:05.339] [INFO] [HEATING] Heater ON: Current 62.3°F → adjusting +2.0°F (target: 65.0°F)
[2026-02-25 15:27:05.854] [INFO] [HEATING] Climate control OFF: 63.1°F is within target range
[2026-02-25 15:27:09.502] [INFO] [LIGHTING] Grow lights OFF: Natural light 50 sufficient
[2026-02-25 15:27:09.502] [INFO] [PLANT] Tomato [PLANT-1] grew from SEED to SPROUT (health: 100.0%)
[2026-02-25 15:27:09.502] [INFO] [PLANT] Tomato [PLANT-2] grew from SEED to SPROUT (health: 100.0%)
[2026-02-25 15:27:09.502] [INFO] [PLANT] Tomato [PLANT-3] grew from SEED to SPROUT (health: 100.0%)
[2026-02-25 15:27:09.502] [INFO] [PLANT] Tomato [PLANT-4] grew from SEED to SPROUT (health: 100.0%)
[2026-02-25 15:27:09.502] [INFO] [PLANT] Tomato [PLANT-5] grew from SEED to SPROUT (health: 100.0%)
[2026-02-25 15:27:09.502] [INFO] [PLANT] Tomato [PLANT-6] grew from SEED to SPROUT (health: 100.0%)
[2026-02-25 15:27:09.504] [INFO] [GARDEN] --- TICK 50 STATUS | Temp: 65.2°F | Light: 50 | Humidity: 63% | Plants: 37/37 alive | Insects: 4 (0 pests) ---
[2026-02-25 15:27:12.174] [INFO] [PLANT] Carrot [PLANT-17] grew from SEED to SPROUT (health: 100.0%)
[2026-02-25 15:27:12.174] [INFO] [PLANT] Carrot [PLANT-19] grew from SEED to SPROUT (health: 100.0%)
[2026-02-25 15:27:12.174] [INFO] [PLANT] Carrot [PLANT-21] grew from SEED to SPROUT (health: 100.0%)
[2026-02-25 15:27:12.174] [INFO] [PLANT] Carrot [PLANT-23] grew from SEED to SPROUT (health: 100.0%)
[2026-02-25 15:27:12.174] [INFO] [PLANT] Carrot [PLANT-25] grew from SEED to SPROUT (health: 100.0%)
[2026-02-25 15:27:12.175] [INFO] [PLANT] Carrot [PLANT-27] grew from SEED to SPROUT (health: 100.0%)
[2026-02-25 15:27:12.175] [INFO] [PLANT] Carrot [PLANT-29] grew from SEED to SPROUT (health: 100.0%)
[2026-02-25 15:27:12.175] [INFO] [PLANT] Carrot [PLANT-31] grew from SEED to SPROUT (health: 100.0%)
[2026-02-25 15:27:12.175] [INFO] [PLANT] Carrot [PLANT-33] grew from SEED to SPROUT (health: 100.0%)
[2026-02-25 15:27:14.734] [INFO] [PLANT] Rose [PLANT-7] grew from SEED to SPROUT (health: 100.0%)
[2026-02-25 15:27:14.734] [INFO] [PLANT] Rose [PLANT-8] grew from SEED to SPROUT (health: 100.0%)
[2026-02-25 15:27:14.734] [INFO] [PLANT] Rose [PLANT-9] grew from SEED to SPROUT (health: 100.0%)
[2026-02-25 15:27:14.734] [INFO] [PLANT] Rose [PLANT-10] grew from SEED to SPROUT (health: 100.0%)
[2026-02-25 15:27:14.734] [INFO] [PLANT] Rose [PLANT-11] grew from SEED to SPROUT (health: 100.0%)
[2026-02-25 15:27:14.734] [INFO] [PLANT] Rose [PLANT-12] grew from SEED to SPROUT (health: 100.0%)
[2026-02-25 15:27:14.734] [INFO] [INSECT] Aphid [INSECT-7] (PEST) appeared at (13, 7)
[2026-02-25 15:27:15.278] [INFO] [HEATING] Cooler ON: Current 67.6°F → adjusting -2.0°F (target: 65.0°F)
[2026-02-25 15:27:15.279] [INFO] [PLANT] Carrot [PLANT-21] took 0.5 pest damage (resistance: 40%). Health: 99.5%
[2026-02-25 15:27:15.279] [INFO] [PLANT] Lettuce [PLANT-22] took 0.7 pest damage (resistance: 15%). Health: 99.3%
[2026-02-25 15:27:15.279] [INFO] [PLANT] Carrot [PLANT-23] took 0.5 pest damage (resistance: 40%). Health: 99.5%
[2026-02-25 15:27:15.279] [INFO] [PLANT] Lettuce [PLANT-24] took 0.7 pest damage (resistance: 15%). Health: 99.3%
[2026-02-25 15:27:15.792] [INFO] [HEATING] Cooler ON: Current 67.4°F → adjusting -2.0°F (target: 65.0°F)
[2026-02-25 15:27:15.792] [INFO] [PLANT] Carrot [PLANT-21] took 0.5 pest damage (resistance: 40%). Health: 99.5%
[2026-02-25 15:27:15.793] [INFO] [PLANT] Carrot [PLANT-23] took 0.5 pest damage (resistance: 40%). Health: 99.5%
[2026-02-25 15:27:16.301] [INFO] [HEATING] Cooler ON: Current 67.8°F → adjusting -2.0°F (target: 65.0°F)
[2026-02-25 15:27:16.302] [INFO] [PLANT] Carrot [PLANT-21] took 0.5 pest damage (resistance: 40%). Health: 99.5%
[2026-02-25 15:27:16.302] [INFO] [PLANT] Lettuce [PLANT-22] took 0.7 pest damage (resistance: 15%). Health: 99.3%
[2026-02-25 15:27:16.302] [INFO] [INSECT] Aphid [INSECT-7] died. Reason: Eaten by Ladybug [INSECT-4]
[2026-02-25 15:27:16.862] [INFO] [HEATING] Cooler ON: Current 67.9°F → adjusting -2.0°F (target: 65.0°F)
[2026-02-25 15:27:17.374] [INFO] [HEATING] Cooler ON: Current 68.3°F → adjusting -2.0°F (target: 65.0°F)
[2026-02-25 15:27:17.902] [INFO] [HEATING] Cooler ON: Current 68.4°F → adjusting -2.0°F (target: 65.0°F)
[2026-02-25 15:27:18.414] [INFO] [HEATING] Cooler ON: Current 69.5°F → adjusting -2.0°F (target: 65.0°F)
[2026-02-25 15:27:18.926] [INFO] [HEATING] Cooler ON: Current 69.3°F → adjusting -2.0°F (target: 65.0°F)
[2026-02-25 15:27:19.438] [INFO] [HEATING] Cooler ON: Current 68.8°F → adjusting -2.0°F (target: 65.0°F)
[2026-02-25 15:27:19.950] [INFO] [HEATING] Cooler ON: Current 68.5°F → adjusting -2.0°F (target: 65.0°F)
[2026-02-25 15:27:19.950] [INFO] [PLANT] Lettuce [PLANT-18] grew from SPROUT to VEGETATIVE (health: 100.0%)
[2026-02-25 15:27:19.950] [INFO] [PLANT] Lettuce [PLANT-20] grew from SPROUT to VEGETATIVE (health: 100.0%)
[2026-02-25 15:27:19.950] [INFO] [PLANT] Lettuce [PLANT-22] grew from SPROUT to VEGETATIVE (health: 100.0%)
[2026-02-25 15:27:19.950] [INFO] [PLANT] Lettuce [PLANT-24] grew from SPROUT to VEGETATIVE (health: 100.0%)
[2026-02-25 15:27:19.950] [INFO] [PLANT] Lettuce [PLANT-26] grew from SPROUT to VEGETATIVE (health: 100.0%)
[2026-02-25 15:27:19.950] [INFO] [PLANT] Lettuce [PLANT-28] grew from SPROUT to VEGETATIVE (health: 100.0%)
[2026-02-25 15:27:19.950] [INFO] [PLANT] Lettuce [PLANT-30] grew from SPROUT to VEGETATIVE (health: 100.0%)
[2026-02-25 15:27:19.950] [INFO] [PLANT] Lettuce [PLANT-32] grew from SPROUT to VEGETATIVE (health: 100.0%)
[2026-02-25 15:27:19.950] [INFO] [PLANT] Lettuce [PLANT-34] grew from SPROUT to VEGETATIVE (health: 100.0%)
[2026-02-25 15:27:20.462] [INFO] [HEATING] Cooler ON: Current 70.2°F → adjusting -2.0°F (target: 65.0°F)
[2026-02-25 15:27:20.975] [INFO] [HEATING] Cooler ON: Current 68.8°F → adjusting -2.0°F (target: 65.0°F)
[2026-02-25 15:27:21.486] [INFO] [HEATING] Cooler ON: Current 69.8°F → adjusting -2.0°F (target: 65.0°F)
[2026-02-25 15:27:22.014] [INFO] [HEATING] Cooler ON: Current 71.1°F → adjusting -2.0°F (target: 65.0°F)
[2026-02-25 15:27:22.526] [INFO] [HEATING] Cooler ON: Current 70.0°F → adjusting -2.0°F (target: 65.0°F)
[2026-02-25 15:27:23.038] [INFO] [HEATING] Cooler ON: Current 70.3°F → adjusting -2.0°F (target: 65.0°F)
[2026-02-25 15:27:23.550] [INFO] [HEATING] Cooler ON: Current 70.5°F → adjusting -2.0°F (target: 65.0°F)
[2026-02-25 15:27:24.063] [INFO] [HEATING] Cooler ON: Current 69.9°F → adjusting -2.0°F (target: 65.0°F)
[2026-02-25 15:27:24.574] [INFO] [HEATING] Cooler ON: Current 70.9°F → adjusting -2.0°F (target: 65.0°F)
[2026-02-25 15:27:25.085] [INFO] [HEATING] Cooler ON: Current 71.8°F → adjusting -2.0°F (target: 65.0°F)
[2026-02-25 15:27:25.086] [INFO] [PLANT] Sunflower [PLANT-13] grew from SPROUT to VEGETATIVE (health: 100.0%)
[2026-02-25 15:27:25.086] [INFO] [PLANT] Sunflower [PLANT-14] grew from SPROUT to VEGETATIVE (health: 100.0%)
[2026-02-25 15:27:25.086] [INFO] [PLANT] Sunflower [PLANT-15] grew from SPROUT to VEGETATIVE (health: 100.0%)
[2026-02-25 15:27:25.086] [INFO] [PLANT] Sunflower [PLANT-16] grew from SPROUT to VEGETATIVE (health: 100.0%)
[2026-02-25 15:27:25.086] [INFO] [PLANT] Cactus [PLANT-35] grew from SEED to SPROUT (health: 100.0%)
[2026-02-25 15:27:25.086] [INFO] [PLANT] Cactus [PLANT-36] grew from SEED to SPROUT (health: 100.0%)
[2026-02-25 15:27:25.086] [INFO] [PLANT] Cactus [PLANT-37] grew from SEED to SPROUT (health: 100.0%)
[2026-02-25 15:27:25.598] [INFO] [HEATING] Cooler ON: Current 71.7°F → adjusting -2.0°F (target: 65.0°F)
[2026-02-25 15:27:26.110] [INFO] [HEATING] Cooler ON: Current 71.5°F → adjusting -2.0°F (target: 65.0°F)
[2026-02-25 15:27:26.623] [INFO] [HEATING] Cooler ON: Current 71.4°F → adjusting -2.0°F (target: 65.0°F)
[2026-02-25 15:27:27.133] [WARN] [SENSOR] ALERT: Light Sensor [SENSOR-14] at (19, 0) reading 90.4 lux (threshold: 20.0-90.0)
[2026-02-25 15:27:27.133] [INFO] [HEATING] Cooler ON: Current 71.5°F → adjusting -2.0°F (target: 65.0°F)
[2026-02-25 15:27:27.645] [INFO] [SENSOR] Light Sensor [SENSOR-14] returned to normal: 89.1 lux
[2026-02-25 15:27:27.646] [INFO] [HEATING] Cooler ON: Current 70.8°F → adjusting -2.0°F (target: 65.0°F)
[2026-02-25 15:27:28.157] [WARN] [SENSOR] ALERT: Light Sensor [SENSOR-13] at (0, 10) reading 91.2 lux (threshold: 20.0-90.0)
[2026-02-25 15:27:28.157] [WARN] [SENSOR] ALERT: Light Sensor [SENSOR-14] at (19, 0) reading 90.0 lux (threshold: 20.0-90.0)
[2026-02-25 15:27:28.158] [INFO] [HEATING] Cooler ON: Current 70.4°F → adjusting -2.0°F (target: 65.0°F)
[2026-02-25 15:27:28.670] [INFO] [HEATING] Cooler ON: Current 71.0°F → adjusting -2.0°F (target: 65.0°F)
[2026-02-25 15:27:29.182] [INFO] [HEATING] Cooler ON: Current 72.1°F → adjusting -2.0°F (target: 65.0°F)
[2026-02-25 15:27:29.695] [INFO] [HEATING] Cooler ON: Current 71.9°F → adjusting -2.0°F (target: 65.0°F)
[2026-02-25 15:27:30.207] [INFO] [HEATING] Cooler ON: Current 71.7°F → adjusting -2.0°F (target: 65.0°F)
[2026-02-25 15:27:30.718] [INFO] [HEATING] Cooler ON: Current 71.8°F → adjusting -2.0°F (target: 65.0°F)
[2026-02-25 15:27:31.230] [INFO] [HEATING] Cooler ON: Current 71.2°F → adjusting -2.0°F (target: 65.0°F)
[2026-02-25 15:27:31.742] [INFO] [HEATING] Cooler ON: Current 73.0°F → adjusting -2.0°F (target: 65.0°F)
[2026-02-25 15:27:32.254] [INFO] [HEATING] Cooler ON: Current 71.7°F → adjusting -2.0°F (target: 65.0°F)
[2026-02-25 15:27:32.767] [INFO] [HEATING] Cooler ON: Current 71.9°F → adjusting -2.0°F (target: 65.0°F)
[2026-02-25 15:27:33.278] [INFO] [HEATING] Cooler ON: Current 71.6°F → adjusting -2.0°F (target: 65.0°F)
[2026-02-25 15:27:33.791] [INFO] [HEATING] Cooler ON: Current 71.4°F → adjusting -2.0°F (target: 65.0°F)
[2026-02-25 15:27:34.302] [INFO] [HEATING] Cooler ON: Current 73.2°F → adjusting -2.0°F (target: 65.0°F)
[2026-02-25 15:27:34.830] [INFO] [HEATING] Cooler ON: Current 71.6°F → adjusting -2.0°F (target: 65.0°F)
[2026-02-25 15:27:35.342] [INFO] [HEATING] Cooler ON: Current 72.0°F → adjusting -2.0°F (target: 65.0°F)
[2026-02-25 15:27:35.342] [INFO] [PLANT] Tomato [PLANT-1] grew from SPROUT to VEGETATIVE (health: 100.0%)
[2026-02-25 15:27:35.342] [INFO] [PLANT] Tomato [PLANT-2] grew from SPROUT to VEGETATIVE (health: 100.0%)
[2026-02-25 15:27:35.342] [INFO] [PLANT] Tomato [PLANT-3] grew from SPROUT to VEGETATIVE (health: 100.0%)
[2026-02-25 15:27:35.342] [INFO] [PLANT] Tomato [PLANT-4] grew from SPROUT to VEGETATIVE (health: 100.0%)
[2026-02-25 15:27:35.342] [INFO] [PLANT] Tomato [PLANT-5] grew from SPROUT to VEGETATIVE (health: 100.0%)
[2026-02-25 15:27:35.342] [INFO] [PLANT] Tomato [PLANT-6] grew from SPROUT to VEGETATIVE (health: 100.0%)
[2026-02-25 15:27:35.343] [INFO] [GARDEN] --- TICK 100 STATUS | Temp: 70.0°F | Light: 95 | Humidity: 50% | Plants: 37/37 alive | Insects: 4 (0 pests) ---
[2026-02-25 15:27:35.854] [INFO] [HEATING] Cooler ON: Current 71.9°F → adjusting -2.0°F (target: 65.0°F)
[2026-02-25 15:27:36.366] [INFO] [HEATING] Cooler ON: Current 71.6°F → adjusting -2.0°F (target: 65.0°F)
[2026-02-25 15:27:36.879] [INFO] [HEATING] Cooler ON: Current 72.5°F → adjusting -2.0°F (target: 65.0°F)
[2026-02-25 15:27:37.390] [INFO] [HEATING] Cooler ON: Current 72.2°F → adjusting -2.0°F (target: 65.0°F)
[2026-02-25 15:27:37.902] [INFO] [HEATING] Cooler ON: Current 71.5°F → adjusting -2.0°F (target: 65.0°F)
[2026-02-25 15:27:37.902] [INFO] [PLANT] Lettuce [PLANT-18] grew from VEGETATIVE to FLOWERING (health: 100.0%)
[2026-02-25 15:27:37.902] [INFO] [PLANT] Lettuce [PLANT-20] grew from VEGETATIVE to FLOWERING (health: 100.0%)
[2026-02-25 15:27:37.902] [INFO] [PLANT] Lettuce [PLANT-22] grew from VEGETATIVE to FLOWERING (health: 100.0%)
[2026-02-25 15:27:37.902] [INFO] [PLANT] Lettuce [PLANT-24] grew from VEGETATIVE to FLOWERING (health: 100.0%)
[2026-02-25 15:27:37.902] [INFO] [PLANT] Lettuce [PLANT-26] grew from VEGETATIVE to FLOWERING (health: 100.0%)
[2026-02-25 15:27:37.902] [INFO] [PLANT] Lettuce [PLANT-28] grew from VEGETATIVE to FLOWERING (health: 100.0%)
[2026-02-25 15:27:37.902] [INFO] [PLANT] Lettuce [PLANT-30] grew from VEGETATIVE to FLOWERING (health: 100.0%)
[2026-02-25 15:27:37.902] [INFO] [PLANT] Lettuce [PLANT-32] grew from VEGETATIVE to FLOWERING (health: 100.0%)
[2026-02-25 15:27:37.902] [INFO] [PLANT] Lettuce [PLANT-34] grew from VEGETATIVE to FLOWERING (health: 100.0%)
[2026-02-25 15:27:38.414] [INFO] [HEATING] Cooler ON: Current 72.3°F → adjusting -2.0°F (target: 65.0°F)
[2026-02-25 15:27:38.927] [INFO] [HEATING] Cooler ON: Current 71.8°F → adjusting -2.0°F (target: 65.0°F)
[2026-02-25 15:27:39.438] [INFO] [HEATING] Cooler ON: Current 71.6°F → adjusting -2.0°F (target: 65.0°F)
[2026-02-25 15:27:39.949] [INFO] [HEATING] Cooler ON: Current 72.0°F → adjusting -2.0°F (target: 65.0°F)
[2026-02-25 15:27:40.462] [INFO] [HEATING] Cooler ON: Current 71.5°F → adjusting -2.0°F (target: 65.0°F)
[2026-02-25 15:27:40.462] [INFO] [PLANT] Carrot [PLANT-17] grew from SPROUT to VEGETATIVE (health: 100.0%)
[2026-02-25 15:27:40.463] [INFO] [PLANT] Carrot [PLANT-19] grew from SPROUT to VEGETATIVE (health: 100.0%)
[2026-02-25 15:27:40.463] [INFO] [PLANT] Carrot [PLANT-21] grew from SPROUT to VEGETATIVE (health: 100.0%)
[2026-02-25 15:27:40.463] [INFO] [PLANT] Carrot [PLANT-23] grew from SPROUT to VEGETATIVE (health: 100.0%)
[2026-02-25 15:27:40.463] [INFO] [PLANT] Carrot [PLANT-25] grew from SPROUT to VEGETATIVE (health: 100.0%)
[2026-02-25 15:27:40.463] [INFO] [PLANT] Carrot [PLANT-27] grew from SPROUT to VEGETATIVE (health: 100.0%)
[2026-02-25 15:27:40.463] [INFO] [PLANT] Carrot [PLANT-29] grew from SPROUT to VEGETATIVE (health: 100.0%)
[2026-02-25 15:27:40.463] [INFO] [PLANT] Carrot [PLANT-31] grew from SPROUT to VEGETATIVE (health: 100.0%)
[2026-02-25 15:27:40.463] [INFO] [PLANT] Carrot [PLANT-33] grew from SPROUT to VEGETATIVE (health: 100.0%)
[2026-02-25 15:27:40.975] [INFO] [HEATING] Cooler ON: Current 72.0°F → adjusting -2.0°F (target: 65.0°F)
[2026-02-25 15:27:41.485] [INFO] [HEATING] Cooler ON: Current 71.2°F → adjusting -2.0°F (target: 65.0°F)
[2026-02-25 15:27:42.014] [INFO] [HEATING] Cooler ON: Current 72.1°F → adjusting -2.0°F (target: 65.0°F)
[2026-02-25 15:27:42.525] [INFO] [HEATING] Cooler ON: Current 71.1°F → adjusting -2.0°F (target: 65.0°F)
[2026-02-25 15:27:43.037] [INFO] [SENSOR] Light Sensor [SENSOR-14] returned to normal: 89.4 lux
[2026-02-25 15:27:43.038] [INFO] [HEATING] Cooler ON: Current 71.0°F → adjusting -2.0°F (target: 65.0°F)
[2026-02-25 15:27:43.549] [WARN] [SENSOR] ALERT: Light Sensor [SENSOR-14] at (19, 0) reading 90.6 lux (threshold: 20.0-90.0)
[2026-02-25 15:27:43.550] [INFO] [HEATING] Cooler ON: Current 71.4°F → adjusting -2.0°F (target: 65.0°F)
[2026-02-25 15:27:44.061] [INFO] [SENSOR] Light Sensor [SENSOR-13] returned to normal: 88.5 lux
[2026-02-25 15:27:44.062] [INFO] [SENSOR] Light Sensor [SENSOR-14] returned to normal: 89.3 lux
[2026-02-25 15:27:44.062] [INFO] [HEATING] Cooler ON: Current 70.6°F → adjusting -2.0°F (target: 65.0°F)
[2026-02-25 15:27:44.573] [INFO] [HEATING] Cooler ON: Current 71.4°F → adjusting -2.0°F (target: 65.0°F)
[2026-02-25 15:27:45.086] [INFO] [HEATING] Cooler ON: Current 71.2°F → adjusting -2.0°F (target: 65.0°F)
[2026-02-25 15:27:45.598] [INFO] [HEATING] Cooler ON: Current 69.7°F → adjusting -2.0°F (target: 65.0°F)
[2026-02-25 15:27:45.598] [INFO] [PLANT] Rose [PLANT-7] grew from SPROUT to VEGETATIVE (health: 100.0%)
[2026-02-25 15:27:45.598] [INFO] [PLANT] Rose [PLANT-8] grew from SPROUT to VEGETATIVE (health: 100.0%)
[2026-02-25 15:27:45.598] [INFO] [PLANT] Rose [PLANT-9] grew from SPROUT to VEGETATIVE (health: 100.0%)
[2026-02-25 15:27:45.598] [INFO] [PLANT] Rose [PLANT-10] grew from SPROUT to VEGETATIVE (health: 100.0%)
[2026-02-25 15:27:45.598] [INFO] [PLANT] Rose [PLANT-11] grew from SPROUT to VEGETATIVE (health: 100.0%)
[2026-02-25 15:27:45.598] [INFO] [PLANT] Rose [PLANT-12] grew from SPROUT to VEGETATIVE (health: 100.0%)
[2026-02-25 15:27:45.598] [INFO] [PLANT] Sunflower [PLANT-13] grew from VEGETATIVE to FLOWERING (health: 100.0%)
[2026-02-25 15:27:45.598] [INFO] [PLANT] Sunflower [PLANT-14] grew from VEGETATIVE to FLOWERING (health: 100.0%)
[2026-02-25 15:27:45.598] [INFO] [PLANT] Sunflower [PLANT-15] grew from VEGETATIVE to FLOWERING (health: 100.0%)
[2026-02-25 15:27:45.599] [INFO] [PLANT] Sunflower [PLANT-16] grew from VEGETATIVE to FLOWERING (health: 100.0%)
[2026-02-25 15:27:46.110] [INFO] [HEATING] Cooler ON: Current 69.4°F → adjusting -2.0°F (target: 65.0°F)
[2026-02-25 15:27:46.622] [INFO] [HEATING] Cooler ON: Current 70.2°F → adjusting -2.0°F (target: 65.0°F)
[2026-02-25 15:27:47.134] [INFO] [HEATING] Cooler ON: Current 70.4°F → adjusting -2.0°F (target: 65.0°F)
[2026-02-25 15:27:47.647] [INFO] [HEATING] Cooler ON: Current 70.2°F → adjusting -2.0°F (target: 65.0°F)
[2026-02-25 15:27:48.158] [INFO] [HEATING] Cooler ON: Current 70.5°F → adjusting -2.0°F (target: 65.0°F)
[2026-02-25 15:27:48.670] [INFO] [HEATING] Cooler ON: Current 69.9°F → adjusting -2.0°F (target: 65.0°F)
[2026-02-25 15:27:49.182] [INFO] [HEATING] Cooler ON: Current 70.4°F → adjusting -2.0°F (target: 65.0°F)
[2026-02-25 15:27:49.694] [INFO] [HEATING] Cooler ON: Current 69.4°F → adjusting -2.0°F (target: 65.0°F)
[2026-02-25 15:27:50.205] [INFO] [HEATING] Cooler ON: Current 69.6°F → adjusting -2.0°F (target: 65.0°F)
[2026-02-25 15:27:50.717] [INFO] [HEATING] Cooler ON: Current 69.4°F → adjusting -2.0°F (target: 65.0°F)
[2026-02-25 15:27:51.230] [INFO] [HEATING] Cooler ON: Current 68.3°F → adjusting -2.0°F (target: 65.0°F)
[2026-02-25 15:27:51.742] [INFO] [HEATING] Cooler ON: Current 67.9°F → adjusting -2.0°F (target: 65.0°F)
[2026-02-25 15:27:52.253] [INFO] [HEATING] Cooler ON: Current 69.3°F → adjusting -2.0°F (target: 65.0°F)
[2026-02-25 15:27:52.765] [INFO] [HEATING] Cooler ON: Current 68.5°F → adjusting -2.0°F (target: 65.0°F)
[2026-02-25 15:27:53.277] [INFO] [HEATING] Cooler ON: Current 68.7°F → adjusting -2.0°F (target: 65.0°F)
[2026-02-25 15:27:53.791] [INFO] [HEATING] Cooler ON: Current 67.5°F → adjusting -2.0°F (target: 65.0°F)
[2026-02-25 15:27:56.064] [INFO] [HEATING] Cooler ON: Current 68.5°F → adjusting -2.0°F (target: 65.0°F)
[2026-02-25 15:27:56.573] [INFO] [HEATING] Cooler ON: Current 67.8°F → adjusting -2.0°F (target: 65.0°F)
[2026-02-25 15:27:57.086] [INFO] [HEATING] Cooler ON: Current 67.1°F → adjusting -2.0°F (target: 65.0°F)
[2026-02-25 15:27:57.598] [INFO] [HEATING] Climate control OFF: 66.9°F is within target range
[2026-02-25 15:27:57.598] [INFO] [PLANT] Lettuce [PLANT-18] grew from FLOWERING to FRUITING (health: 100.0%)
[2026-02-25 15:27:57.598] [INFO] [PLANT] Lettuce [PLANT-20] grew from FLOWERING to FRUITING (health: 100.0%)
[2026-02-25 15:27:57.598] [INFO] [PLANT] Lettuce [PLANT-22] grew from FLOWERING to FRUITING (health: 100.0%)
[2026-02-25 15:27:57.598] [INFO] [PLANT] Lettuce [PLANT-24] grew from FLOWERING to FRUITING (health: 100.0%)
[2026-02-25 15:27:57.598] [INFO] [PLANT] Lettuce [PLANT-26] grew from FLOWERING to FRUITING (health: 100.0%)
[2026-02-25 15:27:57.598] [INFO] [PLANT] Lettuce [PLANT-28] grew from FLOWERING to FRUITING (health: 100.0%)
[2026-02-25 15:27:57.598] [INFO] [PLANT] Lettuce [PLANT-30] grew from FLOWERING to FRUITING (health: 100.0%)
[2026-02-25 15:27:57.598] [INFO] [PLANT] Lettuce [PLANT-32] grew from FLOWERING to FRUITING (health: 100.0%)
[2026-02-25 15:27:57.599] [INFO] [PLANT] Lettuce [PLANT-34] grew from FLOWERING to FRUITING (health: 100.0%)
[2026-02-25 15:27:59.133] [INFO] [HEATING] Cooler ON: Current 67.1°F → adjusting -2.0°F (target: 65.0°F)
[2026-02-25 15:27:59.646] [INFO] [HEATING] Climate control OFF: 66.2°F is within target range
[2026-02-25 15:28:02.717] [INFO] [PLANT] Tomato [PLANT-1] grew from VEGETATIVE to FLOWERING (health: 100.0%)
[2026-02-25 15:28:02.717] [INFO] [PLANT] Tomato [PLANT-2] grew from VEGETATIVE to FLOWERING (health: 100.0%)
[2026-02-25 15:28:02.717] [INFO] [PLANT] Tomato [PLANT-3] grew from VEGETATIVE to FLOWERING (health: 100.0%)
[2026-02-25 15:28:02.717] [INFO] [PLANT] Tomato [PLANT-4] grew from VEGETATIVE to FLOWERING (health: 100.0%)
[2026-02-25 15:28:02.717] [INFO] [PLANT] Tomato [PLANT-5] grew from VEGETATIVE to FLOWERING (health: 100.0%)
[2026-02-25 15:28:02.717] [INFO] [PLANT] Tomato [PLANT-6] grew from VEGETATIVE to FLOWERING (health: 100.0%)
[2026-02-25 15:28:02.717] [INFO] [INSECT] Bee [INSECT-3] is pollinating Sunflower at (9, 2)
[2026-02-25 15:28:02.718] [INFO] [INSECT] Bee [INSECT-8] (POLLINATOR) appeared at (11, 7)
[2026-02-25 15:28:02.718] [INFO] [GARDEN] --- TICK 150 STATUS | Temp: 65.4°F | Light: 50 | Humidity: 58% | Plants: 37/37 alive | Insects: 5 (0 pests) ---
[2026-02-25 15:28:03.231] [INFO] [LIGHTING] Grow lights ON: Natural light 49 below target 60
[2026-02-25 15:28:07.326] [INFO] [HEATING] Heater ON: Current 62.8°F → adjusting +2.0°F (target: 65.0°F)
[2026-02-25 15:28:07.837] [INFO] [HEATING] Heater ON: Current 62.6°F → adjusting +2.0°F (target: 65.0°F)
[2026-02-25 15:28:07.837] [INFO] [PLANT] Sunflower [PLANT-13] grew from FLOWERING to FRUITING (health: 100.0%)
[2026-02-25 15:28:07.837] [INFO] [PLANT] Sunflower [PLANT-14] grew from FLOWERING to FRUITING (health: 100.0%)
[2026-02-25 15:28:07.837] [INFO] [PLANT] Sunflower [PLANT-15] grew from FLOWERING to FRUITING (health: 100.0%)
[2026-02-25 15:28:07.838] [INFO] [PLANT] Sunflower [PLANT-16] grew from FLOWERING to FRUITING (health: 100.0%)
[2026-02-25 15:28:07.838] [INFO] [PLANT] Cactus [PLANT-35] grew from SPROUT to VEGETATIVE (health: 100.0%)
[2026-02-25 15:28:07.838] [INFO] [PLANT] Cactus [PLANT-36] grew from SPROUT to VEGETATIVE (health: 100.0%)
[2026-02-25 15:28:07.838] [INFO] [PLANT] Cactus [PLANT-37] grew from SPROUT to VEGETATIVE (health: 100.0%)
[2026-02-25 15:28:08.349] [INFO] [HEATING] Heater ON: Current 62.1°F → adjusting +2.0°F (target: 65.0°F)
[2026-02-25 15:28:08.878] [INFO] [HEATING] Heater ON: Current 62.7°F → adjusting +2.0°F (target: 65.0°F)
[2026-02-25 15:28:09.390] [INFO] [HEATING] Heater ON: Current 62.1°F → adjusting +2.0°F (target: 65.0°F)
[2026-02-25 15:28:09.902] [INFO] [HEATING] Heater ON: Current 62.3°F → adjusting +2.0°F (target: 65.0°F)
[2026-02-25 15:28:10.415] [INFO] [HEATING] Heater ON: Current 61.7°F → adjusting +2.0°F (target: 65.0°F)
[2026-02-25 15:28:10.416] [INFO] [PLANT] Carrot [PLANT-17] grew from VEGETATIVE to FLOWERING (health: 100.0%)
[2026-02-25 15:28:10.416] [INFO] [PLANT] Carrot [PLANT-19] grew from VEGETATIVE to FLOWERING (health: 100.0%)
[2026-02-25 15:28:10.416] [INFO] [PLANT] Carrot [PLANT-21] grew from VEGETATIVE to FLOWERING (health: 100.0%)
[2026-02-25 15:28:10.416] [INFO] [PLANT] Carrot [PLANT-23] grew from VEGETATIVE to FLOWERING (health: 100.0%)
[2026-02-25 15:28:10.416] [INFO] [PLANT] Carrot [PLANT-25] grew from VEGETATIVE to FLOWERING (health: 100.0%)
[2026-02-25 15:28:10.416] [INFO] [PLANT] Carrot [PLANT-27] grew from VEGETATIVE to FLOWERING (health: 100.0%)
[2026-02-25 15:28:10.416] [INFO] [PLANT] Carrot [PLANT-29] grew from VEGETATIVE to FLOWERING (health: 100.0%)
[2026-02-25 15:28:10.416] [INFO] [PLANT] Carrot [PLANT-31] grew from VEGETATIVE to FLOWERING (health: 100.0%)
[2026-02-25 15:28:10.416] [INFO] [PLANT] Carrot [PLANT-33] grew from VEGETATIVE to FLOWERING (health: 100.0%)
[2026-02-25 15:28:10.926] [INFO] [HEATING] Heater ON: Current 61.9°F → adjusting +2.0°F (target: 65.0°F)
[2026-02-25 15:28:11.438] [INFO] [HEATING] Heater ON: Current 62.6°F → adjusting +2.0°F (target: 65.0°F)
[2026-02-25 15:28:11.950] [INFO] [WATERING] Zone SPR-3 activated at (15, 4)
[2026-02-25 15:28:11.950] [INFO] [HEATING] Heater ON: Current 61.1°F → adjusting +2.0°F (target: 65.0°F)
[2026-02-25 15:28:12.462] [INFO] [HEATING] Heater ON: Current 61.9°F → adjusting +2.0°F (target: 65.0°F)
[2026-02-25 15:28:12.975] [INFO] [HEATING] Heater ON: Current 60.3°F → adjusting +2.0°F (target: 65.0°F)
[2026-02-25 15:28:13.486] [INFO] [HEATING] Heater ON: Current 61.2°F → adjusting +2.0°F (target: 65.0°F)
[2026-02-25 15:28:13.997] [WARN] [SENSOR] ALERT: Light Sensor [SENSOR-14] at (19, 0) reading 19.9 lux (threshold: 20.0-90.0)
[2026-02-25 15:28:13.998] [INFO] [HEATING] Heater ON: Current 60.5°F → adjusting +2.0°F (target: 65.0°F)
[2026-02-25 15:28:14.511] [INFO] [HEATING] Heater ON: Current 60.8°F → adjusting +2.0°F (target: 65.0°F)
[2026-02-25 15:28:15.021] [WARN] [SENSOR] ALERT: Light Sensor [SENSOR-13] at (0, 10) reading 17.9 lux (threshold: 20.0-90.0)
[2026-02-25 15:28:15.021] [INFO] [SENSOR] Light Sensor [SENSOR-14] returned to normal: 20.6 lux
[2026-02-25 15:28:15.021] [INFO] [HEATING] Heater ON: Current 60.3°F → adjusting +2.0°F (target: 65.0°F)
[2026-02-25 15:28:15.533] [WARN] [SENSOR] ALERT: Light Sensor [SENSOR-14] at (19, 0) reading 17.8 lux (threshold: 20.0-90.0)
[2026-02-25 15:28:15.533] [INFO] [HEATING] Heater ON: Current 59.2°F → adjusting +2.0°F (target: 65.0°F)
[2026-02-25 15:28:15.533] [INFO] [PLANT] Lettuce [PLANT-18] grew from FRUITING to MATURE (health: 100.0%)
[2026-02-25 15:28:15.533] [INFO] [PLANT] Lettuce [PLANT-20] grew from FRUITING to MATURE (health: 100.0%)
[2026-02-25 15:28:15.533] [INFO] [PLANT] Lettuce [PLANT-22] grew from FRUITING to MATURE (health: 100.0%)
[2026-02-25 15:28:15.534] [INFO] [PLANT] Lettuce [PLANT-24] grew from FRUITING to MATURE (health: 100.0%)
[2026-02-25 15:28:15.534] [INFO] [PLANT] Lettuce [PLANT-26] grew from FRUITING to MATURE (health: 100.0%)
[2026-02-25 15:28:15.534] [INFO] [PLANT] Lettuce [PLANT-28] grew from FRUITING to MATURE (health: 100.0%)
[2026-02-25 15:28:15.534] [INFO] [PLANT] Lettuce [PLANT-30] grew from FRUITING to MATURE (health: 100.0%)
[2026-02-25 15:28:15.534] [INFO] [PLANT] Lettuce [PLANT-32] grew from FRUITING to MATURE (health: 100.0%)
[2026-02-25 15:28:15.534] [INFO] [PLANT] Lettuce [PLANT-34] grew from FRUITING to MATURE (health: 100.0%)
[2026-02-25 15:28:16.061] [INFO] [HEATING] Heater ON: Current 59.9°F → adjusting +2.0°F (target: 65.0°F)
[2026-02-25 15:28:16.574] [INFO] [HEATING] Heater ON: Current 59.7°F → adjusting +2.0°F (target: 65.0°F)
[2026-02-25 15:28:17.086] [INFO] [HEATING] Heater ON: Current 58.6°F → adjusting +2.0°F (target: 65.0°F)
[2026-02-25 15:28:17.598] [INFO] [HEATING] Heater ON: Current 58.7°F → adjusting +2.0°F (target: 65.0°F)
[2026-02-25 15:28:18.110] [INFO] [HEATING] Heater ON: Current 58.7°F → adjusting +2.0°F (target: 65.0°F)
[2026-02-25 15:28:18.110] [INFO] [PLANT] Rose [PLANT-7] grew from VEGETATIVE to FLOWERING (health: 100.0%)
[2026-02-25 15:28:18.111] [INFO] [PLANT] Rose [PLANT-8] grew from VEGETATIVE to FLOWERING (health: 100.0%)
[2026-02-25 15:28:18.111] [INFO] [PLANT] Rose [PLANT-9] grew from VEGETATIVE to FLOWERING (health: 100.0%)
[2026-02-25 15:28:18.111] [INFO] [PLANT] Rose [PLANT-10] grew from VEGETATIVE to FLOWERING (health: 100.0%)
[2026-02-25 15:28:18.111] [INFO] [PLANT] Rose [PLANT-11] grew from VEGETATIVE to FLOWERING (health: 100.0%)
[2026-02-25 15:28:18.111] [INFO] [PLANT] Rose [PLANT-12] grew from VEGETATIVE to FLOWERING (health: 100.0%)
[2026-02-25 15:28:18.622] [INFO] [HEATING] Heater ON: Current 58.9°F → adjusting +2.0°F (target: 65.0°F)
[2026-02-25 15:28:19.134] [INFO] [HEATING] Heater ON: Current 58.2°F → adjusting +2.0°F (target: 65.0°F)
[2026-02-25 15:28:19.663] [INFO] [HEATING] Heater ON: Current 58.8°F → adjusting +2.0°F (target: 65.0°F)
[2026-02-25 15:28:20.175] [INFO] [HEATING] Heater ON: Current 59.0°F → adjusting +2.0°F (target: 65.0°F)
[2026-02-25 15:28:20.685] [INFO] [HEATING] Heater ON: Current 59.8°F → adjusting +2.0°F (target: 65.0°F)
[2026-02-25 15:28:21.197] [INFO] [HEATING] Heater ON: Current 58.4°F → adjusting +2.0°F (target: 65.0°F)
[2026-02-25 15:28:21.709] [INFO] [HEATING] Heater ON: Current 58.2°F → adjusting +2.0°F (target: 65.0°F)
[2026-02-25 15:28:22.222] [INFO] [HEATING] Heater ON: Current 57.6°F → adjusting +2.0°F (target: 65.0°F)
[2026-02-25 15:28:22.733] [INFO] [HEATING] Heater ON: Current 58.7°F → adjusting +2.0°F (target: 65.0°F)
[2026-02-25 15:28:23.245] [INFO] [HEATING] Heater ON: Current 58.7°F → adjusting +2.0°F (target: 65.0°F)
[2026-02-25 15:28:23.758] [INFO] [HEATING] Heater ON: Current 58.4°F → adjusting +2.0°F (target: 65.0°F)
[2026-02-25 15:28:24.135] [INFO] [APPLICATION] Simulation speed set to 1.1x
[2026-02-25 15:28:24.144] [INFO] [APPLICATION] Simulation speed set to 1.2x
[2026-02-25 15:28:24.150] [INFO] [APPLICATION] Simulation speed set to 1.3x
[2026-02-25 15:28:24.156] [INFO] [APPLICATION] Simulation speed set to 1.4x
[2026-02-25 15:28:24.163] [INFO] [APPLICATION] Simulation speed set to 1.5x
[2026-02-25 15:28:24.171] [INFO] [APPLICATION] Simulation speed set to 1.5x
[2026-02-25 15:28:24.179] [INFO] [APPLICATION] Simulation speed set to 1.7x
[2026-02-25 15:28:24.185] [INFO] [APPLICATION] Simulation speed set to 1.8x
[2026-02-25 15:28:24.195] [INFO] [APPLICATION] Simulation speed set to 1.9x
[2026-02-25 15:28:24.199] [INFO] [APPLICATION] Simulation speed set to 2.0x
[2026-02-25 15:28:24.213] [INFO] [APPLICATION] Simulation speed set to 2.1x
[2026-02-25 15:28:24.214] [INFO] [APPLICATION] Simulation speed set to 2.1x
[2026-02-25 15:28:24.221] [INFO] [APPLICATION] Simulation speed set to 2.3x
[2026-02-25 15:28:24.229] [INFO] [APPLICATION] Simulation speed set to 2.3x
[2026-02-25 15:28:24.234] [INFO] [APPLICATION] Simulation speed set to 2.4x
[2026-02-25 15:28:24.245] [INFO] [APPLICATION] Simulation speed set to 2.5x
[2026-02-25 15:28:24.249] [INFO] [APPLICATION] Simulation speed set to 2.6x
[2026-02-25 15:28:24.261] [INFO] [APPLICATION] Simulation speed set to 2.7x
[2026-02-25 15:28:24.263] [INFO] [APPLICATION] Simulation speed set to 2.8x
[2026-02-25 15:28:24.270] [INFO] [HEATING] Heater ON: Current 58.2°F → adjusting +2.0°F (target: 65.0°F)
[2026-02-25 15:28:24.280] [INFO] [APPLICATION] Simulation speed set to 3.0x
[2026-02-25 15:28:24.296] [INFO] [APPLICATION] Simulation speed set to 3.2x
[2026-02-25 15:28:24.347] [INFO] [APPLICATION] Simulation speed set to 3.7x
[2026-02-25 15:28:24.348] [INFO] [APPLICATION] Simulation speed set to 3.7x
[2026-02-25 15:28:24.360] [INFO] [APPLICATION] Simulation speed set to 3.8x
[2026-02-25 15:28:24.361] [INFO] [APPLICATION] Simulation speed set to 3.8x
[2026-02-25 15:28:24.368] [INFO] [APPLICATION] Simulation speed set to 3.8x
[2026-02-25 15:28:24.376] [INFO] [APPLICATION] Simulation speed set to 3.9x
[2026-02-25 15:28:24.412] [INFO] [APPLICATION] Simulation speed set to 3.9x
[2026-02-25 15:28:24.447] [INFO] [APPLICATION] Simulation speed set to 4.0x
[2026-02-25 15:28:24.463] [INFO] [HEATING] Heater ON: Current 58.9°F → adjusting +2.0°F (target: 65.0°F)
[2026-02-25 15:28:24.481] [INFO] [APPLICATION] Simulation speed set to 4.0x
[2026-02-25 15:28:24.524] [INFO] [APPLICATION] Simulation speed set to 4.0x
[2026-02-25 15:28:24.590] [INFO] [HEATING] Heater ON: Current 58.0°F → adjusting +2.0°F (target: 65.0°F)
[2026-02-25 15:28:24.717] [INFO] [HEATING] Heater ON: Current 58.5°F → adjusting +2.0°F (target: 65.0°F)
[2026-02-25 15:28:24.846] [INFO] [HEATING] Heater ON: Current 59.0°F → adjusting +2.0°F (target: 65.0°F)
[2026-02-25 15:28:24.974] [INFO] [HEATING] Heater ON: Current 57.5°F → adjusting +2.0°F (target: 65.0°F)
[2026-02-25 15:28:25.068] [INFO] [APPLICATION] Simulation speed set to 4.1x
[2026-02-25 15:28:25.078] [INFO] [APPLICATION] Simulation speed set to 4.2x
[2026-02-25 15:28:25.082] [INFO] [APPLICATION] Simulation speed set to 4.3x
[2026-02-25 15:28:25.095] [INFO] [APPLICATION] Simulation speed set to 4.4x
[2026-02-25 15:28:25.097] [INFO] [APPLICATION] Simulation speed set to 4.5x
[2026-02-25 15:28:25.101] [INFO] [HEATING] Heater ON: Current 57.3°F → adjusting +2.0°F (target: 65.0°F)
[2026-02-25 15:28:25.112] [INFO] [APPLICATION] Simulation speed set to 4.6x
[2026-02-25 15:28:25.128] [INFO] [APPLICATION] Simulation speed set to 4.7x
[2026-02-25 15:28:25.132] [INFO] [APPLICATION] Simulation speed set to 4.8x
[2026-02-25 15:28:25.146] [INFO] [APPLICATION] Simulation speed set to 4.9x
[2026-02-25 15:28:25.146] [INFO] [APPLICATION] Simulation speed set to 4.9x
[2026-02-25 15:28:25.161] [INFO] [APPLICATION] Simulation speed set to 5.0x
[2026-02-25 15:28:25.230] [INFO] [HEATING] Heater ON: Current 57.8°F → adjusting +2.0°F (target: 65.0°F)
[2026-02-25 15:28:25.342] [INFO] [HEATING] Heater ON: Current 57.4°F → adjusting +2.0°F (target: 65.0°F)
[2026-02-25 15:28:25.342] [INFO] [PLANT] Tomato [PLANT-1] grew from FLOWERING to FRUITING (health: 100.0%)
[2026-02-25 15:28:25.342] [INFO] [PLANT] Tomato [PLANT-2] grew from FLOWERING to FRUITING (health: 100.0%)
[2026-02-25 15:28:25.342] [INFO] [PLANT] Tomato [PLANT-3] grew from FLOWERING to FRUITING (health: 100.0%)
[2026-02-25 15:28:25.342] [INFO] [PLANT] Tomato [PLANT-4] grew from FLOWERING to FRUITING (health: 100.0%)
[2026-02-25 15:28:25.342] [INFO] [PLANT] Tomato [PLANT-5] grew from FLOWERING to FRUITING (health: 100.0%)
[2026-02-25 15:28:25.342] [INFO] [PLANT] Tomato [PLANT-6] grew from FLOWERING to FRUITING (health: 100.0%)
[2026-02-25 15:28:25.342] [INFO] [PLANT] Sunflower [PLANT-13] grew from FRUITING to MATURE (health: 100.0%)
[2026-02-25 15:28:25.342] [INFO] [PLANT] Sunflower [PLANT-14] grew from FRUITING to MATURE (health: 100.0%)
[2026-02-25 15:28:25.342] [INFO] [PLANT] Sunflower [PLANT-15] grew from FRUITING to MATURE (health: 100.0%)
[2026-02-25 15:28:25.342] [INFO] [PLANT] Sunflower [PLANT-16] grew from FRUITING to MATURE (health: 100.0%)
[2026-02-25 15:28:25.342] [INFO] [INSECT] Bee [INSECT-2] is pollinating Carrot at (13, 1)
[2026-02-25 15:28:25.342] [INFO] [INSECT] Bee [INSECT-3] is pollinating Rose at (5, 13)
[2026-02-25 15:28:25.342] [INFO] [INSECT] Bee [INSECT-8] is pollinating Carrot at (13, 1)
[2026-02-25 15:28:25.344] [INFO] [GARDEN] --- TICK 200 STATUS | Temp: 59.4°F | Light: 33 | Humidity: 69% | Plants: 37/37 alive | Insects: 5 (0 pests) ---
[2026-02-25 15:28:25.453] [INFO] [HEATING] Heater ON: Current 58.6°F → adjusting +2.0°F (target: 65.0°F)
[2026-02-25 15:28:25.561] [INFO] [HEATING] Heater ON: Current 58.0°F → adjusting +2.0°F (target: 65.0°F)
[2026-02-25 15:28:25.663] [INFO] [HEATING] Heater ON: Current 58.2°F → adjusting +2.0°F (target: 65.0°F)
[2026-02-25 15:28:25.774] [INFO] [HEATING] Heater ON: Current 58.6°F → adjusting +2.0°F (target: 65.0°F)
[2026-02-25 15:28:25.885] [INFO] [HEATING] Heater ON: Current 57.9°F → adjusting +2.0°F (target: 65.0°F)
[2026-02-25 15:28:25.997] [INFO] [HEATING] Heater ON: Current 57.8°F → adjusting +2.0°F (target: 65.0°F)
[2026-02-25 15:28:26.111] [INFO] [HEATING] Heater ON: Current 58.5°F → adjusting +2.0°F (target: 65.0°F)
[2026-02-25 15:28:26.221] [INFO] [HEATING] Heater ON: Current 58.2°F → adjusting +2.0°F (target: 65.0°F)
[2026-02-25 15:28:26.333] [INFO] [HEATING] Heater ON: Current 58.3°F → adjusting +2.0°F (target: 65.0°F)
[2026-02-25 15:28:26.446] [INFO] [HEATING] Heater ON: Current 57.9°F → adjusting +2.0°F (target: 65.0°F)
[2026-02-25 15:28:26.558] [INFO] [HEATING] Heater ON: Current 57.9°F → adjusting +2.0°F (target: 65.0°F)
[2026-02-25 15:28:26.669] [INFO] [HEATING] Heater ON: Current 58.8°F → adjusting +2.0°F (target: 65.0°F)
[2026-02-25 15:28:26.781] [INFO] [HEATING] Heater ON: Current 58.9°F → adjusting +2.0°F (target: 65.0°F)
[2026-02-25 15:28:26.894] [INFO] [HEATING] Heater ON: Current 58.4°F → adjusting +2.0°F (target: 65.0°F)
[2026-02-25 15:28:27.005] [INFO] [HEATING] Heater ON: Current 58.2°F → adjusting +2.0°F (target: 65.0°F)
[2026-02-25 15:28:27.118] [INFO] [HEATING] Heater ON: Current 59.2°F → adjusting +2.0°F (target: 65.0°F)
[2026-02-25 15:28:27.228] [INFO] [HEATING] Heater ON: Current 59.1°F → adjusting +2.0°F (target: 65.0°F)
[2026-02-25 15:28:27.342] [INFO] [HEATING] Heater ON: Current 59.2°F → adjusting +2.0°F (target: 65.0°F)
[2026-02-25 15:28:27.453] [INFO] [HEATING] Heater ON: Current 59.4°F → adjusting +2.0°F (target: 65.0°F)
[2026-02-25 15:28:27.566] [INFO] [HEATING] Heater ON: Current 59.9°F → adjusting +2.0°F (target: 65.0°F)
[2026-02-25 15:28:27.566] [INFO] [PLANT] Carrot [PLANT-17] grew from FLOWERING to FRUITING (health: 100.0%)
[2026-02-25 15:28:27.566] [INFO] [PLANT] Carrot [PLANT-19] grew from FLOWERING to FRUITING (health: 100.0%)
[2026-02-25 15:28:27.566] [INFO] [PLANT] Carrot [PLANT-21] grew from FLOWERING to FRUITING (health: 100.0%)
[2026-02-25 15:28:27.566] [INFO] [PLANT] Carrot [PLANT-23] grew from FLOWERING to FRUITING (health: 100.0%)
[2026-02-25 15:28:27.566] [INFO] [PLANT] Carrot [PLANT-25] grew from FLOWERING to FRUITING (health: 100.0%)
[2026-02-25 15:28:27.566] [INFO] [PLANT] Carrot [PLANT-27] grew from FLOWERING to FRUITING (health: 100.0%)
[2026-02-25 15:28:27.566] [INFO] [PLANT] Carrot [PLANT-29] grew from FLOWERING to FRUITING (health: 100.0%)
[2026-02-25 15:28:27.566] [INFO] [PLANT] Carrot [PLANT-31] grew from FLOWERING to FRUITING (health: 100.0%)
[2026-02-25 15:28:27.566] [INFO] [PLANT] Carrot [PLANT-33] grew from FLOWERING to FRUITING (health: 100.0%)
[2026-02-25 15:28:27.677] [INFO] [HEATING] Heater ON: Current 59.6°F → adjusting +2.0°F (target: 65.0°F)
[2026-02-25 15:28:27.783] [INFO] [HEATING] Heater ON: Current 59.6°F → adjusting +2.0°F (target: 65.0°F)
[2026-02-25 15:28:27.887] [INFO] [HEATING] Heater ON: Current 60.3°F → adjusting +2.0°F (target: 65.0°F)
[2026-02-25 15:28:27.998] [INFO] [HEATING] Heater ON: Current 60.8°F → adjusting +2.0°F (target: 65.0°F)
[2026-02-25 15:28:28.110] [INFO] [HEATING] Heater ON: Current 59.8°F → adjusting +2.0°F (target: 65.0°F)
[2026-02-25 15:28:28.222] [INFO] [HEATING] Heater ON: Current 59.5°F → adjusting +2.0°F (target: 65.0°F)
[2026-02-25 15:28:28.333] [INFO] [SENSOR] Light Sensor [SENSOR-13] returned to normal: 20.5 lux
[2026-02-25 15:28:28.333] [INFO] [SENSOR] Light Sensor [SENSOR-14] returned to normal: 20.7 lux
[2026-02-25 15:28:28.333] [INFO] [HEATING] Heater ON: Current 60.6°F → adjusting +2.0°F (target: 65.0°F)
[2026-02-25 15:28:28.445] [INFO] [HEATING] Heater ON: Current 60.8°F → adjusting +2.0°F (target: 65.0°F)
[2026-02-25 15:28:28.558] [INFO] [HEATING] Heater ON: Current 60.7°F → adjusting +2.0°F (target: 65.0°F)
[2026-02-25 15:28:28.679] [INFO] [HEATING] Heater ON: Current 60.5°F → adjusting +2.0°F (target: 65.0°F)
[2026-02-25 15:28:28.797] [INFO] [HEATING] Heater ON: Current 61.0°F → adjusting +2.0°F (target: 65.0°F)
[2026-02-25 15:28:28.909] [INFO] [HEATING] Heater ON: Current 61.1°F → adjusting +2.0°F (target: 65.0°F)
[2026-02-25 15:28:29.021] [INFO] [HEATING] Heater ON: Current 61.6°F → adjusting +2.0°F (target: 65.0°F)
[2026-02-25 15:28:29.133] [INFO] [HEATING] Heater ON: Current 61.1°F → adjusting +2.0°F (target: 65.0°F)
[2026-02-25 15:28:29.262] [INFO] [HEATING] Heater ON: Current 61.3°F → adjusting +2.0°F (target: 65.0°F)
[2026-02-25 15:28:29.374] [INFO] [HEATING] Heater ON: Current 62.3°F → adjusting +2.0°F (target: 65.0°F)
[2026-02-25 15:28:29.485] [INFO] [HEATING] Heater ON: Current 62.0°F → adjusting +2.0°F (target: 65.0°F)
[2026-02-25 15:28:29.597] [INFO] [HEATING] Heater ON: Current 62.7°F → adjusting +2.0°F (target: 65.0°F)
[2026-02-25 15:28:29.710] [INFO] [HEATING] Heater ON: Current 62.1°F → adjusting +2.0°F (target: 65.0°F)
[2026-02-25 15:28:29.822] [INFO] [HEATING] Heater ON: Current 62.8°F → adjusting +2.0°F (target: 65.0°F)
[2026-02-25 15:28:29.822] [INFO] [PLANT] Rose [PLANT-7] grew from FLOWERING to FRUITING (health: 100.0%)
[2026-02-25 15:28:29.822] [INFO] [PLANT] Rose [PLANT-8] grew from FLOWERING to FRUITING (health: 100.0%)
[2026-02-25 15:28:29.823] [INFO] [PLANT] Rose [PLANT-9] grew from FLOWERING to FRUITING (health: 100.0%)
[2026-02-25 15:28:29.823] [INFO] [PLANT] Rose [PLANT-10] grew from FLOWERING to FRUITING (health: 100.0%)
[2026-02-25 15:28:29.823] [INFO] [PLANT] Rose [PLANT-11] grew from FLOWERING to FRUITING (health: 100.0%)
[2026-02-25 15:28:29.823] [INFO] [PLANT] Rose [PLANT-12] grew from FLOWERING to FRUITING (health: 100.0%)
[2026-02-25 15:28:29.823] [INFO] [PLANT] Cactus [PLANT-35] grew from VEGETATIVE to FLOWERING (health: 100.0%)
[2026-02-25 15:28:29.823] [INFO] [PLANT] Cactus [PLANT-36] grew from VEGETATIVE to FLOWERING (health: 100.0%)
[2026-02-25 15:28:29.823] [INFO] [PLANT] Cactus [PLANT-37] grew from VEGETATIVE to FLOWERING (health: 100.0%)
[2026-02-25 15:28:29.823] [INFO] [INSECT] Aphid [INSECT-9] (PEST) appeared at (4, 5)
[2026-02-25 15:28:29.933] [INFO] [HEATING] Climate control OFF: 63.3°F is within target range
[2026-02-25 15:28:30.041] [INFO] [PLANT] Rose [PLANT-8] took 0.6 pest damage (resistance: 20%). Health: 99.4%
[2026-02-25 15:28:30.365] [INFO] [PEST_CONTROL] Activating TARGETED pest control! 1 pests detected.
[2026-02-25 15:28:30.365] [INFO] [INSECT] Aphid [INSECT-9] died. Reason: Targeted pest control
[2026-02-25 15:28:30.365] [INFO] [PEST_CONTROL] Targeted method: 1 pests eliminated. Beneficials safe.
[2026-02-25 15:28:30.925] [INFO] [LIGHTING] Grow lights OFF: Natural light 50 sufficient
[2026-02-25 15:28:30.925] [INFO] [PLANT] Tomato [PLANT-1] grew from FRUITING to MATURE (health: 100.0%)
[2026-02-25 15:28:30.926] [INFO] [PLANT] Tomato [PLANT-2] grew from FRUITING to MATURE (health: 100.0%)
[2026-02-25 15:28:30.926] [INFO] [PLANT] Tomato [PLANT-3] grew from FRUITING to MATURE (health: 100.0%)
[2026-02-25 15:28:30.926] [INFO] [PLANT] Tomato [PLANT-4] grew from FRUITING to MATURE (health: 100.0%)
[2026-02-25 15:28:30.926] [INFO] [PLANT] Tomato [PLANT-5] grew from FRUITING to MATURE (health: 100.0%)
[2026-02-25 15:28:30.926] [INFO] [PLANT] Tomato [PLANT-6] grew from FRUITING to MATURE (health: 100.0%)
[2026-02-25 15:28:30.926] [INFO] [GARDEN] --- TICK 250 STATUS | Temp: 66.1°F | Light: 50 | Humidity: 59% | Plants: 37/37 alive | Insects: 5 (0 pests) ---
[2026-02-25 15:28:31.919] [INFO] [HEATING] Cooler ON: Current 67.2°F → adjusting -2.0°F (target: 65.0°F)
[2026-02-25 15:28:32.051] [INFO] [HEATING] Cooler ON: Current 67.4°F → adjusting -2.0°F (target: 65.0°F)
[2026-02-25 15:28:32.161] [INFO] [HEATING] Cooler ON: Current 68.2°F → adjusting -2.0°F (target: 65.0°F)
[2026-02-25 15:28:32.272] [INFO] [HEATING] Cooler ON: Current 68.2°F → adjusting -2.0°F (target: 65.0°F)
[2026-02-25 15:28:32.381] [INFO] [HEATING] Cooler ON: Current 67.7°F → adjusting -2.0°F (target: 65.0°F)
[2026-02-25 15:28:32.495] [INFO] [HEATING] Cooler ON: Current 68.0°F → adjusting -2.0°F (target: 65.0°F)
[2026-02-25 15:28:32.601] [INFO] [HEATING] Cooler ON: Current 67.9°F → adjusting -2.0°F (target: 65.0°F)
[2026-02-25 15:28:32.727] [INFO] [HEATING] Cooler ON: Current 68.4°F → adjusting -2.0°F (target: 65.0°F)
[2026-02-25 15:28:32.833] [INFO] [HEATING] Cooler ON: Current 67.8°F → adjusting -2.0°F (target: 65.0°F)
[2026-02-25 15:28:32.942] [INFO] [HEATING] Cooler ON: Current 68.0°F → adjusting -2.0°F (target: 65.0°F)
[2026-02-25 15:28:33.053] [INFO] [HEATING] Cooler ON: Current 67.9°F → adjusting -2.0°F (target: 65.0°F)
[2026-02-25 15:28:33.166] [INFO] [HEATING] Cooler ON: Current 68.4°F → adjusting -2.0°F (target: 65.0°F)
[2026-02-25 15:28:33.278] [INFO] [HEATING] Cooler ON: Current 69.2°F → adjusting -2.0°F (target: 65.0°F)
[2026-02-25 15:28:33.391] [INFO] [HEATING] Cooler ON: Current 69.4°F → adjusting -2.0°F (target: 65.0°F)
[2026-02-25 15:28:33.501] [INFO] [HEATING] Cooler ON: Current 69.9°F → adjusting -2.0°F (target: 65.0°F)
[2026-02-25 15:28:33.614] [INFO] [HEATING] Cooler ON: Current 70.1°F → adjusting -2.0°F (target: 65.0°F)
[2026-02-25 15:28:33.726] [INFO] [HEATING] Cooler ON: Current 69.7°F → adjusting -2.0°F (target: 65.0°F)
[2026-02-25 15:28:33.727] [INFO] [PLANT] Carrot [PLANT-17] grew from FRUITING to MATURE (health: 100.0%)
[2026-02-25 15:28:33.727] [INFO] [PLANT] Carrot [PLANT-19] grew from FRUITING to MATURE (health: 100.0%)
[2026-02-25 15:28:33.727] [INFO] [PLANT] Carrot [PLANT-21] grew from FRUITING to MATURE (health: 100.0%)
[2026-02-25 15:28:33.727] [INFO] [PLANT] Carrot [PLANT-23] grew from FRUITING to MATURE (health: 100.0%)
[2026-02-25 15:28:33.727] [INFO] [PLANT] Carrot [PLANT-25] grew from FRUITING to MATURE (health: 100.0%)
[2026-02-25 15:28:33.727] [INFO] [PLANT] Carrot [PLANT-27] grew from FRUITING to MATURE (health: 100.0%)
[2026-02-25 15:28:33.727] [INFO] [PLANT] Carrot [PLANT-29] grew from FRUITING to MATURE (health: 100.0%)
[2026-02-25 15:28:33.727] [INFO] [PLANT] Carrot [PLANT-31] grew from FRUITING to MATURE (health: 100.0%)
[2026-02-25 15:28:33.727] [INFO] [PLANT] Carrot [PLANT-33] grew from FRUITING to MATURE (health: 100.0%)
[2026-02-25 15:28:33.837] [INFO] [HEATING] Cooler ON: Current 70.1°F → adjusting -2.0°F (target: 65.0°F)
[2026-02-25 15:28:33.949] [INFO] [HEATING] Cooler ON: Current 71.1°F → adjusting -2.0°F (target: 65.0°F)
[2026-02-25 15:28:34.078] [INFO] [HEATING] Cooler ON: Current 70.2°F → adjusting -2.0°F (target: 65.0°F)
[2026-02-25 15:28:34.189] [INFO] [HEATING] Cooler ON: Current 69.9°F → adjusting -2.0°F (target: 65.0°F)
[2026-02-25 15:28:34.303] [INFO] [HEATING] Cooler ON: Current 70.3°F → adjusting -2.0°F (target: 65.0°F)
[2026-02-25 15:28:34.413] [INFO] [HEATING] Cooler ON: Current 70.4°F → adjusting -2.0°F (target: 65.0°F)
[2026-02-25 15:28:34.525] [INFO] [HEATING] Cooler ON: Current 71.0°F → adjusting -2.0°F (target: 65.0°F)
[2026-02-25 15:28:34.637] [INFO] [HEATING] Cooler ON: Current 71.4°F → adjusting -2.0°F (target: 65.0°F)
[2026-02-25 15:28:34.749] [INFO] [HEATING] Cooler ON: Current 72.2°F → adjusting -2.0°F (target: 65.0°F)
[2026-02-25 15:28:34.878] [WARN] [SENSOR] ALERT: Light Sensor [SENSOR-13] at (0, 10) reading 91.0 lux (threshold: 20.0-90.0)
[2026-02-25 15:28:34.878] [WARN] [SENSOR] ALERT: Light Sensor [SENSOR-14] at (19, 0) reading 91.4 lux (threshold: 20.0-90.0)
[2026-02-25 15:28:34.878] [INFO] [HEATING] Cooler ON: Current 71.2°F → adjusting -2.0°F (target: 65.0°F)
[2026-02-25 15:28:34.990] [INFO] [SENSOR] Light Sensor [SENSOR-13] returned to normal: 89.3 lux
[2026-02-25 15:28:34.990] [INFO] [HEATING] Cooler ON: Current 70.7°F → adjusting -2.0°F (target: 65.0°F)
[2026-02-25 15:28:35.101] [WARN] [SENSOR] ALERT: Light Sensor [SENSOR-13] at (0, 10) reading 92.1 lux (threshold: 20.0-90.0)
[2026-02-25 15:28:35.102] [INFO] [HEATING] Cooler ON: Current 71.6°F → adjusting -2.0°F (target: 65.0°F)
[2026-02-25 15:28:35.214] [INFO] [HEATING] Cooler ON: Current 72.2°F → adjusting -2.0°F (target: 65.0°F)
[2026-02-25 15:28:35.325] [INFO] [HEATING] Cooler ON: Current 71.6°F → adjusting -2.0°F (target: 65.0°F)
[2026-02-25 15:28:35.437] [INFO] [HEATING] Cooler ON: Current 71.4°F → adjusting -2.0°F (target: 65.0°F)
[2026-02-25 15:28:35.551] [INFO] [HEATING] Cooler ON: Current 71.8°F → adjusting -2.0°F (target: 65.0°F)
[2026-02-25 15:28:35.662] [INFO] [HEATING] Cooler ON: Current 71.2°F → adjusting -2.0°F (target: 65.0°F)
[2026-02-25 15:28:35.773] [INFO] [HEATING] Cooler ON: Current 71.0°F → adjusting -2.0°F (target: 65.0°F)
[2026-02-25 15:28:35.885] [INFO] [HEATING] Cooler ON: Current 71.8°F → adjusting -2.0°F (target: 65.0°F)
[2026-02-25 15:28:35.999] [INFO] [HEATING] Cooler ON: Current 71.7°F → adjusting -2.0°F (target: 65.0°F)
[2026-02-25 15:28:36.110] [INFO] [HEATING] Cooler ON: Current 71.6°F → adjusting -2.0°F (target: 65.0°F)
[2026-02-25 15:28:36.222] [INFO] [HEATING] Cooler ON: Current 71.2°F → adjusting -2.0°F (target: 65.0°F)
[2026-02-25 15:28:36.333] [INFO] [HEATING] Cooler ON: Current 71.8°F → adjusting -2.0°F (target: 65.0°F)
[2026-02-25 15:28:36.446] [INFO] [HEATING] Cooler ON: Current 72.8°F → adjusting -2.0°F (target: 65.0°F)
[2026-02-25 15:28:36.557] [INFO] [HEATING] Cooler ON: Current 72.4°F → adjusting -2.0°F (target: 65.0°F)
[2026-02-25 15:28:36.558] [INFO] [PLANT] Rose [PLANT-7] grew from FRUITING to MATURE (health: 100.0%)
[2026-02-25 15:28:36.558] [INFO] [PLANT] Rose [PLANT-8] grew from FRUITING to MATURE (health: 100.0%)
[2026-02-25 15:28:36.558] [INFO] [PLANT] Rose [PLANT-9] grew from FRUITING to MATURE (health: 100.0%)
[2026-02-25 15:28:36.558] [INFO] [PLANT] Rose [PLANT-10] grew from FRUITING to MATURE (health: 100.0%)
[2026-02-25 15:28:36.558] [INFO] [PLANT] Rose [PLANT-11] grew from FRUITING to MATURE (health: 100.0%)
[2026-02-25 15:28:36.558] [INFO] [PLANT] Rose [PLANT-12] grew from FRUITING to MATURE (health: 100.0%)
[2026-02-25 15:28:36.558] [INFO] [INSECT] Bee [INSECT-1] died. Reason: Reached end of lifespan
[2026-02-25 15:28:36.558] [INFO] [INSECT] Bee [INSECT-2] died. Reason: Reached end of lifespan
[2026-02-25 15:28:36.558] [INFO] [INSECT] Bee [INSECT-3] died. Reason: Reached end of lifespan
[2026-02-25 15:28:36.559] [INFO] [GARDEN] --- TICK 300 STATUS | Temp: 70.4°F | Light: 95 | Humidity: 51% | Plants: 37/37 alive | Insects: 2 (0 pests) ---
[2026-02-25 15:28:36.670] [INFO] [HEATING] Cooler ON: Current 73.1°F → adjusting -2.0°F (target: 65.0°F)
[2026-02-25 15:28:36.777] [INFO] [HEATING] Cooler ON: Current 71.1°F → adjusting -2.0°F (target: 65.0°F)
[2026-02-25 15:28:36.894] [INFO] [HEATING] Cooler ON: Current 72.0°F → adjusting -2.0°F (target: 65.0°F)
[2026-02-25 15:28:37.005] [INFO] [HEATING] Cooler ON: Current 71.1°F → adjusting -2.0°F (target: 65.0°F)
[2026-02-25 15:28:37.117] [INFO] [HEATING] Cooler ON: Current 71.9°F → adjusting -2.0°F (target: 65.0°F)
[2026-02-25 15:28:37.229] [INFO] [HEATING] Cooler ON: Current 71.7°F → adjusting -2.0°F (target: 65.0°F)
[2026-02-25 15:28:37.333] [INFO] [HEATING] Cooler ON: Current 71.8°F → adjusting -2.0°F (target: 65.0°F)
[2026-02-25 15:28:37.437] [INFO] [HEATING] Cooler ON: Current 71.5°F → adjusting -2.0°F (target: 65.0°F)
[2026-02-25 15:28:37.549] [INFO] [HEATING] Cooler ON: Current 71.3°F → adjusting -2.0°F (target: 65.0°F)
[2026-02-25 15:28:37.678] [INFO] [HEATING] Cooler ON: Current 71.9°F → adjusting -2.0°F (target: 65.0°F)
[2026-02-25 15:28:37.790] [INFO] [HEATING] Cooler ON: Current 70.9°F → adjusting -2.0°F (target: 65.0°F)
[2026-02-25 15:28:37.901] [INFO] [HEATING] Cooler ON: Current 72.1°F → adjusting -2.0°F (target: 65.0°F)
[2026-02-25 15:28:38.013] [INFO] [HEATING] Cooler ON: Current 71.8°F → adjusting -2.0°F (target: 65.0°F)
[2026-02-25 15:28:38.126] [INFO] [HEATING] Cooler ON: Current 70.8°F → adjusting -2.0°F (target: 65.0°F)
[2026-02-25 15:28:38.238] [INFO] [SENSOR] Light Sensor [SENSOR-13] returned to normal: 89.7 lux
[2026-02-25 15:28:38.239] [INFO] [HEATING] Cooler ON: Current 71.4°F → adjusting -2.0°F (target: 65.0°F)
[2026-02-25 15:28:38.349] [INFO] [SENSOR] Light Sensor [SENSOR-14] returned to normal: 89.7 lux
[2026-02-25 15:28:38.349] [INFO] [HEATING] Cooler ON: Current 71.5°F → adjusting -2.0°F (target: 65.0°F)
[2026-02-25 15:28:38.452] [INFO] [HEATING] Cooler ON: Current 71.6°F → adjusting -2.0°F (target: 65.0°F)
[2026-02-25 15:28:38.557] [INFO] [HEATING] Cooler ON: Current 71.1°F → adjusting -2.0°F (target: 65.0°F)
[2026-02-25 15:28:38.670] [INFO] [HEATING] Cooler ON: Current 71.0°F → adjusting -2.0°F (target: 65.0°F)
[2026-02-25 15:28:38.783] [INFO] [HEATING] Cooler ON: Current 71.1°F → adjusting -2.0°F (target: 65.0°F)
[2026-02-25 15:28:38.783] [INFO] [PLANT] Cactus [PLANT-35] grew from FLOWERING to FRUITING (health: 100.0%)
[2026-02-25 15:28:38.783] [INFO] [PLANT] Cactus [PLANT-36] grew from FLOWERING to FRUITING (health: 100.0%)
[2026-02-25 15:28:38.783] [INFO] [PLANT] Cactus [PLANT-37] grew from FLOWERING to FRUITING (health: 100.0%)
[2026-02-25 15:28:38.893] [INFO] [HEATING] Cooler ON: Current 70.1°F → adjusting -2.0°F (target: 65.0°F)
[2026-02-25 15:28:39.005] [INFO] [HEATING] Cooler ON: Current 69.8°F → adjusting -2.0°F (target: 65.0°F)
[2026-02-25 15:28:39.117] [INFO] [HEATING] Cooler ON: Current 71.0°F → adjusting -2.0°F (target: 65.0°F)
[2026-02-25 15:28:39.229] [INFO] [HEATING] Cooler ON: Current 70.0°F → adjusting -2.0°F (target: 65.0°F)
[2026-02-25 15:28:39.341] [INFO] [HEATING] Cooler ON: Current 70.0°F → adjusting -2.0°F (target: 65.0°F)
[2026-02-25 15:28:39.454] [INFO] [HEATING] Cooler ON: Current 68.9°F → adjusting -2.0°F (target: 65.0°F)
[2026-02-25 15:28:39.567] [INFO] [HEATING] Cooler ON: Current 69.2°F → adjusting -2.0°F (target: 65.0°F)
[2026-02-25 15:28:39.678] [INFO] [HEATING] Cooler ON: Current 69.8°F → adjusting -2.0°F (target: 65.0°F)
[2026-02-25 15:28:39.791] [INFO] [HEATING] Cooler ON: Current 69.5°F → adjusting -2.0°F (target: 65.0°F)
[2026-02-25 15:28:39.901] [INFO] [HEATING] Cooler ON: Current 68.4°F → adjusting -2.0°F (target: 65.0°F)
[2026-02-25 15:28:40.013] [INFO] [HEATING] Cooler ON: Current 69.8°F → adjusting -2.0°F (target: 65.0°F)
[2026-02-25 15:28:40.126] [INFO] [HEATING] Cooler ON: Current 68.1°F → adjusting -2.0°F (target: 65.0°F)
[2026-02-25 15:28:40.237] [INFO] [HEATING] Cooler ON: Current 67.9°F → adjusting -2.0°F (target: 65.0°F)
[2026-02-25 15:28:40.350] [INFO] [HEATING] Cooler ON: Current 68.4°F → adjusting -2.0°F (target: 65.0°F)
[2026-02-25 15:28:40.479] [INFO] [HEATING] Cooler ON: Current 67.8°F → adjusting -2.0°F (target: 65.0°F)
[2026-02-25 15:28:40.590] [INFO] [HEATING] Cooler ON: Current 68.1°F → adjusting -2.0°F (target: 65.0°F)
[2026-02-25 15:28:40.701] [INFO] [HEATING] Cooler ON: Current 68.4°F → adjusting -2.0°F (target: 65.0°F)
[2026-02-25 15:28:40.813] [INFO] [HEATING] Cooler ON: Current 67.1°F → adjusting -2.0°F (target: 65.0°F)
[2026-02-25 15:28:40.925] [INFO] [HEATING] Cooler ON: Current 67.8°F → adjusting -2.0°F (target: 65.0°F)
[2026-02-25 15:28:41.037] [INFO] [HEATING] Climate control OFF: 66.9°F is within target range
[2026-02-25 15:28:41.149] [INFO] [HEATING] Cooler ON: Current 67.0°F → adjusting -2.0°F (target: 65.0°F)
[2026-02-25 15:28:41.260] [INFO] [HEATING] Cooler ON: Current 67.3°F → adjusting -2.0°F (target: 65.0°F)
[2026-02-25 15:28:41.374] [INFO] [HEATING] Climate control OFF: 66.4°F is within target range
[2026-02-25 15:28:42.175] [INFO] [GARDEN] --- TICK 350 STATUS | Temp: 64.4°F | Light: 50 | Humidity: 57% | Plants: 37/37 alive | Insects: 2 (0 pests) ---
[2026-02-25 15:28:42.284] [INFO] [LIGHTING] Grow lights ON: Natural light 49 below target 60
[2026-02-25 15:28:42.920] [INFO] [HEATING] Heater ON: Current 62.9°F → adjusting +2.0°F (target: 65.0°F)
[2026-02-25 15:28:43.031] [INFO] [HEATING] Climate control OFF: 63.7°F is within target range
[2026-02-25 15:28:43.140] [INFO] [HEATING] Heater ON: Current 62.2°F → adjusting +2.0°F (target: 65.0°F)
[2026-02-25 15:28:43.249] [INFO] [HEATING] Climate control OFF: 63.8°F is within target range
[2026-02-25 15:28:43.361] [INFO] [HEATING] Heater ON: Current 62.6°F → adjusting +2.0°F (target: 65.0°F)
[2026-02-25 15:28:43.557] [INFO] [HEATING] Climate control OFF: 63.0°F is within target range
[2026-02-25 15:28:43.668] [INFO] [HEATING] Heater ON: Current 62.6°F → adjusting +2.0°F (target: 65.0°F)
[2026-02-25 15:28:43.775] [INFO] [HEATING] Heater ON: Current 62.4°F → adjusting +2.0°F (target: 65.0°F)
[2026-02-25 15:28:43.884] [INFO] [HEATING] Heater ON: Current 61.9°F → adjusting +2.0°F (target: 65.0°F)
[2026-02-25 15:28:43.995] [INFO] [HEATING] Heater ON: Current 61.9°F → adjusting +2.0°F (target: 65.0°F)
[2026-02-25 15:28:44.095] [INFO] [HEATING] Heater ON: Current 62.0°F → adjusting +2.0°F (target: 65.0°F)
[2026-02-25 15:28:44.198] [INFO] [HEATING] Heater ON: Current 61.6°F → adjusting +2.0°F (target: 65.0°F)
