=== GARDEN SIMULATION LOG ===
Started: 2026-02-25 20:18:20.645
============================================================

[2026-02-25 20:18:20.648] [INFO] [APPLICATION] Garden Simulation starting up...
[2026-02-25 20:18:20.656] [INFO] [GARDEN] Garden 'My Automated Garden' created: 20x20 grid
[2026-02-25 20:18:20.657] [INFO] [GARDEN] === Initializing Professional Garden Layout ===
[2026-02-25 20:18:20.660] [INFO] [WATERING] Watering System initialized.
[2026-02-25 20:18:20.669] [INFO] [WATERING] Sprinkler SPR-1 added at (3, 4) (radius: 7.5, flow: 8.0)
[2026-02-25 20:18:20.670] [INFO] [SENSOR] Moisture Sensor [SENSOR-1] installed at (4, 4) (range: 20.0-80.0 %)
[2026-02-25 20:18:20.681] [INFO] [WATERING] Sprinkler SPR-2 added at (9, 4) (radius: 7.5, flow: 8.0)
[2026-02-25 20:18:20.681] [INFO] [SENSOR] Moisture Sensor [SENSOR-2] installed at (10, 4) (range: 20.0-80.0 %)
[2026-02-25 20:18:20.682] [INFO] [WATERING] Sprinkler SPR-3 added at (15, 4) (radius: 7.5, flow: 8.0)
[2026-02-25 20:18:20.682] [INFO] [SENSOR] Moisture Sensor [SENSOR-3] installed at (16, 4) (range: 20.0-80.0 %)
[2026-02-25 20:18:20.682] [INFO] [WATERING] Sprinkler SPR-4 added at (3, 10) (radius: 7.5, flow: 8.0)
[2026-02-25 20:18:20.684] [INFO] [SENSOR] Moisture Sensor [SENSOR-4] installed at (4, 10) (range: 20.0-80.0 %)
[2026-02-25 20:18:20.685] [INFO] [WATERING] Sprinkler SPR-5 added at (9, 10) (radius: 7.5, flow: 8.0)
[2026-02-25 20:18:20.685] [INFO] [SENSOR] Moisture Sensor [SENSOR-5] installed at (10, 10) (range: 20.0-80.0 %)
[2026-02-25 20:18:20.686] [INFO] [WATERING] Sprinkler SPR-6 added at (15, 10) (radius: 7.5, flow: 8.0)
[2026-02-25 20:18:20.686] [INFO] [SENSOR] Moisture Sensor [SENSOR-6] installed at (16, 10) (range: 20.0-80.0 %)
[2026-02-25 20:18:20.686] [INFO] [WATERING] Sprinkler SPR-7 added at (3, 16) (radius: 7.5, flow: 8.0)
[2026-02-25 20:18:20.686] [INFO] [SENSOR] Moisture Sensor [SENSOR-7] installed at (4, 16) (range: 20.0-80.0 %)
[2026-02-25 20:18:20.687] [INFO] [WATERING] Sprinkler SPR-8 added at (9, 16) (radius: 7.5, flow: 8.0)
[2026-02-25 20:18:20.687] [INFO] [SENSOR] Moisture Sensor [SENSOR-8] installed at (10, 16) (range: 20.0-80.0 %)
[2026-02-25 20:18:20.689] [INFO] [WATERING] Sprinkler SPR-9 added at (15, 16) (radius: 7.5, flow: 8.0)
[2026-02-25 20:18:20.689] [INFO] [SENSOR] Moisture Sensor [SENSOR-9] installed at (16, 16) (range: 20.0-80.0 %)
[2026-02-25 20:18:20.690] [INFO] [SENSOR] Temperature Sensor [SENSOR-10] installed at (0, 0) (range: 40.0-95.0 °F)
[2026-02-25 20:18:20.690] [INFO] [SENSOR] Temperature Sensor [SENSOR-11] installed at (19, 19) (range: 40.0-95.0 °F)
[2026-02-25 20:18:20.692] [INFO] [SENSOR] Temperature Sensor [SENSOR-12] installed at (10, 10) (range: 40.0-95.0 °F)
[2026-02-25 20:18:20.693] [INFO] [SENSOR] Light Sensor [SENSOR-13] installed at (0, 10) (range: 20.0-90.0 lux)
[2026-02-25 20:18:20.693] [INFO] [SENSOR] Light Sensor [SENSOR-14] installed at (19, 0) (range: 20.0-90.0 lux)
[2026-02-25 20:18:20.694] [INFO] [PLANT] Tomato [PLANT-1] (Solanum lycopersicum) planted at (1, 1)
[2026-02-25 20:18:20.695] [INFO] [PLANT] Tomato [PLANT-2] (Solanum lycopersicum) planted at (2, 1)
[2026-02-25 20:18:20.695] [INFO] [PLANT] Tomato [PLANT-3] (Solanum lycopersicum) planted at (1, 7)
[2026-02-25 20:18:20.695] [INFO] [PLANT] Tomato [PLANT-4] (Solanum lycopersicum) planted at (2, 7)
[2026-02-25 20:18:20.695] [INFO] [PLANT] Tomato [PLANT-5] (Solanum lycopersicum) planted at (1, 13)
[2026-02-25 20:18:20.696] [INFO] [PLANT] Tomato [PLANT-6] (Solanum lycopersicum) planted at (2, 13)
[2026-02-25 20:18:20.696] [INFO] [PLANT] Rose [PLANT-7] (Rosa) planted at (5, 1)
[2026-02-25 20:18:20.696] [INFO] [PLANT] Rose [PLANT-8] (Rosa) planted at (6, 1)
[2026-02-25 20:18:20.697] [INFO] [PLANT] Rose [PLANT-9] (Rosa) planted at (5, 7)
[2026-02-25 20:18:20.697] [INFO] [PLANT] Rose [PLANT-10] (Rosa) planted at (6, 7)
[2026-02-25 20:18:20.697] [INFO] [PLANT] Rose [PLANT-11] (Rosa) planted at (5, 13)
[2026-02-25 20:18:20.697] [INFO] [PLANT] Rose [PLANT-12] (Rosa) planted at (6, 13)
[2026-02-25 20:18:20.698] [INFO] [PLANT] Sunflower [PLANT-13] (Helianthus annuus) planted at (9, 2)
[2026-02-25 20:18:20.698] [INFO] [PLANT] Sunflower [PLANT-14] (Helianthus annuus) planted at (9, 6)
[2026-02-25 20:18:20.698] [INFO] [PLANT] Sunflower [PLANT-15] (Helianthus annuus) planted at (9, 14)
[2026-02-25 20:18:20.698] [INFO] [PLANT] Sunflower [PLANT-16] (Helianthus annuus) planted at (9, 18)
[2026-02-25 20:18:20.698] [INFO] [PLANT] Carrot [PLANT-17] (Daucus carota) planted at (13, 1)
[2026-02-25 20:18:20.699] [INFO] [PLANT] Lettuce [PLANT-18] (Lactuca sativa) planted at (14, 1)
[2026-02-25 20:18:20.699] [INFO] [PLANT] Carrot [PLANT-19] (Daucus carota) planted at (13, 3)
[2026-02-25 20:18:20.699] [INFO] [PLANT] Lettuce [PLANT-20] (Lactuca sativa) planted at (14, 3)
[2026-02-25 20:18:20.700] [INFO] [PLANT] Carrot [PLANT-21] (Daucus carota) planted at (13, 5)
[2026-02-25 20:18:20.700] [INFO] [PLANT] Lettuce [PLANT-22] (Lactuca sativa) planted at (14, 5)
[2026-02-25 20:18:20.700] [INFO] [PLANT] Carrot [PLANT-23] (Daucus carota) planted at (13, 7)
[2026-02-25 20:18:20.700] [INFO] [PLANT] Lettuce [PLANT-24] (Lactuca sativa) planted at (14, 7)
[2026-02-25 20:18:20.700] [INFO] [PLANT] Carrot [PLANT-25] (Daucus carota) planted at (13, 9)
[2026-02-25 20:18:20.700] [INFO] [PLANT] Lettuce [PLANT-26] (Lactuca sativa) planted at (14, 9)
[2026-02-25 20:18:20.700] [INFO] [PLANT] Carrot [PLANT-27] (Daucus carota) planted at (13, 11)
[2026-02-25 20:18:20.700] [INFO] [PLANT] Lettuce [PLANT-28] (Lactuca sativa) planted at (14, 11)
[2026-02-25 20:18:20.700] [INFO] [PLANT] Carrot [PLANT-29] (Daucus carota) planted at (13, 13)
[2026-02-25 20:18:20.700] [INFO] [PLANT] Lettuce [PLANT-30] (Lactuca sativa) planted at (14, 13)
[2026-02-25 20:18:20.700] [INFO] [PLANT] Carrot [PLANT-31] (Daucus carota) planted at (13, 15)
[2026-02-25 20:18:20.700] [INFO] [PLANT] Lettuce [PLANT-32] (Lactuca sativa) planted at (14, 15)
[2026-02-25 20:18:20.702] [INFO] [PLANT] Carrot [PLANT-33] (Daucus carota) planted at (13, 17)
[2026-02-25 20:18:20.702] [INFO] [PLANT] Lettuce [PLANT-34] (Lactuca sativa) planted at (14, 17)
[2026-02-25 20:18:20.702] [INFO] [PLANT] Cactus [PLANT-35] (Cactaceae) planted at (18, 1)
[2026-02-25 20:18:20.702] [INFO] [PLANT] Cactus [PLANT-36] (Cactaceae) planted at (18, 6)
[2026-02-25 20:18:20.702] [INFO] [PLANT] Cactus [PLANT-37] (Cactaceae) planted at (18, 11)
[2026-02-25 20:18:20.705] [INFO] [INSECT] Bee [INSECT-1] (POLLINATOR) appeared at (4, 4)
[2026-02-25 20:18:20.705] [INFO] [INSECT] Bee [INSECT-2] (POLLINATOR) appeared at (8, 8)
[2026-02-25 20:18:20.705] [INFO] [INSECT] Bee [INSECT-3] (POLLINATOR) appeared at (6, 16)
[2026-02-25 20:18:20.705] [INFO] [INSECT] Ladybug [INSECT-4] (BENEFICIAL) appeared at (6, 6)
[2026-02-25 20:18:20.706] [INFO] [INSECT] Aphid [INSECT-5] (PEST) appeared at (3, 5)
[2026-02-25 20:18:20.706] [INFO] [INSECT] Caterpillar [INSECT-6] (PEST) appeared at (11, 3)
[2026-02-25 20:18:20.709] [INFO] [HEATING] Heating System initialized. Target: 65.0°F, Mode: AUTO
[2026-02-25 20:18:20.709] [INFO] [HEATING] Target temperature set to 65.0°F
[2026-02-25 20:18:20.709] [INFO] [HEATING] Temperature adjust rate set to 2.0°F/tick
[2026-02-25 20:18:20.711] [INFO] [PEST_CONTROL] Pest Control initialized. Method: TARGETED, Threshold: 1 pests
[2026-02-25 20:18:20.712] [INFO] [LIGHTING] Lighting System initialized. Target light level: 60
[2026-02-25 20:18:20.712] [INFO] [GARDEN] Garden initialized: 37 plants, 6 insects, 14 sensors, 4 modules
[2026-02-25 20:18:20.712] [INFO] [GARDEN] === Garden Ready ===
[2026-02-25 20:18:20.717] [INFO] [APPLICATION] Simulation Engine initialized.
[2026-02-25 20:18:24.161] [INFO] [APPLICATION] Simulation STARTED.
[2026-02-25 20:18:24.163] [INFO] [APPLICATION] Garden Simulation started successfully.
[2026-02-25 20:18:25.712] [WARN] [SENSOR] ALERT: Light Sensor [SENSOR-13] at (0, 10) reading 4.3 lux (threshold: 20.0-90.0)
[2026-02-25 20:18:25.712] [WARN] [SENSOR] ALERT: Light Sensor [SENSOR-14] at (19, 0) reading 4.4 lux (threshold: 20.0-90.0)
[2026-02-25 20:18:25.714] [INFO] [HEATING] Heater ON: Current 58.1°F ? adjusting +2.0°F (target: 65.0°F)
[2026-02-25 20:18:25.716] [INFO] [LIGHTING] Grow lights ON: Natural light 5 below target 60
[2026-02-25 20:18:25.717] [INFO] [PLANT] Tomato [PLANT-4] took 0.6 pest damage (resistance: 30%). Health: 99.4%
[2026-02-25 20:18:25.718] [INFO] [PLANT] Sunflower [PLANT-13] took 0.8 pest damage (resistance: 50%). Health: 99.3%
[2026-02-25 20:18:27.929] [INFO] [HEATING] Heater ON: Current 58.3°F ? adjusting +2.0°F (target: 65.0°F)
[2026-02-25 20:18:27.930] [INFO] [PLANT] Tomato [PLANT-4] took 0.6 pest damage (resistance: 30%). Health: 99.4%
[2026-02-25 20:18:27.931] [INFO] [PLANT] Sunflower [PLANT-13] took 0.8 pest damage (resistance: 50%). Health: 99.3%
[2026-02-25 20:18:28.431] [INFO] [HEATING] Heater ON: Current 58.1°F ? adjusting +2.0°F (target: 65.0°F)
[2026-02-25 20:18:28.432] [INFO] [PLANT] Tomato [PLANT-3] took 0.6 pest damage (resistance: 30%). Health: 99.4%
[2026-02-25 20:18:28.433] [INFO] [PLANT] Tomato [PLANT-4] took 0.6 pest damage (resistance: 30%). Health: 99.4%
[2026-02-25 20:18:28.433] [INFO] [PLANT] Sunflower [PLANT-13] took 0.8 pest damage (resistance: 50%). Health: 99.3%
[2026-02-25 20:18:28.960] [INFO] [HEATING] Heater ON: Current 58.2°F ? adjusting +2.0°F (target: 65.0°F)
[2026-02-25 20:18:28.961] [INFO] [PLANT] Tomato [PLANT-3] took 0.6 pest damage (resistance: 30%). Health: 99.4%
[2026-02-25 20:18:28.962] [INFO] [PLANT] Tomato [PLANT-4] took 0.6 pest damage (resistance: 30%). Health: 99.4%
[2026-02-25 20:18:28.962] [INFO] [PLANT] Carrot [PLANT-19] took 0.9 pest damage (resistance: 40%). Health: 99.1%
[2026-02-25 20:18:28.962] [INFO] [PLANT] Lettuce [PLANT-20] took 1.3 pest damage (resistance: 15%). Health: 98.7%
[2026-02-25 20:18:29.473] [INFO] [HEATING] Heater ON: Current 57.5°F ? adjusting +2.0°F (target: 65.0°F)
[2026-02-25 20:18:29.477] [INFO] [PEST_CONTROL] Activating TARGETED pest control! 2 pests detected.
[2026-02-25 20:18:29.480] [INFO] [INSECT] Aphid [INSECT-5] died. Reason: Targeted pest control
[2026-02-25 20:18:29.480] [INFO] [INSECT] Caterpillar [INSECT-6] died. Reason: Targeted pest control
[2026-02-25 20:18:29.480] [INFO] [PEST_CONTROL] Targeted method: 2 pests eliminated. Beneficials safe.
[2026-02-25 20:18:29.983] [INFO] [HEATING] Heater ON: Current 58.7°F ? adjusting +2.0°F (target: 65.0°F)
[2026-02-25 20:18:30.494] [INFO] [HEATING] Heater ON: Current 57.4°F ? adjusting +2.0°F (target: 65.0°F)
[2026-02-25 20:18:31.005] [INFO] [HEATING] Heater ON: Current 58.1°F ? adjusting +2.0°F (target: 65.0°F)
[2026-02-25 20:18:31.517] [INFO] [HEATING] Heater ON: Current 57.8°F ? adjusting +2.0°F (target: 65.0°F)
[2026-02-25 20:18:32.030] [INFO] [HEATING] Heater ON: Current 57.6°F ? adjusting +2.0°F (target: 65.0°F)
[2026-02-25 20:18:32.542] [INFO] [HEATING] Heater ON: Current 58.2°F ? adjusting +2.0°F (target: 65.0°F)
[2026-02-25 20:18:33.054] [INFO] [HEATING] Heater ON: Current 59.4°F ? adjusting +2.0°F (target: 65.0°F)
[2026-02-25 20:18:33.565] [INFO] [HEATING] Heater ON: Current 59.1°F ? adjusting +2.0°F (target: 65.0°F)
[2026-02-25 20:18:34.078] [INFO] [HEATING] Heater ON: Current 58.6°F ? adjusting +2.0°F (target: 65.0°F)
[2026-02-25 20:18:34.590] [INFO] [HEATING] Heater ON: Current 58.3°F ? adjusting +2.0°F (target: 65.0°F)
[2026-02-25 20:18:35.101] [INFO] [HEATING] Heater ON: Current 58.5°F ? adjusting +2.0°F (target: 65.0°F)
[2026-02-25 20:18:35.613] [INFO] [WATERING] Zone SPR-1 activated at (3, 4)
[2026-02-25 20:18:35.614] [INFO] [WATERING] Zone SPR-2 activated at (9, 4)
[2026-02-25 20:18:35.614] [INFO] [WATERING] Zone SPR-3 activated at (15, 4)
[2026-02-25 20:18:35.614] [INFO] [WATERING] Zone SPR-4 activated at (3, 10)
[2026-02-25 20:18:35.614] [INFO] [WATERING] Zone SPR-5 activated at (9, 10)
[2026-02-25 20:18:35.614] [INFO] [WATERING] Zone SPR-6 activated at (15, 10)
[2026-02-25 20:18:35.614] [INFO] [HEATING] Heater ON: Current 58.3°F ? adjusting +2.0°F (target: 65.0°F)
[2026-02-25 20:18:36.125] [INFO] [WATERING] Zone SPR-7 activated at (3, 16)
[2026-02-25 20:18:36.126] [INFO] [HEATING] Heater ON: Current 59.5°F ? adjusting +2.0°F (target: 65.0°F)
[2026-02-25 20:18:36.637] [WARN] [SENSOR] ALERT: Moisture Sensor [SENSOR-2] at (10, 4) reading 84.6 % (threshold: 20.0-80.0)
[2026-02-25 20:18:36.638] [WARN] [SENSOR] ALERT: Moisture Sensor [SENSOR-3] at (16, 4) reading 85.2 % (threshold: 20.0-80.0)
[2026-02-25 20:18:36.638] [INFO] [HEATING] Heater ON: Current 59.4°F ? adjusting +2.0°F (target: 65.0°F)
[2026-02-25 20:18:37.149] [WARN] [SENSOR] ALERT: Moisture Sensor [SENSOR-6] at (16, 10) reading 91.6 % (threshold: 20.0-80.0)
[2026-02-25 20:18:37.149] [INFO] [HEATING] Heater ON: Current 59.2°F ? adjusting +2.0°F (target: 65.0°F)
[2026-02-25 20:18:37.660] [INFO] [HEATING] Heater ON: Current 59.5°F ? adjusting +2.0°F (target: 65.0°F)
[2026-02-25 20:18:38.173] [WARN] [SENSOR] ALERT: Moisture Sensor [SENSOR-9] at (16, 16) reading 82.8 % (threshold: 20.0-80.0)
[2026-02-25 20:18:38.174] [INFO] [HEATING] Heater ON: Current 59.6°F ? adjusting +2.0°F (target: 65.0°F)
[2026-02-25 20:18:38.684] [INFO] [HEATING] Heater ON: Current 59.0°F ? adjusting +2.0°F (target: 65.0°F)
[2026-02-25 20:18:39.196] [WARN] [SENSOR] ALERT: Moisture Sensor [SENSOR-8] at (10, 16) reading 81.3 % (threshold: 20.0-80.0)
[2026-02-25 20:18:39.197] [INFO] [HEATING] Heater ON: Current 60.3°F ? adjusting +2.0°F (target: 65.0°F)
[2026-02-25 20:18:39.710] [INFO] [HEATING] Heater ON: Current 60.3°F ? adjusting +2.0°F (target: 65.0°F)
[2026-02-25 20:18:40.221] [INFO] [SENSOR] Light Sensor [SENSOR-13] returned to normal: 20.6 lux
[2026-02-25 20:18:40.222] [INFO] [HEATING] Heater ON: Current 60.4°F ? adjusting +2.0°F (target: 65.0°F)
[2026-02-25 20:18:40.733] [WARN] [SENSOR] ALERT: Light Sensor [SENSOR-13] at (0, 10) reading 18.9 lux (threshold: 20.0-90.0)
[2026-02-25 20:18:40.734] [INFO] [SENSOR] Light Sensor [SENSOR-14] returned to normal: 21.3 lux
[2026-02-25 20:18:40.734] [INFO] [HEATING] Heater ON: Current 60.2°F ? adjusting +2.0°F (target: 65.0°F)
[2026-02-25 20:18:41.245] [INFO] [SENSOR] Light Sensor [SENSOR-13] returned to normal: 20.4 lux
[2026-02-25 20:18:41.245] [INFO] [HEATING] Heater ON: Current 60.0°F ? adjusting +2.0°F (target: 65.0°F)
[2026-02-25 20:18:41.757] [INFO] [HEATING] Heater ON: Current 60.3°F ? adjusting +2.0°F (target: 65.0°F)
[2026-02-25 20:18:42.269] [INFO] [HEATING] Heater ON: Current 60.3°F ? adjusting +2.0°F (target: 65.0°F)
[2026-02-25 20:18:42.781] [INFO] [HEATING] Heater ON: Current 62.0°F ? adjusting +2.0°F (target: 65.0°F)
[2026-02-25 20:18:43.292] [INFO] [HEATING] Heater ON: Current 61.2°F ? adjusting +2.0°F (target: 65.0°F)
[2026-02-25 20:18:43.805] [INFO] [HEATING] Heater ON: Current 61.8°F ? adjusting +2.0°F (target: 65.0°F)
[2026-02-25 20:18:44.318] [INFO] [HEATING] Heater ON: Current 61.1°F ? adjusting +2.0°F (target: 65.0°F)
[2026-02-25 20:18:44.829] [INFO] [HEATING] Heater ON: Current 61.8°F ? adjusting +2.0°F (target: 65.0°F)
[2026-02-25 20:18:44.829] [INFO] [PLANT] Lettuce [PLANT-18] grew from SEED to SPROUT (health: 100.0%)
[2026-02-25 20:18:44.831] [INFO] [PLANT] Lettuce [PLANT-20] grew from SEED to SPROUT (health: 100.0%)
[2026-02-25 20:18:44.831] [INFO] [PLANT] Lettuce [PLANT-22] grew from SEED to SPROUT (health: 100.0%)
[2026-02-25 20:18:44.831] [INFO] [PLANT] Lettuce [PLANT-24] grew from SEED to SPROUT (health: 100.0%)
[2026-02-25 20:18:44.831] [INFO] [PLANT] Lettuce [PLANT-26] grew from SEED to SPROUT (health: 100.0%)
[2026-02-25 20:18:44.831] [INFO] [PLANT] Lettuce [PLANT-28] grew from SEED to SPROUT (health: 100.0%)
[2026-02-25 20:18:44.831] [INFO] [PLANT] Lettuce [PLANT-30] grew from SEED to SPROUT (health: 100.0%)
[2026-02-25 20:18:44.831] [INFO] [PLANT] Lettuce [PLANT-32] grew from SEED to SPROUT (health: 100.0%)
[2026-02-25 20:18:44.831] [INFO] [PLANT] Lettuce [PLANT-34] grew from SEED to SPROUT (health: 100.0%)
[2026-02-25 20:18:45.342] [INFO] [HEATING] Heater ON: Current 61.9°F ? adjusting +2.0°F (target: 65.0°F)
[2026-02-25 20:18:45.853] [INFO] [HEATING] Heater ON: Current 62.0°F ? adjusting +2.0°F (target: 65.0°F)
[2026-02-25 20:18:46.366] [INFO] [HEATING] Heater ON: Current 61.3°F ? adjusting +2.0°F (target: 65.0°F)
[2026-02-25 20:18:46.902] [INFO] [HEATING] Heater ON: Current 62.5°F ? adjusting +2.0°F (target: 65.0°F)
[2026-02-25 20:18:47.405] [INFO] [HEATING] Heater ON: Current 62.6°F ? adjusting +2.0°F (target: 65.0°F)
[2026-02-25 20:18:47.405] [INFO] [PLANT] Sunflower [PLANT-13] grew from SEED to SPROUT (health: 100.0%)
[2026-02-25 20:18:47.405] [INFO] [PLANT] Sunflower [PLANT-14] grew from SEED to SPROUT (health: 100.0%)
[2026-02-25 20:18:47.406] [INFO] [PLANT] Sunflower [PLANT-15] grew from SEED to SPROUT (health: 100.0%)
[2026-02-25 20:18:47.406] [INFO] [PLANT] Sunflower [PLANT-16] grew from SEED to SPROUT (health: 100.0%)
[2026-02-25 20:18:47.916] [INFO] [HEATING] Climate control OFF: 63.3°F is within target range
[2026-02-25 20:18:52.524] [INFO] [PLANT] Tomato [PLANT-1] grew from SEED to SPROUT (health: 100.0%)
[2026-02-25 20:18:52.525] [INFO] [PLANT] Tomato [PLANT-2] grew from SEED to SPROUT (health: 100.0%)
[2026-02-25 20:18:52.525] [INFO] [PLANT] Tomato [PLANT-3] grew from SEED to SPROUT (health: 100.0%)
[2026-02-25 20:18:52.525] [INFO] [PLANT] Tomato [PLANT-4] grew from SEED to SPROUT (health: 100.0%)
[2026-02-25 20:18:52.525] [INFO] [PLANT] Tomato [PLANT-5] grew from SEED to SPROUT (health: 100.0%)
[2026-02-25 20:18:52.525] [INFO] [PLANT] Tomato [PLANT-6] grew from SEED to SPROUT (health: 100.0%)
[2026-02-25 20:18:52.527] [INFO] [GARDEN] --- TICK 50 STATUS | Temp: 65.3°F | Light: 54 | Humidity: 56% | Plants: 37/37 alive | Insects: 4 (0 pests) ---
[2026-02-25 20:18:53.550] [INFO] [LIGHTING] Grow lights OFF: Natural light 51 sufficient
[2026-02-25 20:18:55.084] [INFO] [PLANT] Carrot [PLANT-17] grew from SEED to SPROUT (health: 100.0%)
[2026-02-25 20:18:55.085] [INFO] [PLANT] Carrot [PLANT-19] grew from SEED to SPROUT (health: 100.0%)
[2026-02-25 20:18:55.085] [INFO] [PLANT] Carrot [PLANT-21] grew from SEED to SPROUT (health: 100.0%)
[2026-02-25 20:18:55.085] [INFO] [PLANT] Carrot [PLANT-23] grew from SEED to SPROUT (health: 100.0%)
[2026-02-25 20:18:55.085] [INFO] [PLANT] Carrot [PLANT-25] grew from SEED to SPROUT (health: 100.0%)
[2026-02-25 20:18:55.085] [INFO] [PLANT] Carrot [PLANT-27] grew from SEED to SPROUT (health: 100.0%)
[2026-02-25 20:18:55.085] [INFO] [PLANT] Carrot [PLANT-29] grew from SEED to SPROUT (health: 100.0%)
[2026-02-25 20:18:55.085] [INFO] [PLANT] Carrot [PLANT-31] grew from SEED to SPROUT (health: 100.0%)
[2026-02-25 20:18:55.086] [INFO] [PLANT] Carrot [PLANT-33] grew from SEED to SPROUT (health: 100.0%)
[2026-02-25 20:18:57.644] [INFO] [PLANT] Rose [PLANT-7] grew from SEED to SPROUT (health: 100.0%)
[2026-02-25 20:18:57.644] [INFO] [PLANT] Rose [PLANT-8] grew from SEED to SPROUT (health: 100.0%)
[2026-02-25 20:18:57.644] [INFO] [PLANT] Rose [PLANT-9] grew from SEED to SPROUT (health: 100.0%)
[2026-02-25 20:18:57.644] [INFO] [PLANT] Rose [PLANT-10] grew from SEED to SPROUT (health: 100.0%)
[2026-02-25 20:18:57.645] [INFO] [PLANT] Rose [PLANT-11] grew from SEED to SPROUT (health: 100.0%)
[2026-02-25 20:18:57.645] [INFO] [PLANT] Rose [PLANT-12] grew from SEED to SPROUT (health: 100.0%)
[2026-02-25 20:18:57.645] [INFO] [INSECT] Aphid [INSECT-7] (PEST) appeared at (6, 18)
[2026-02-25 20:18:58.173] [INFO] [HEATING] Cooler ON: Current 67.5°F ? adjusting -2.0°F (target: 65.0°F)
[2026-02-25 20:18:58.685] [INFO] [HEATING] Cooler ON: Current 67.7°F ? adjusting -2.0°F (target: 65.0°F)
[2026-02-25 20:18:59.206] [INFO] [HEATING] Cooler ON: Current 67.6°F ? adjusting -2.0°F (target: 65.0°F)
[2026-02-25 20:18:59.721] [INFO] [HEATING] Cooler ON: Current 68.5°F ? adjusting -2.0°F (target: 65.0°F)
[2026-02-25 20:19:00.222] [INFO] [HEATING] Cooler ON: Current 68.5°F ? adjusting -2.0°F (target: 65.0°F)
[2026-02-25 20:19:00.223] [INFO] [PEST_CONTROL] Activating TARGETED pest control! 1 pests detected.
[2026-02-25 20:19:00.223] [INFO] [INSECT] Aphid [INSECT-7] died. Reason: Targeted pest control
[2026-02-25 20:19:00.223] [INFO] [PEST_CONTROL] Targeted method: 1 pests eliminated. Beneficials safe.
[2026-02-25 20:19:00.723] [INFO] [HEATING] Cooler ON: Current 68.7°F ? adjusting -2.0°F (target: 65.0°F)
[2026-02-25 20:19:01.229] [INFO] [HEATING] Cooler ON: Current 68.7°F ? adjusting -2.0°F (target: 65.0°F)
[2026-02-25 20:19:01.741] [INFO] [HEATING] Cooler ON: Current 69.0°F ? adjusting -2.0°F (target: 65.0°F)
[2026-02-25 20:19:02.258] [INFO] [HEATING] Cooler ON: Current 68.8°F ? adjusting -2.0°F (target: 65.0°F)
[2026-02-25 20:19:02.767] [INFO] [HEATING] Cooler ON: Current 69.2°F ? adjusting -2.0°F (target: 65.0°F)
[2026-02-25 20:19:02.767] [INFO] [PLANT] Lettuce [PLANT-18] grew from SPROUT to VEGETATIVE (health: 100.0%)
[2026-02-25 20:19:02.767] [INFO] [PLANT] Lettuce [PLANT-20] grew from SPROUT to VEGETATIVE (health: 100.0%)
[2026-02-25 20:19:02.767] [INFO] [PLANT] Lettuce [PLANT-22] grew from SPROUT to VEGETATIVE (health: 100.0%)
[2026-02-25 20:19:02.767] [INFO] [PLANT] Lettuce [PLANT-24] grew from SPROUT to VEGETATIVE (health: 100.0%)
[2026-02-25 20:19:02.767] [INFO] [PLANT] Lettuce [PLANT-26] grew from SPROUT to VEGETATIVE (health: 100.0%)
[2026-02-25 20:19:02.767] [INFO] [PLANT] Lettuce [PLANT-28] grew from SPROUT to VEGETATIVE (health: 100.0%)
[2026-02-25 20:19:02.767] [INFO] [PLANT] Lettuce [PLANT-30] grew from SPROUT to VEGETATIVE (health: 100.0%)
[2026-02-25 20:19:02.767] [INFO] [PLANT] Lettuce [PLANT-32] grew from SPROUT to VEGETATIVE (health: 100.0%)
[2026-02-25 20:19:02.767] [INFO] [PLANT] Lettuce [PLANT-34] grew from SPROUT to VEGETATIVE (health: 100.0%)
[2026-02-25 20:19:03.279] [INFO] [HEATING] Cooler ON: Current 69.5°F ? adjusting -2.0°F (target: 65.0°F)
[2026-02-25 20:19:03.793] [INFO] [HEATING] Cooler ON: Current 68.8°F ? adjusting -2.0°F (target: 65.0°F)
[2026-02-25 20:19:04.308] [INFO] [HEATING] Cooler ON: Current 70.5°F ? adjusting -2.0°F (target: 65.0°F)
[2026-02-25 20:19:04.814] [INFO] [HEATING] Cooler ON: Current 69.4°F ? adjusting -2.0°F (target: 65.0°F)
[2026-02-25 20:19:05.331] [INFO] [HEATING] Cooler ON: Current 69.3°F ? adjusting -2.0°F (target: 65.0°F)
[2026-02-25 20:19:05.844] [INFO] [HEATING] Cooler ON: Current 70.1°F ? adjusting -2.0°F (target: 65.0°F)
[2026-02-25 20:19:06.372] [INFO] [HEATING] Cooler ON: Current 70.8°F ? adjusting -2.0°F (target: 65.0°F)
[2026-02-25 20:19:06.883] [INFO] [HEATING] Cooler ON: Current 70.7°F ? adjusting -2.0°F (target: 65.0°F)
[2026-02-25 20:19:07.397] [INFO] [HEATING] Cooler ON: Current 70.5°F ? adjusting -2.0°F (target: 65.0°F)
[2026-02-25 20:19:07.911] [INFO] [HEATING] Cooler ON: Current 70.1°F ? adjusting -2.0°F (target: 65.0°F)
[2026-02-25 20:19:07.911] [INFO] [PLANT] Sunflower [PLANT-13] grew from SPROUT to VEGETATIVE (health: 100.0%)
[2026-02-25 20:19:07.911] [INFO] [PLANT] Sunflower [PLANT-14] grew from SPROUT to VEGETATIVE (health: 100.0%)
[2026-02-25 20:19:07.911] [INFO] [PLANT] Sunflower [PLANT-15] grew from SPROUT to VEGETATIVE (health: 100.0%)
[2026-02-25 20:19:07.911] [INFO] [PLANT] Sunflower [PLANT-16] grew from SPROUT to VEGETATIVE (health: 100.0%)
[2026-02-25 20:19:07.911] [INFO] [PLANT] Cactus [PLANT-35] grew from SEED to SPROUT (health: 100.0%)
[2026-02-25 20:19:07.911] [INFO] [PLANT] Cactus [PLANT-36] grew from SEED to SPROUT (health: 100.0%)
[2026-02-25 20:19:07.911] [INFO] [PLANT] Cactus [PLANT-37] grew from SEED to SPROUT (health: 100.0%)
[2026-02-25 20:19:08.437] [INFO] [HEATING] Cooler ON: Current 70.7°F ? adjusting -2.0°F (target: 65.0°F)
[2026-02-25 20:19:08.951] [INFO] [HEATING] Cooler ON: Current 70.4°F ? adjusting -2.0°F (target: 65.0°F)
[2026-02-25 20:19:09.461] [INFO] [HEATING] Cooler ON: Current 71.3°F ? adjusting -2.0°F (target: 65.0°F)
[2026-02-25 20:19:09.971] [INFO] [HEATING] Cooler ON: Current 71.3°F ? adjusting -2.0°F (target: 65.0°F)
[2026-02-25 20:19:10.480] [INFO] [HEATING] Cooler ON: Current 71.4°F ? adjusting -2.0°F (target: 65.0°F)
[2026-02-25 20:19:10.981] [INFO] [HEATING] Cooler ON: Current 71.6°F ? adjusting -2.0°F (target: 65.0°F)
[2026-02-25 20:19:11.491] [INFO] [HEATING] Cooler ON: Current 72.1°F ? adjusting -2.0°F (target: 65.0°F)
[2026-02-25 20:19:12.004] [INFO] [HEATING] Cooler ON: Current 71.1°F ? adjusting -2.0°F (target: 65.0°F)
[2026-02-25 20:19:12.511] [INFO] [HEATING] Cooler ON: Current 71.4°F ? adjusting -2.0°F (target: 65.0°F)
[2026-02-25 20:19:13.038] [WARN] [SENSOR] ALERT: Light Sensor [SENSOR-13] at (0, 10) reading 90.6 lux (threshold: 20.0-90.0)
[2026-02-25 20:19:13.038] [WARN] [SENSOR] ALERT: Light Sensor [SENSOR-14] at (19, 0) reading 90.7 lux (threshold: 20.0-90.0)
[2026-02-25 20:19:13.038] [INFO] [HEATING] Cooler ON: Current 71.4°F ? adjusting -2.0°F (target: 65.0°F)
[2026-02-25 20:19:13.552] [INFO] [SENSOR] Light Sensor [SENSOR-14] returned to normal: 88.5 lux
[2026-02-25 20:19:13.552] [INFO] [HEATING] Cooler ON: Current 71.3°F ? adjusting -2.0°F (target: 65.0°F)
[2026-02-25 20:19:14.060] [INFO] [SENSOR] Light Sensor [SENSOR-13] returned to normal: 89.4 lux
[2026-02-25 20:19:14.060] [WARN] [SENSOR] ALERT: Light Sensor [SENSOR-14] at (19, 0) reading 91.2 lux (threshold: 20.0-90.0)
[2026-02-25 20:19:14.061] [INFO] [HEATING] Cooler ON: Current 71.7°F ? adjusting -2.0°F (target: 65.0°F)
[2026-02-25 20:19:14.572] [WARN] [SENSOR] ALERT: Light Sensor [SENSOR-13] at (0, 10) reading 90.8 lux (threshold: 20.0-90.0)
[2026-02-25 20:19:14.572] [INFO] [SENSOR] Light Sensor [SENSOR-14] returned to normal: 89.4 lux
[2026-02-25 20:19:14.572] [INFO] [HEATING] Cooler ON: Current 71.9°F ? adjusting -2.0°F (target: 65.0°F)
[2026-02-25 20:19:15.086] [WARN] [SENSOR] ALERT: Light Sensor [SENSOR-14] at (19, 0) reading 90.4 lux (threshold: 20.0-90.0)
[2026-02-25 20:19:15.086] [INFO] [HEATING] Cooler ON: Current 71.8°F ? adjusting -2.0°F (target: 65.0°F)
[2026-02-25 20:19:15.597] [INFO] [HEATING] Cooler ON: Current 71.9°F ? adjusting -2.0°F (target: 65.0°F)
[2026-02-25 20:19:16.108] [INFO] [HEATING] Cooler ON: Current 72.2°F ? adjusting -2.0°F (target: 65.0°F)
[2026-02-25 20:19:16.620] [INFO] [SENSOR] Light Sensor [SENSOR-13] returned to normal: 89.9 lux
[2026-02-25 20:19:16.621] [INFO] [HEATING] Cooler ON: Current 71.9°F ? adjusting -2.0°F (target: 65.0°F)
[2026-02-25 20:19:17.133] [WARN] [SENSOR] ALERT: Light Sensor [SENSOR-13] at (0, 10) reading 91.4 lux (threshold: 20.0-90.0)
[2026-02-25 20:19:17.133] [INFO] [HEATING] Cooler ON: Current 71.8°F ? adjusting -2.0°F (target: 65.0°F)
[2026-02-25 20:19:17.649] [INFO] [HEATING] Cooler ON: Current 71.9°F ? adjusting -2.0°F (target: 65.0°F)
[2026-02-25 20:19:18.161] [INFO] [HEATING] Cooler ON: Current 72.1°F ? adjusting -2.0°F (target: 65.0°F)
[2026-02-25 20:19:18.161] [INFO] [PLANT] Tomato [PLANT-1] grew from SPROUT to VEGETATIVE (health: 100.0%)
[2026-02-25 20:19:18.161] [INFO] [PLANT] Tomato [PLANT-2] grew from SPROUT to VEGETATIVE (health: 100.0%)
[2026-02-25 20:19:18.161] [INFO] [PLANT] Tomato [PLANT-3] grew from SPROUT to VEGETATIVE (health: 100.0%)
[2026-02-25 20:19:18.161] [INFO] [PLANT] Tomato [PLANT-4] grew from SPROUT to VEGETATIVE (health: 100.0%)
[2026-02-25 20:19:18.161] [INFO] [PLANT] Tomato [PLANT-5] grew from SPROUT to VEGETATIVE (health: 100.0%)
[2026-02-25 20:19:18.161] [INFO] [PLANT] Tomato [PLANT-6] grew from SPROUT to VEGETATIVE (health: 100.0%)
[2026-02-25 20:19:18.161] [INFO] [INSECT] Caterpillar [INSECT-8] (PEST) appeared at (7, 0)
[2026-02-25 20:19:18.162] [INFO] [GARDEN] --- TICK 100 STATUS | Temp: 70.1°F | Light: 92 | Humidity: 44% | Plants: 37/37 alive | Insects: 5 (1 pests) ---
[2026-02-25 20:19:18.675] [INFO] [HEATING] Cooler ON: Current 72.5°F ? adjusting -2.0°F (target: 65.0°F)
[2026-02-25 20:19:19.183] [INFO] [HEATING] Cooler ON: Current 71.6°F ? adjusting -2.0°F (target: 65.0°F)
[2026-02-25 20:19:19.695] [INFO] [HEATING] Cooler ON: Current 71.9°F ? adjusting -2.0°F (target: 65.0°F)
[2026-02-25 20:19:20.209] [INFO] [HEATING] Cooler ON: Current 71.5°F ? adjusting -2.0°F (target: 65.0°F)
[2026-02-25 20:19:20.209] [INFO] [PLANT] Sunflower [PLANT-13] took 0.8 pest damage (resistance: 50%). Health: 99.3%
[2026-02-25 20:19:20.720] [INFO] [HEATING] Cooler ON: Current 72.1°F ? adjusting -2.0°F (target: 65.0°F)
[2026-02-25 20:19:20.721] [INFO] [PEST_CONTROL] Activating TARGETED pest control! 1 pests detected.
[2026-02-25 20:19:20.721] [INFO] [INSECT] Caterpillar [INSECT-8] died. Reason: Targeted pest control
[2026-02-25 20:19:20.721] [INFO] [PEST_CONTROL] Targeted method: 1 pests eliminated. Beneficials safe.
[2026-02-25 20:19:20.721] [INFO] [PLANT] Lettuce [PLANT-18] grew from VEGETATIVE to FLOWERING (health: 100.0%)
[2026-02-25 20:19:20.721] [INFO] [PLANT] Lettuce [PLANT-20] grew from VEGETATIVE to FLOWERING (health: 100.0%)
[2026-02-25 20:19:20.721] [INFO] [PLANT] Lettuce [PLANT-22] grew from VEGETATIVE to FLOWERING (health: 100.0%)
[2026-02-25 20:19:20.721] [INFO] [PLANT] Lettuce [PLANT-24] grew from VEGETATIVE to FLOWERING (health: 100.0%)
[2026-02-25 20:19:20.721] [INFO] [PLANT] Lettuce [PLANT-26] grew from VEGETATIVE to FLOWERING (health: 100.0%)
[2026-02-25 20:19:20.721] [INFO] [PLANT] Lettuce [PLANT-28] grew from VEGETATIVE to FLOWERING (health: 100.0%)
[2026-02-25 20:19:20.721] [INFO] [PLANT] Lettuce [PLANT-30] grew from VEGETATIVE to FLOWERING (health: 100.0%)
[2026-02-25 20:19:20.721] [INFO] [PLANT] Lettuce [PLANT-32] grew from VEGETATIVE to FLOWERING (health: 100.0%)
[2026-02-25 20:19:20.721] [INFO] [PLANT] Lettuce [PLANT-34] grew from VEGETATIVE to FLOWERING (health: 100.0%)
[2026-02-25 20:19:21.233] [INFO] [HEATING] Cooler ON: Current 72.0°F ? adjusting -2.0°F (target: 65.0°F)
[2026-02-25 20:19:21.732] [INFO] [HEATING] Cooler ON: Current 72.5°F ? adjusting -2.0°F (target: 65.0°F)
[2026-02-25 20:19:22.244] [INFO] [SENSOR] Light Sensor [SENSOR-13] returned to normal: 89.8 lux
[2026-02-25 20:19:22.244] [INFO] [HEATING] Cooler ON: Current 71.6°F ? adjusting -2.0°F (target: 65.0°F)
[2026-02-25 20:19:22.755] [INFO] [HEATING] Cooler ON: Current 71.4°F ? adjusting -2.0°F (target: 65.0°F)
[2026-02-25 20:19:23.269] [INFO] [SENSOR] Light Sensor [SENSOR-14] returned to normal: 89.9 lux
[2026-02-25 20:19:23.269] [INFO] [HEATING] Cooler ON: Current 71.1°F ? adjusting -2.0°F (target: 65.0°F)
[2026-02-25 20:19:23.269] [INFO] [PLANT] Carrot [PLANT-17] grew from SPROUT to VEGETATIVE (health: 100.0%)
[2026-02-25 20:19:23.269] [INFO] [PLANT] Carrot [PLANT-19] grew from SPROUT to VEGETATIVE (health: 100.0%)
[2026-02-25 20:19:23.269] [INFO] [PLANT] Carrot [PLANT-21] grew from SPROUT to VEGETATIVE (health: 100.0%)
[2026-02-25 20:19:23.269] [INFO] [PLANT] Carrot [PLANT-23] grew from SPROUT to VEGETATIVE (health: 100.0%)
[2026-02-25 20:19:23.269] [INFO] [PLANT] Carrot [PLANT-25] grew from SPROUT to VEGETATIVE (health: 100.0%)
[2026-02-25 20:19:23.269] [INFO] [PLANT] Carrot [PLANT-27] grew from SPROUT to VEGETATIVE (health: 100.0%)
[2026-02-25 20:19:23.269] [INFO] [PLANT] Carrot [PLANT-29] grew from SPROUT to VEGETATIVE (health: 100.0%)
[2026-02-25 20:19:23.269] [INFO] [PLANT] Carrot [PLANT-31] grew from SPROUT to VEGETATIVE (health: 100.0%)
[2026-02-25 20:19:23.270] [INFO] [PLANT] Carrot [PLANT-33] grew from SPROUT to VEGETATIVE (health: 100.0%)
[2026-02-25 20:19:23.776] [INFO] [HEATING] Cooler ON: Current 71.3°F ? adjusting -2.0°F (target: 65.0°F)
[2026-02-25 20:19:24.304] [INFO] [HEATING] Cooler ON: Current 71.6°F ? adjusting -2.0°F (target: 65.0°F)
[2026-02-25 20:19:24.806] [INFO] [HEATING] Cooler ON: Current 72.2°F ? adjusting -2.0°F (target: 65.0°F)
[2026-02-25 20:19:25.318] [INFO] [HEATING] Cooler ON: Current 72.4°F ? adjusting -2.0°F (target: 65.0°F)
[2026-02-25 20:19:25.821] [INFO] [HEATING] Cooler ON: Current 72.1°F ? adjusting -2.0°F (target: 65.0°F)
[2026-02-25 20:19:26.332] [INFO] [HEATING] Cooler ON: Current 71.0°F ? adjusting -2.0°F (target: 65.0°F)
[2026-02-25 20:19:26.844] [INFO] [HEATING] Cooler ON: Current 71.4°F ? adjusting -2.0°F (target: 65.0°F)
[2026-02-25 20:19:27.356] [INFO] [HEATING] Cooler ON: Current 70.8°F ? adjusting -2.0°F (target: 65.0°F)
[2026-02-25 20:19:27.869] [INFO] [HEATING] Cooler ON: Current 71.1°F ? adjusting -2.0°F (target: 65.0°F)
[2026-02-25 20:19:28.380] [INFO] [HEATING] Cooler ON: Current 69.9°F ? adjusting -2.0°F (target: 65.0°F)
[2026-02-25 20:19:28.381] [INFO] [PLANT] Rose [PLANT-7] grew from SPROUT to VEGETATIVE (health: 100.0%)
[2026-02-25 20:19:28.381] [INFO] [PLANT] Rose [PLANT-8] grew from SPROUT to VEGETATIVE (health: 100.0%)
[2026-02-25 20:19:28.381] [INFO] [PLANT] Rose [PLANT-9] grew from SPROUT to VEGETATIVE (health: 100.0%)
[2026-02-25 20:19:28.381] [INFO] [PLANT] Rose [PLANT-10] grew from SPROUT to VEGETATIVE (health: 100.0%)
[2026-02-25 20:19:28.381] [INFO] [PLANT] Rose [PLANT-11] grew from SPROUT to VEGETATIVE (health: 100.0%)
[2026-02-25 20:19:28.381] [INFO] [PLANT] Rose [PLANT-12] grew from SPROUT to VEGETATIVE (health: 100.0%)
[2026-02-25 20:19:28.381] [INFO] [PLANT] Sunflower [PLANT-13] grew from VEGETATIVE to FLOWERING (health: 100.0%)
[2026-02-25 20:19:28.381] [INFO] [PLANT] Sunflower [PLANT-14] grew from VEGETATIVE to FLOWERING (health: 100.0%)
[2026-02-25 20:19:28.381] [INFO] [PLANT] Sunflower [PLANT-15] grew from VEGETATIVE to FLOWERING (health: 100.0%)
[2026-02-25 20:19:28.381] [INFO] [PLANT] Sunflower [PLANT-16] grew from VEGETATIVE to FLOWERING (health: 100.0%)
[2026-02-25 20:19:28.893] [INFO] [HEATING] Cooler ON: Current 69.9°F ? adjusting -2.0°F (target: 65.0°F)
[2026-02-25 20:19:29.405] [INFO] [HEATING] Cooler ON: Current 70.6°F ? adjusting -2.0°F (target: 65.0°F)
[2026-02-25 20:19:29.916] [INFO] [HEATING] Cooler ON: Current 70.5°F ? adjusting -2.0°F (target: 65.0°F)
[2026-02-25 20:19:30.428] [INFO] [HEATING] Cooler ON: Current 70.6°F ? adjusting -2.0°F (target: 65.0°F)
[2026-02-25 20:19:30.940] [INFO] [HEATING] Cooler ON: Current 70.7°F ? adjusting -2.0°F (target: 65.0°F)
[2026-02-25 20:19:31.452] [INFO] [HEATING] Cooler ON: Current 69.7°F ? adjusting -2.0°F (target: 65.0°F)
[2026-02-25 20:19:31.965] [INFO] [HEATING] Cooler ON: Current 70.5°F ? adjusting -2.0°F (target: 65.0°F)
[2026-02-25 20:19:32.477] [INFO] [HEATING] Cooler ON: Current 69.3°F ? adjusting -2.0°F (target: 65.0°F)
[2026-02-25 20:19:32.989] [INFO] [HEATING] Cooler ON: Current 69.4°F ? adjusting -2.0°F (target: 65.0°F)
[2026-02-25 20:19:33.501] [INFO] [HEATING] Cooler ON: Current 68.7°F ? adjusting -2.0°F (target: 65.0°F)
[2026-02-25 20:19:34.013] [INFO] [HEATING] Cooler ON: Current 69.3°F ? adjusting -2.0°F (target: 65.0°F)
[2026-02-25 20:19:34.524] [INFO] [HEATING] Cooler ON: Current 69.2°F ? adjusting -2.0°F (target: 65.0°F)
[2026-02-25 20:19:35.036] [INFO] [HEATING] Cooler ON: Current 68.2°F ? adjusting -2.0°F (target: 65.0°F)
[2026-02-25 20:19:35.548] [INFO] [HEATING] Cooler ON: Current 68.2°F ? adjusting -2.0°F (target: 65.0°F)
[2026-02-25 20:19:36.062] [INFO] [HEATING] Cooler ON: Current 67.2°F ? adjusting -2.0°F (target: 65.0°F)
[2026-02-25 20:19:36.572] [INFO] [HEATING] Cooler ON: Current 67.9°F ? adjusting -2.0°F (target: 65.0°F)
[2026-02-25 20:19:37.087] [INFO] [HEATING] Cooler ON: Current 68.4°F ? adjusting -2.0°F (target: 65.0°F)
[2026-02-25 20:19:37.596] [INFO] [HEATING] Cooler ON: Current 67.3°F ? adjusting -2.0°F (target: 65.0°F)
[2026-02-25 20:19:38.108] [INFO] [HEATING] Cooler ON: Current 67.0°F ? adjusting -2.0°F (target: 65.0°F)
[2026-02-25 20:19:38.621] [INFO] [HEATING] Cooler ON: Current 67.1°F ? adjusting -2.0°F (target: 65.0°F)
[2026-02-25 20:19:38.622] [INFO] [PLANT] Lettuce [PLANT-18] grew from FLOWERING to FRUITING (health: 100.0%)
[2026-02-25 20:19:38.622] [INFO] [PLANT] Lettuce [PLANT-20] grew from FLOWERING to FRUITING (health: 100.0%)
[2026-02-25 20:19:38.622] [INFO] [PLANT] Lettuce [PLANT-22] grew from FLOWERING to FRUITING (health: 100.0%)
[2026-02-25 20:19:38.622] [INFO] [PLANT] Lettuce [PLANT-24] grew from FLOWERING to FRUITING (health: 100.0%)
[2026-02-25 20:19:38.622] [INFO] [PLANT] Lettuce [PLANT-26] grew from FLOWERING to FRUITING (health: 100.0%)
[2026-02-25 20:19:38.622] [INFO] [PLANT] Lettuce [PLANT-28] grew from FLOWERING to FRUITING (health: 100.0%)
[2026-02-25 20:19:38.622] [INFO] [PLANT] Lettuce [PLANT-30] grew from FLOWERING to FRUITING (health: 100.0%)
[2026-02-25 20:19:38.622] [INFO] [PLANT] Lettuce [PLANT-32] grew from FLOWERING to FRUITING (health: 100.0%)
[2026-02-25 20:19:38.622] [INFO] [PLANT] Lettuce [PLANT-34] grew from FLOWERING to FRUITING (health: 100.0%)
[2026-02-25 20:19:39.133] [INFO] [HEATING] Climate control OFF: 66.8°F is within target range
[2026-02-25 20:19:43.756] [INFO] [PLANT] Tomato [PLANT-1] grew from VEGETATIVE to FLOWERING (health: 100.0%)
[2026-02-25 20:19:43.757] [INFO] [PLANT] Tomato [PLANT-2] grew from VEGETATIVE to FLOWERING (health: 100.0%)
[2026-02-25 20:19:43.757] [INFO] [PLANT] Tomato [PLANT-3] grew from VEGETATIVE to FLOWERING (health: 100.0%)
[2026-02-25 20:19:43.757] [INFO] [PLANT] Tomato [PLANT-4] grew from VEGETATIVE to FLOWERING (health: 100.0%)
[2026-02-25 20:19:43.757] [INFO] [PLANT] Tomato [PLANT-5] grew from VEGETATIVE to FLOWERING (health: 100.0%)
[2026-02-25 20:19:43.757] [INFO] [PLANT] Tomato [PLANT-6] grew from VEGETATIVE to FLOWERING (health: 100.0%)
[2026-02-25 20:19:43.757] [INFO] [INSECT] Bee [INSECT-1] is pollinating Tomato at (2, 13)
[2026-02-25 20:19:43.757] [INFO] [GARDEN] --- TICK 150 STATUS | Temp: 64.7°F | Light: 50 | Humidity: 53% | Plants: 37/37 alive | Insects: 4 (0 pests) ---
[2026-02-25 20:19:44.269] [INFO] [LIGHTING] Grow lights ON: Natural light 49 below target 60
[2026-02-25 20:19:46.316] [INFO] [HEATING] Heater ON: Current 63.0°F ? adjusting +2.0°F (target: 65.0°F)
[2026-02-25 20:19:46.830] [INFO] [HEATING] Climate control OFF: 63.1°F is within target range
[2026-02-25 20:19:47.342] [INFO] [HEATING] Heater ON: Current 62.8°F ? adjusting +2.0°F (target: 65.0°F)
[2026-02-25 20:19:47.854] [INFO] [HEATING] Climate control OFF: 63.3°F is within target range
[2026-02-25 20:19:48.878] [INFO] [PLANT] Sunflower [PLANT-13] grew from FLOWERING to FRUITING (health: 100.0%)
[2026-02-25 20:19:48.878] [INFO] [PLANT] Sunflower [PLANT-14] grew from FLOWERING to FRUITING (health: 100.0%)
[2026-02-25 20:19:48.878] [INFO] [PLANT] Sunflower [PLANT-15] grew from FLOWERING to FRUITING (health: 100.0%)
[2026-02-25 20:19:48.878] [INFO] [PLANT] Sunflower [PLANT-16] grew from FLOWERING to FRUITING (health: 100.0%)
[2026-02-25 20:19:48.878] [INFO] [PLANT] Cactus [PLANT-35] grew from SPROUT to VEGETATIVE (health: 100.0%)
[2026-02-25 20:19:48.878] [INFO] [PLANT] Cactus [PLANT-36] grew from SPROUT to VEGETATIVE (health: 100.0%)
[2026-02-25 20:19:48.878] [INFO] [PLANT] Cactus [PLANT-37] grew from SPROUT to VEGETATIVE (health: 100.0%)
[2026-02-25 20:19:49.932] [INFO] [HEATING] Heater ON: Current 62.6°F ? adjusting +2.0°F (target: 65.0°F)
[2026-02-25 20:19:50.444] [INFO] [HEATING] Heater ON: Current 62.4°F ? adjusting +2.0°F (target: 65.0°F)
[2026-02-25 20:19:50.958] [INFO] [HEATING] Heater ON: Current 62.3°F ? adjusting +2.0°F (target: 65.0°F)
[2026-02-25 20:19:51.468] [INFO] [HEATING] Heater ON: Current 61.6°F ? adjusting +2.0°F (target: 65.0°F)
[2026-02-25 20:19:51.468] [INFO] [PLANT] Carrot [PLANT-17] grew from VEGETATIVE to FLOWERING (health: 100.0%)
[2026-02-25 20:19:51.468] [INFO] [PLANT] Carrot [PLANT-19] grew from VEGETATIVE to FLOWERING (health: 100.0%)
[2026-02-25 20:19:51.468] [INFO] [PLANT] Carrot [PLANT-21] grew from VEGETATIVE to FLOWERING (health: 100.0%)
[2026-02-25 20:19:51.468] [INFO] [PLANT] Carrot [PLANT-23] grew from VEGETATIVE to FLOWERING (health: 100.0%)
[2026-02-25 20:19:51.469] [INFO] [PLANT] Carrot [PLANT-25] grew from VEGETATIVE to FLOWERING (health: 100.0%)
[2026-02-25 20:19:51.469] [INFO] [PLANT] Carrot [PLANT-27] grew from VEGETATIVE to FLOWERING (health: 100.0%)
[2026-02-25 20:19:51.469] [INFO] [PLANT] Carrot [PLANT-29] grew from VEGETATIVE to FLOWERING (health: 100.0%)
[2026-02-25 20:19:51.469] [INFO] [PLANT] Carrot [PLANT-31] grew from VEGETATIVE to FLOWERING (health: 100.0%)
[2026-02-25 20:19:51.469] [INFO] [PLANT] Carrot [PLANT-33] grew from VEGETATIVE to FLOWERING (health: 100.0%)
[2026-02-25 20:19:51.980] [INFO] [HEATING] Heater ON: Current 61.7°F ? adjusting +2.0°F (target: 65.0°F)
[2026-02-25 20:19:52.492] [INFO] [HEATING] Heater ON: Current 62.0°F ? adjusting +2.0°F (target: 65.0°F)
[2026-02-25 20:19:53.021] [INFO] [HEATING] Heater ON: Current 60.9°F ? adjusting +2.0°F (target: 65.0°F)
[2026-02-25 20:19:53.532] [INFO] [HEATING] Heater ON: Current 60.2°F ? adjusting +2.0°F (target: 65.0°F)
[2026-02-25 20:19:54.045] [INFO] [HEATING] Heater ON: Current 61.1°F ? adjusting +2.0°F (target: 65.0°F)
[2026-02-25 20:19:54.556] [INFO] [HEATING] Heater ON: Current 61.7°F ? adjusting +2.0°F (target: 65.0°F)
[2026-02-25 20:19:55.068] [INFO] [HEATING] Heater ON: Current 60.8°F ? adjusting +2.0°F (target: 65.0°F)
[2026-02-25 20:19:55.581] [INFO] [HEATING] Heater ON: Current 60.6°F ? adjusting +2.0°F (target: 65.0°F)
[2026-02-25 20:19:56.093] [WARN] [SENSOR] ALERT: Light Sensor [SENSOR-13] at (0, 10) reading 17.8 lux (threshold: 20.0-90.0)
[2026-02-25 20:19:56.093] [WARN] [SENSOR] ALERT: Light Sensor [SENSOR-14] at (19, 0) reading 18.5 lux (threshold: 20.0-90.0)
[2026-02-25 20:19:56.093] [INFO] [HEATING] Heater ON: Current 59.9°F ? adjusting +2.0°F (target: 65.0°F)
[2026-02-25 20:19:56.604] [INFO] [HEATING] Heater ON: Current 60.0°F ? adjusting +2.0°F (target: 65.0°F)
[2026-02-25 20:19:56.605] [INFO] [PLANT] Lettuce [PLANT-18] grew from FRUITING to MATURE (health: 100.0%)
[2026-02-25 20:19:56.605] [INFO] [PLANT] Lettuce [PLANT-20] grew from FRUITING to MATURE (health: 100.0%)
[2026-02-25 20:19:56.605] [INFO] [PLANT] Lettuce [PLANT-22] grew from FRUITING to MATURE (health: 100.0%)
[2026-02-25 20:19:56.605] [INFO] [PLANT] Lettuce [PLANT-24] grew from FRUITING to MATURE (health: 100.0%)
[2026-02-25 20:19:56.605] [INFO] [PLANT] Lettuce [PLANT-26] grew from FRUITING to MATURE (health: 100.0%)
[2026-02-25 20:19:56.605] [INFO] [PLANT] Lettuce [PLANT-28] grew from FRUITING to MATURE (health: 100.0%)
[2026-02-25 20:19:56.605] [INFO] [PLANT] Lettuce [PLANT-30] grew from FRUITING to MATURE (health: 100.0%)
[2026-02-25 20:19:56.605] [INFO] [PLANT] Lettuce [PLANT-32] grew from FRUITING to MATURE (health: 100.0%)
[2026-02-25 20:19:56.605] [INFO] [PLANT] Lettuce [PLANT-34] grew from FRUITING to MATURE (health: 100.0%)
[2026-02-25 20:19:57.117] [INFO] [HEATING] Heater ON: Current 59.9°F ? adjusting +2.0°F (target: 65.0°F)
[2026-02-25 20:19:57.629] [INFO] [HEATING] Heater ON: Current 59.8°F ? adjusting +2.0°F (target: 65.0°F)
[2026-02-25 20:19:58.140] [INFO] [HEATING] Heater ON: Current 59.8°F ? adjusting +2.0°F (target: 65.0°F)
[2026-02-25 20:19:58.652] [INFO] [HEATING] Heater ON: Current 59.3°F ? adjusting +2.0°F (target: 65.0°F)
[2026-02-25 20:19:59.166] [INFO] [HEATING] Heater ON: Current 59.5°F ? adjusting +2.0°F (target: 65.0°F)
[2026-02-25 20:19:59.166] [INFO] [PLANT] Rose [PLANT-7] grew from VEGETATIVE to FLOWERING (health: 100.0%)
[2026-02-25 20:19:59.166] [INFO] [PLANT] Rose [PLANT-8] grew from VEGETATIVE to FLOWERING (health: 100.0%)
[2026-02-25 20:19:59.166] [INFO] [PLANT] Rose [PLANT-9] grew from VEGETATIVE to FLOWERING (health: 100.0%)
[2026-02-25 20:19:59.166] [INFO] [PLANT] Rose [PLANT-10] grew from VEGETATIVE to FLOWERING (health: 100.0%)
[2026-02-25 20:19:59.166] [INFO] [PLANT] Rose [PLANT-11] grew from VEGETATIVE to FLOWERING (health: 100.0%)
[2026-02-25 20:19:59.166] [INFO] [PLANT] Rose [PLANT-12] grew from VEGETATIVE to FLOWERING (health: 100.0%)
[2026-02-25 20:19:59.676] [INFO] [HEATING] Heater ON: Current 59.0°F ? adjusting +2.0°F (target: 65.0°F)
[2026-02-25 20:20:00.189] [INFO] [HEATING] Heater ON: Current 57.8°F ? adjusting +2.0°F (target: 65.0°F)
[2026-02-25 20:20:00.702] [INFO] [HEATING] Heater ON: Current 58.7°F ? adjusting +2.0°F (target: 65.0°F)
[2026-02-25 20:20:01.212] [INFO] [HEATING] Heater ON: Current 59.2°F ? adjusting +2.0°F (target: 65.0°F)
[2026-02-25 20:20:01.725] [INFO] [HEATING] Heater ON: Current 58.7°F ? adjusting +2.0°F (target: 65.0°F)
[2026-02-25 20:20:02.236] [INFO] [HEATING] Heater ON: Current 57.7°F ? adjusting +2.0°F (target: 65.0°F)
[2026-02-25 20:20:02.748] [INFO] [HEATING] Heater ON: Current 58.1°F ? adjusting +2.0°F (target: 65.0°F)
[2026-02-25 20:20:03.261] [INFO] [HEATING] Heater ON: Current 57.4°F ? adjusting +2.0°F (target: 65.0°F)
[2026-02-25 20:20:03.772] [INFO] [HEATING] Heater ON: Current 57.9°F ? adjusting +2.0°F (target: 65.0°F)
[2026-02-25 20:20:04.284] [INFO] [HEATING] Heater ON: Current 58.5°F ? adjusting +2.0°F (target: 65.0°F)
[2026-02-25 20:20:04.796] [INFO] [HEATING] Heater ON: Current 58.5°F ? adjusting +2.0°F (target: 65.0°F)
[2026-02-25 20:20:05.308] [INFO] [HEATING] Heater ON: Current 58.5°F ? adjusting +2.0°F (target: 65.0°F)
[2026-02-25 20:20:05.837] [INFO] [HEATING] Heater ON: Current 58.8°F ? adjusting +2.0°F (target: 65.0°F)
[2026-02-25 20:20:06.349] [INFO] [HEATING] Heater ON: Current 58.5°F ? adjusting +2.0°F (target: 65.0°F)
[2026-02-25 20:20:06.862] [INFO] [HEATING] Heater ON: Current 57.0°F ? adjusting +2.0°F (target: 65.0°F)
[2026-02-25 20:20:07.372] [INFO] [HEATING] Heater ON: Current 58.3°F ? adjusting +2.0°F (target: 65.0°F)
[2026-02-25 20:20:07.885] [INFO] [HEATING] Heater ON: Current 58.0°F ? adjusting +2.0°F (target: 65.0°F)
[2026-02-25 20:20:08.397] [INFO] [HEATING] Heater ON: Current 58.1°F ? adjusting +2.0°F (target: 65.0°F)
[2026-02-25 20:20:08.908] [INFO] [HEATING] Heater ON: Current 57.8°F ? adjusting +2.0°F (target: 65.0°F)
[2026-02-25 20:20:09.420] [INFO] [HEATING] Heater ON: Current 58.0°F ? adjusting +2.0°F (target: 65.0°F)
[2026-02-25 20:20:09.421] [INFO] [PLANT] Tomato [PLANT-1] grew from FLOWERING to FRUITING (health: 100.0%)
[2026-02-25 20:20:09.421] [INFO] [PLANT] Tomato [PLANT-2] grew from FLOWERING to FRUITING (health: 100.0%)
[2026-02-25 20:20:09.421] [INFO] [PLANT] Tomato [PLANT-3] grew from FLOWERING to FRUITING (health: 100.0%)
[2026-02-25 20:20:09.421] [INFO] [PLANT] Tomato [PLANT-4] grew from FLOWERING to FRUITING (health: 100.0%)
[2026-02-25 20:20:09.421] [INFO] [PLANT] Tomato [PLANT-5] grew from FLOWERING to FRUITING (health: 100.0%)
[2026-02-25 20:20:09.421] [INFO] [PLANT] Tomato [PLANT-6] grew from FLOWERING to FRUITING (health: 100.0%)
[2026-02-25 20:20:09.421] [INFO] [PLANT] Sunflower [PLANT-13] grew from FRUITING to MATURE (health: 100.0%)
[2026-02-25 20:20:09.421] [INFO] [PLANT] Sunflower [PLANT-14] grew from FRUITING to MATURE (health: 100.0%)
[2026-02-25 20:20:09.421] [INFO] [PLANT] Sunflower [PLANT-15] grew from FRUITING to MATURE (health: 100.0%)
[2026-02-25 20:20:09.421] [INFO] [PLANT] Sunflower [PLANT-16] grew from FRUITING to MATURE (health: 100.0%)
[2026-02-25 20:20:09.421] [INFO] [INSECT] Bee [INSECT-2] is pollinating Carrot at (13, 15)
[2026-02-25 20:20:09.421] [INFO] [INSECT] Bee [INSECT-2] is pollinating Carrot at (13, 17)
[2026-02-25 20:20:09.422] [INFO] [GARDEN] --- TICK 200 STATUS | Temp: 60.0°F | Light: 32 | Humidity: 78% | Plants: 37/37 alive | Insects: 4 (0 pests) ---
[2026-02-25 20:20:09.932] [INFO] [HEATING] Heater ON: Current 58.4°F ? adjusting +2.0°F (target: 65.0°F)
[2026-02-25 20:20:10.445] [INFO] [HEATING] Heater ON: Current 58.4°F ? adjusting +2.0°F (target: 65.0°F)
[2026-02-25 20:20:10.957] [INFO] [HEATING] Heater ON: Current 58.2°F ? adjusting +2.0°F (target: 65.0°F)
[2026-02-25 20:20:11.468] [INFO] [HEATING] Heater ON: Current 58.1°F ? adjusting +2.0°F (target: 65.0°F)
[2026-02-25 20:20:11.980] [INFO] [HEATING] Heater ON: Current 58.7°F ? adjusting +2.0°F (target: 65.0°F)
[2026-02-25 20:20:12.492] [INFO] [HEATING] Heater ON: Current 57.8°F ? adjusting +2.0°F (target: 65.0°F)
[2026-02-25 20:20:13.004] [INFO] [HEATING] Heater ON: Current 57.5°F ? adjusting +2.0°F (target: 65.0°F)
[2026-02-25 20:20:13.517] [INFO] [HEATING] Heater ON: Current 58.1°F ? adjusting +2.0°F (target: 65.0°F)
[2026-02-25 20:20:14.029] [INFO] [HEATING] Heater ON: Current 58.3°F ? adjusting +2.0°F (target: 65.0°F)
[2026-02-25 20:20:14.540] [INFO] [HEATING] Heater ON: Current 59.0°F ? adjusting +2.0°F (target: 65.0°F)
[2026-02-25 20:20:15.052] [INFO] [HEATING] Heater ON: Current 58.2°F ? adjusting +2.0°F (target: 65.0°F)
[2026-02-25 20:20:15.568] [INFO] [HEATING] Heater ON: Current 57.9°F ? adjusting +2.0°F (target: 65.0°F)
[2026-02-25 20:20:16.096] [INFO] [HEATING] Heater ON: Current 58.3°F ? adjusting +2.0°F (target: 65.0°F)
[2026-02-25 20:20:16.608] [INFO] [HEATING] Heater ON: Current 59.2°F ? adjusting +2.0°F (target: 65.0°F)
[2026-02-25 20:20:17.136] [INFO] [HEATING] Heater ON: Current 58.6°F ? adjusting +2.0°F (target: 65.0°F)
[2026-02-25 20:20:17.645] [INFO] [HEATING] Heater ON: Current 58.3°F ? adjusting +2.0°F (target: 65.0°F)
[2026-02-25 20:20:18.155] [INFO] [HEATING] Heater ON: Current 58.7°F ? adjusting +2.0°F (target: 65.0°F)
[2026-02-25 20:20:18.667] [INFO] [HEATING] Heater ON: Current 59.1°F ? adjusting +2.0°F (target: 65.0°F)
[2026-02-25 20:20:19.176] [INFO] [HEATING] Heater ON: Current 59.5°F ? adjusting +2.0°F (target: 65.0°F)
[2026-02-25 20:20:19.683] [INFO] [HEATING] Heater ON: Current 58.8°F ? adjusting +2.0°F (target: 65.0°F)
[2026-02-25 20:20:19.684] [INFO] [PLANT] Carrot [PLANT-17] grew from FLOWERING to FRUITING (health: 100.0%)
[2026-02-25 20:20:19.684] [INFO] [PLANT] Carrot [PLANT-19] grew from FLOWERING to FRUITING (health: 100.0%)
[2026-02-25 20:20:19.684] [INFO] [PLANT] Carrot [PLANT-21] grew from FLOWERING to FRUITING (health: 100.0%)
[2026-02-25 20:20:19.684] [INFO] [PLANT] Carrot [PLANT-23] grew from FLOWERING to FRUITING (health: 100.0%)
[2026-02-25 20:20:19.684] [INFO] [PLANT] Carrot [PLANT-25] grew from FLOWERING to FRUITING (health: 100.0%)
[2026-02-25 20:20:19.684] [INFO] [PLANT] Carrot [PLANT-27] grew from FLOWERING to FRUITING (health: 100.0%)
[2026-02-25 20:20:19.684] [INFO] [PLANT] Carrot [PLANT-29] grew from FLOWERING to FRUITING (health: 100.0%)
[2026-02-25 20:20:19.684] [INFO] [PLANT] Carrot [PLANT-31] grew from FLOWERING to FRUITING (health: 100.0%)
[2026-02-25 20:20:19.684] [INFO] [PLANT] Carrot [PLANT-33] grew from FLOWERING to FRUITING (health: 100.0%)
[2026-02-25 20:20:20.193] [INFO] [HEATING] Heater ON: Current 60.0°F ? adjusting +2.0°F (target: 65.0°F)
[2026-02-25 20:20:20.717] [INFO] [HEATING] Heater ON: Current 59.1°F ? adjusting +2.0°F (target: 65.0°F)
[2026-02-25 20:20:21.222] [INFO] [HEATING] Heater ON: Current 60.4°F ? adjusting +2.0°F (target: 65.0°F)
[2026-02-25 20:20:21.731] [INFO] [HEATING] Heater ON: Current 60.4°F ? adjusting +2.0°F (target: 65.0°F)
[2026-02-25 20:20:22.243] [INFO] [HEATING] Heater ON: Current 59.9°F ? adjusting +2.0°F (target: 65.0°F)
[2026-02-25 20:20:22.758] [INFO] [HEATING] Heater ON: Current 61.0°F ? adjusting +2.0°F (target: 65.0°F)
[2026-02-25 20:20:23.273] [INFO] [HEATING] Heater ON: Current 60.4°F ? adjusting +2.0°F (target: 65.0°F)
[2026-02-25 20:20:23.786] [INFO] [SENSOR] Light Sensor [SENSOR-13] returned to normal: 20.5 lux
[2026-02-25 20:20:23.786] [INFO] [HEATING] Heater ON: Current 59.5°F ? adjusting +2.0°F (target: 65.0°F)
[2026-02-25 20:20:24.299] [INFO] [SENSOR] Light Sensor [SENSOR-14] returned to normal: 22.2 lux
[2026-02-25 20:20:24.300] [INFO] [HEATING] Heater ON: Current 60.2°F ? adjusting +2.0°F (target: 65.0°F)
[2026-02-25 20:20:24.813] [INFO] [HEATING] Heater ON: Current 60.8°F ? adjusting +2.0°F (target: 65.0°F)
[2026-02-25 20:20:25.325] [INFO] [HEATING] Heater ON: Current 61.4°F ? adjusting +2.0°F (target: 65.0°F)
[2026-02-25 20:20:25.826] [INFO] [HEATING] Heater ON: Current 61.1°F ? adjusting +2.0°F (target: 65.0°F)
[2026-02-25 20:20:26.340] [INFO] [HEATING] Heater ON: Current 61.5°F ? adjusting +2.0°F (target: 65.0°F)
[2026-02-25 20:20:26.856] [INFO] [HEATING] Heater ON: Current 61.6°F ? adjusting +2.0°F (target: 65.0°F)
[2026-02-25 20:20:27.369] [INFO] [HEATING] Heater ON: Current 60.8°F ? adjusting +2.0°F (target: 65.0°F)
[2026-02-25 20:20:27.882] [INFO] [HEATING] Heater ON: Current 61.7°F ? adjusting +2.0°F (target: 65.0°F)
[2026-02-25 20:20:28.391] [INFO] [HEATING] Heater ON: Current 62.3°F ? adjusting +2.0°F (target: 65.0°F)
[2026-02-25 20:20:28.906] [INFO] [HEATING] Climate control OFF: 63.1°F is within target range
[2026-02-25 20:20:29.415] [INFO] [HEATING] Heater ON: Current 62.3°F ? adjusting +2.0°F (target: 65.0°F)
[2026-02-25 20:20:29.925] [INFO] [HEATING] Climate control OFF: 63.0°F is within target range
[2026-02-25 20:20:29.925] [INFO] [PLANT] Rose [PLANT-7] grew from FLOWERING to FRUITING (health: 100.0%)
[2026-02-25 20:20:29.925] [INFO] [PLANT] Rose [PLANT-8] grew from FLOWERING to FRUITING (health: 100.0%)
[2026-02-25 20:20:29.925] [INFO] [PLANT] Rose [PLANT-9] grew from FLOWERING to FRUITING (health: 100.0%)
[2026-02-25 20:20:29.925] [INFO] [PLANT] Rose [PLANT-10] grew from FLOWERING to FRUITING (health: 100.0%)
[2026-02-25 20:20:29.925] [INFO] [PLANT] Rose [PLANT-11] grew from FLOWERING to FRUITING (health: 100.0%)
[2026-02-25 20:20:29.925] [INFO] [PLANT] Rose [PLANT-12] grew from FLOWERING to FRUITING (health: 100.0%)
[2026-02-25 20:20:29.925] [INFO] [PLANT] Cactus [PLANT-35] grew from VEGETATIVE to FLOWERING (health: 100.0%)
[2026-02-25 20:20:29.926] [INFO] [PLANT] Cactus [PLANT-36] grew from VEGETATIVE to FLOWERING (health: 100.0%)
[2026-02-25 20:20:29.926] [INFO] [PLANT] Cactus [PLANT-37] grew from VEGETATIVE to FLOWERING (health: 100.0%)
[2026-02-25 20:20:29.926] [INFO] [INSECT] Aphid [INSECT-9] (PEST) appeared at (19, 8)
[2026-02-25 20:20:30.941] [INFO] [HEATING] Heater ON: Current 62.9°F ? adjusting +2.0°F (target: 65.0°F)
[2026-02-25 20:20:30.941] [INFO] [PLANT] Cactus [PLANT-36] took 0.2 pest damage (resistance: 80%). Health: 99.8%
[2026-02-25 20:20:31.454] [INFO] [HEATING] Heater ON: Current 63.0°F ? adjusting +2.0°F (target: 65.0°F)
[2026-02-25 20:20:31.964] [INFO] [HEATING] Climate control OFF: 63.2°F is within target range
[2026-02-25 20:20:31.965] [INFO] [PLANT] Cactus [PLANT-36] took 0.2 pest damage (resistance: 80%). Health: 99.8%
[2026-02-25 20:20:32.476] [INFO] [PEST_CONTROL] Activating TARGETED pest control! 1 pests detected.
[2026-02-25 20:20:32.476] [INFO] [INSECT] Aphid [INSECT-9] died. Reason: Targeted pest control
[2026-02-25 20:20:32.476] [INFO] [PEST_CONTROL] Targeted method: 1 pests eliminated. Beneficials safe.
[2026-02-25 20:20:34.951] [INFO] [APPLICATION] Simulation STOPPED.
[2026-02-25 20:20:34.951] [INFO] [APPLICATION] Garden Simulation shutting down gracefully.

============================================================
Log closed: 2026-02-25 20:20:34.951
